{"/Users/lumberman/GitHub/CruVokeRN/src/domain/Account/containers/AccountBlocked/index.tsx": {"path":"/Users/lumberman/GitHub/CruVokeRN/src/domain/Account/containers/AccountBlocked/index.tsx","statementMap":{"0":{"start":{"line":16,"column":23},"end":{"line":49,"column":1}},"1":{"start":{"line":17,"column":16},"end":{"line":17,"column":39}},"2":{"start":{"line":19,"column":2},"end":{"line":21,"column":5}},"3":{"start":{"line":20,"column":4},"end":{"line":20,"column":21}},"4":{"start":{"line":23,"column":18},"end":{"line":30,"column":3}},"5":{"start":{"line":24,"column":4},"end":{"line":29,"column":11}},"6":{"start":{"line":25,"column":36},"end":{"line":25,"column":77}},"7":{"start":{"line":32,"column":2},"end":{"line":48,"column":4}}},"fnMap":{"0":{"name":"(anonymous_0)","decl":{"start":{"line":16,"column":23},"end":{"line":16,"column":24}},"loc":{"start":{"line":16,"column":49},"end":{"line":49,"column":1}},"line":16},"1":{"name":"(anonymous_1)","decl":{"start":{"line":19,"column":11},"end":{"line":19,"column":12}},"loc":{"start":{"line":19,"column":17},"end":{"line":21,"column":3}},"line":19},"2":{"name":"(anonymous_2)","decl":{"start":{"line":23,"column":18},"end":{"line":23,"column":19}},"loc":{"start":{"line":24,"column":4},"end":{"line":29,"column":11}},"line":24},"3":{"name":"(anonymous_3)","decl":{"start":{"line":25,"column":15},"end":{"line":25,"column":16}},"loc":{"start":{"line":25,"column":36},"end":{"line":25,"column":77}},"line":25}},"branchMap":{},"s":{"0":0,"1":0,"2":0,"3":0,"4":0,"5":0,"6":0,"7":0},"f":{"0":0,"1":0,"2":0,"3":0},"b":{}}
,"/Users/lumberman/GitHub/CruVokeRN/src/domain/Account/containers/AccountBlocked/styles.ts": {"path":"/Users/lumberman/GitHub/CruVokeRN/src/domain/Account/containers/AccountBlocked/styles.ts","statementMap":{"0":{"start":{"line":4,"column":59},"end":{"line":33,"column":1}}},"fnMap":{},"branchMap":{"0":{"loc":{"start":{"line":8,"column":6},"end":{"line":8,"column":72}},"type":"cond-expr","locations":[{"start":{"line":8,"column":34},"end":{"line":8,"column":52}},{"start":{"line":8,"column":55},"end":{"line":8,"column":72}}],"line":8}},"s":{"0":0},"f":{},"b":{"0":[0,0]}}
,"/Users/lumberman/GitHub/CruVokeRN/src/domain/Account/containers/AccountCreate/index.tsx": {"path":"/Users/lumberman/GitHub/CruVokeRN/src/domain/Account/containers/AccountCreate/index.tsx","statementMap":{"0":{"start":{"line":60,"column":22},"end":{"line":276,"column":1}},"1":{"start":{"line":62,"column":4},"end":{"line":62,"column":28}},"2":{"start":{"line":63,"column":16},"end":{"line":63,"column":40}},"3":{"start":{"line":64,"column":17},"end":{"line":64,"column":30}},"4":{"start":{"line":65,"column":21},"end":{"line":65,"column":36}},"5":{"start":{"line":66,"column":19},"end":{"line":66,"column":32}},"6":{"start":{"line":68,"column":20},"end":{"line":68,"column":71}},"7":{"start":{"line":68,"column":51},"end":{"line":68,"column":70}},"8":{"start":{"line":69,"column":19},"end":{"line":69,"column":69}},"9":{"start":{"line":69,"column":50},"end":{"line":69,"column":68}},"10":{"start":{"line":71,"column":28},"end":{"line":71,"column":40}},"11":{"start":{"line":72,"column":38},"end":{"line":72,"column":53}},"12":{"start":{"line":73,"column":34},"end":{"line":73,"column":46}},"13":{"start":{"line":74,"column":36},"end":{"line":74,"column":51}},"14":{"start":{"line":76,"column":22},"end":{"line":76,"column":45}},"15":{"start":{"line":79,"column":19},"end":{"line":79,"column":32}},"16":{"start":{"line":81,"column":22},"end":{"line":81,"column":53}},"17":{"start":{"line":82,"column":23},"end":{"line":82,"column":40}},"18":{"start":{"line":83,"column":28},"end":{"line":83,"column":52}},"19":{"start":{"line":87,"column":4},"end":{"line":89,"column":26}},"20":{"start":{"line":92,"column":2},"end":{"line":94,"column":5}},"21":{"start":{"line":93,"column":4},"end":{"line":93,"column":21}},"22":{"start":{"line":96,"column":21},"end":{"line":102,"column":3}},"23":{"start":{"line":97,"column":28},"end":{"line":97,"column":60}},"24":{"start":{"line":98,"column":4},"end":{"line":100,"column":5}},"25":{"start":{"line":99,"column":6},"end":{"line":99,"column":26}},"26":{"start":{"line":101,"column":4},"end":{"line":101,"column":19}},"27":{"start":{"line":104,"column":19},"end":{"line":142,"column":3}},"28":{"start":{"line":106,"column":4},"end":{"line":141,"column":5}},"29":{"start":{"line":107,"column":6},"end":{"line":107,"column":25}},"30":{"start":{"line":109,"column":6},"end":{"line":137,"column":7}},"31":{"start":{"line":110,"column":8},"end":{"line":125,"column":10}},"32":{"start":{"line":126,"column":8},"end":{"line":126,"column":28}},"33":{"start":{"line":127,"column":8},"end":{"line":131,"column":9}},"34":{"start":{"line":128,"column":10},"end":{"line":128,"column":23}},"35":{"start":{"line":130,"column":10},"end":{"line":130,"column":48}},"36":{"start":{"line":133,"column":8},"end":{"line":133,"column":28}},"37":{"start":{"line":135,"column":8},"end":{"line":135,"column":69}},"38":{"start":{"line":136,"column":8},"end":{"line":136,"column":77}},"39":{"start":{"line":139,"column":6},"end":{"line":139,"column":26}},"40":{"start":{"line":140,"column":6},"end":{"line":140,"column":61}},"41":{"start":{"line":144,"column":2},"end":{"line":275,"column":4}},"42":{"start":{"line":177,"column":39},"end":{"line":177,"column":68}},"43":{"start":{"line":188,"column":12},"end":{"line":196,"column":13}},"44":{"start":{"line":191,"column":14},"end":{"line":195,"column":22}},"45":{"start":{"line":192,"column":16},"end":{"line":194,"column":67}},"46":{"start":{"line":206,"column":48},"end":{"line":206,"column":65}},"47":{"start":{"line":211,"column":48},"end":{"line":211,"column":58}},"48":{"start":{"line":233,"column":40},"end":{"line":233,"column":50}},"49":{"start":{"line":260,"column":35},"end":{"line":260,"column":78}},"50":{"start":{"line":267,"column":35},"end":{"line":267,"column":76}}},"fnMap":{"0":{"name":"(anonymous_0)","decl":{"start":{"line":60,"column":22},"end":{"line":60,"column":23}},"loc":{"start":{"line":60,"column":60},"end":{"line":276,"column":1}},"line":60},"1":{"name":"(anonymous_1)","decl":{"start":{"line":68,"column":32},"end":{"line":68,"column":33}},"loc":{"start":{"line":68,"column":51},"end":{"line":68,"column":70}},"line":68},"2":{"name":"(anonymous_2)","decl":{"start":{"line":69,"column":31},"end":{"line":69,"column":32}},"loc":{"start":{"line":69,"column":50},"end":{"line":69,"column":68}},"line":69},"3":{"name":"(anonymous_3)","decl":{"start":{"line":92,"column":11},"end":{"line":92,"column":12}},"loc":{"start":{"line":92,"column":17},"end":{"line":94,"column":3}},"line":92},"4":{"name":"(anonymous_4)","decl":{"start":{"line":96,"column":21},"end":{"line":96,"column":22}},"loc":{"start":{"line":96,"column":45},"end":{"line":102,"column":3}},"line":96},"5":{"name":"(anonymous_5)","decl":{"start":{"line":104,"column":19},"end":{"line":104,"column":20}},"loc":{"start":{"line":104,"column":46},"end":{"line":142,"column":3}},"line":104},"6":{"name":"(anonymous_6)","decl":{"start":{"line":177,"column":27},"end":{"line":177,"column":28}},"loc":{"start":{"line":177,"column":39},"end":{"line":177,"column":68}},"line":177},"7":{"name":"(anonymous_7)","decl":{"start":{"line":187,"column":19},"end":{"line":187,"column":20}},"loc":{"start":{"line":187,"column":25},"end":{"line":197,"column":11}},"line":187},"8":{"name":"(anonymous_8)","decl":{"start":{"line":191,"column":25},"end":{"line":191,"column":26}},"loc":{"start":{"line":191,"column":31},"end":{"line":195,"column":15}},"line":191},"9":{"name":"(anonymous_9)","decl":{"start":{"line":206,"column":24},"end":{"line":206,"column":25}},"loc":{"start":{"line":206,"column":48},"end":{"line":206,"column":65}},"line":206},"10":{"name":"(anonymous_10)","decl":{"start":{"line":211,"column":27},"end":{"line":211,"column":28}},"loc":{"start":{"line":211,"column":48},"end":{"line":211,"column":58}},"line":211},"11":{"name":"(anonymous_11)","decl":{"start":{"line":233,"column":19},"end":{"line":233,"column":20}},"loc":{"start":{"line":233,"column":40},"end":{"line":233,"column":50}},"line":233},"12":{"name":"(anonymous_12)","decl":{"start":{"line":260,"column":23},"end":{"line":260,"column":24}},"loc":{"start":{"line":260,"column":35},"end":{"line":260,"column":78}},"line":260},"13":{"name":"(anonymous_13)","decl":{"start":{"line":267,"column":23},"end":{"line":267,"column":24}},"loc":{"start":{"line":267,"column":35},"end":{"line":267,"column":76}},"line":267}},"branchMap":{"0":{"loc":{"start":{"line":61,"column":42},"end":{"line":61,"column":60}},"type":"default-arg","locations":[{"start":{"line":61,"column":55},"end":{"line":61,"column":60}}],"line":61},"1":{"loc":{"start":{"line":62,"column":4},"end":{"line":62,"column":28}},"type":"binary-expr","locations":[{"start":{"line":62,"column":4},"end":{"line":62,"column":22}},{"start":{"line":62,"column":26},"end":{"line":62,"column":28}}],"line":62},"2":{"loc":{"start":{"line":98,"column":4},"end":{"line":100,"column":5}},"type":"if","locations":[{"start":{"line":98,"column":4},"end":{"line":100,"column":5}},{"start":{"line":98,"column":4},"end":{"line":100,"column":5}}],"line":98},"3":{"loc":{"start":{"line":106,"column":4},"end":{"line":141,"column":5}},"type":"if","locations":[{"start":{"line":106,"column":4},"end":{"line":141,"column":5}},{"start":{"line":106,"column":4},"end":{"line":141,"column":5}}],"line":106},"4":{"loc":{"start":{"line":106,"column":8},"end":{"line":106,"column":41}},"type":"binary-expr","locations":[{"start":{"line":106,"column":8},"end":{"line":106,"column":18}},{"start":{"line":106,"column":22},"end":{"line":106,"column":41}}],"line":106},"5":{"loc":{"start":{"line":127,"column":8},"end":{"line":131,"column":9}},"type":"if","locations":[{"start":{"line":127,"column":8},"end":{"line":131,"column":9}},{"start":{"line":127,"column":8},"end":{"line":131,"column":9}}],"line":127},"6":{"loc":{"start":{"line":136,"column":20},"end":{"line":136,"column":75}},"type":"cond-expr","locations":[{"start":{"line":136,"column":42},"end":{"line":136,"column":61}},{"start":{"line":136,"column":64},"end":{"line":136,"column":75}}],"line":136},"7":{"loc":{"start":{"line":147,"column":7},"end":{"line":170,"column":7}},"type":"cond-expr","locations":[{"start":{"line":148,"column":8},"end":{"line":167,"column":11}},{"start":{"line":169,"column":8},"end":{"line":169,"column":56}}],"line":147},"8":{"loc":{"start":{"line":151,"column":23},"end":{"line":151,"column":63}},"type":"cond-expr","locations":[{"start":{"line":151,"column":48},"end":{"line":151,"column":54}},{"start":{"line":151,"column":57},"end":{"line":151,"column":63}}],"line":151},"9":{"loc":{"start":{"line":158,"column":25},"end":{"line":158,"column":55}},"type":"cond-expr","locations":[{"start":{"line":158,"column":50},"end":{"line":158,"column":51}},{"start":{"line":158,"column":54},"end":{"line":158,"column":55}}],"line":158},"10":{"loc":{"start":{"line":164,"column":11},"end":{"line":166,"column":11}},"type":"binary-expr","locations":[{"start":{"line":164,"column":11},"end":{"line":164,"column":33}},{"start":{"line":165,"column":12},"end":{"line":165,"column":61}}],"line":164},"11":{"loc":{"start":{"line":188,"column":12},"end":{"line":196,"column":13}},"type":"if","locations":[{"start":{"line":188,"column":12},"end":{"line":196,"column":13}},{"start":{"line":188,"column":12},"end":{"line":196,"column":13}}],"line":188},"12":{"loc":{"start":{"line":188,"column":16},"end":{"line":188,"column":74}},"type":"binary-expr","locations":[{"start":{"line":188,"column":16},"end":{"line":188,"column":37}},{"start":{"line":188,"column":41},"end":{"line":188,"column":62}},{"start":{"line":188,"column":66},"end":{"line":188,"column":74}}],"line":188}},"s":{"0":0,"1":0,"2":0,"3":0,"4":0,"5":0,"6":0,"7":0,"8":0,"9":0,"10":0,"11":0,"12":0,"13":0,"14":0,"15":0,"16":0,"17":0,"18":0,"19":0,"20":0,"21":0,"22":0,"23":0,"24":0,"25":0,"26":0,"27":0,"28":0,"29":0,"30":0,"31":0,"32":0,"33":0,"34":0,"35":0,"36":0,"37":0,"38":0,"39":0,"40":0,"41":0,"42":0,"43":0,"44":0,"45":0,"46":0,"47":0,"48":0,"49":0,"50":0},"f":{"0":0,"1":0,"2":0,"3":0,"4":0,"5":0,"6":0,"7":0,"8":0,"9":0,"10":0,"11":0,"12":0,"13":0},"b":{"0":[0],"1":[0,0],"2":[0,0],"3":[0,0],"4":[0,0],"5":[0,0],"6":[0,0],"7":[0,0],"8":[0,0],"9":[0,0],"10":[0,0],"11":[0,0],"12":[0,0,0]}}
,"/Users/lumberman/GitHub/CruVokeRN/src/domain/Account/containers/AccountCreate/styles.ts": {"path":"/Users/lumberman/GitHub/CruVokeRN/src/domain/Account/containers/AccountCreate/styles.ts","statementMap":{"0":{"start":{"line":5,"column":39},"end":{"line":73,"column":1}}},"fnMap":{},"branchMap":{},"s":{"0":0},"f":{},"b":{}}
,"/Users/lumberman/GitHub/CruVokeRN/src/domain/Account/containers/AccountEmail/index.tsx": {"path":"/Users/lumberman/GitHub/CruVokeRN/src/domain/Account/containers/AccountEmail/index.tsx","statementMap":{"0":{"start":{"line":30,"column":35},"end":{"line":255,"column":1}},"1":{"start":{"line":31,"column":17},"end":{"line":31,"column":30}},"2":{"start":{"line":32,"column":21},"end":{"line":32,"column":36}},"3":{"start":{"line":33,"column":19},"end":{"line":33,"column":32}},"4":{"start":{"line":35,"column":28},"end":{"line":35,"column":40}},"5":{"start":{"line":36,"column":42},"end":{"line":36,"column":54}},"6":{"start":{"line":37,"column":34},"end":{"line":37,"column":46}},"7":{"start":{"line":38,"column":38},"end":{"line":38,"column":53}},"8":{"start":{"line":39,"column":36},"end":{"line":39,"column":51}},"9":{"start":{"line":40,"column":16},"end":{"line":47,"column":4}},"10":{"start":{"line":48,"column":36},"end":{"line":48,"column":47}},"11":{"start":{"line":50,"column":19},"end":{"line":50,"column":42}},"12":{"start":{"line":51,"column":26},"end":{"line":51,"column":49}},"13":{"start":{"line":52,"column":22},"end":{"line":52,"column":45}},"14":{"start":{"line":54,"column":19},"end":{"line":54,"column":32}},"15":{"start":{"line":56,"column":2},"end":{"line":62,"column":31}},"16":{"start":{"line":57,"column":4},"end":{"line":61,"column":5}},"17":{"start":{"line":58,"column":6},"end":{"line":58,"column":24}},"18":{"start":{"line":60,"column":6},"end":{"line":60,"column":22}},"19":{"start":{"line":64,"column":2},"end":{"line":67,"column":5}},"20":{"start":{"line":65,"column":4},"end":{"line":65,"column":21}},"21":{"start":{"line":66,"column":4},"end":{"line":66,"column":31}},"22":{"start":{"line":69,"column":21},"end":{"line":75,"column":3}},"23":{"start":{"line":70,"column":28},"end":{"line":70,"column":60}},"24":{"start":{"line":71,"column":4},"end":{"line":73,"column":5}},"25":{"start":{"line":72,"column":6},"end":{"line":72,"column":26}},"26":{"start":{"line":74,"column":4},"end":{"line":74,"column":19}},"27":{"start":{"line":77,"column":15},"end":{"line":123,"column":3}},"28":{"start":{"line":78,"column":28},"end":{"line":78,"column":61}},"29":{"start":{"line":79,"column":35},"end":{"line":79,"column":75}},"30":{"start":{"line":81,"column":4},"end":{"line":122,"column":5}},"31":{"start":{"line":82,"column":6},"end":{"line":82,"column":47}},"32":{"start":{"line":83,"column":6},"end":{"line":83,"column":13}},"33":{"start":{"line":84,"column":11},"end":{"line":122,"column":5}},"34":{"start":{"line":85,"column":6},"end":{"line":85,"column":44}},"35":{"start":{"line":86,"column":6},"end":{"line":86,"column":13}},"36":{"start":{"line":87,"column":11},"end":{"line":122,"column":5}},"37":{"start":{"line":89,"column":6},"end":{"line":89,"column":48}},"38":{"start":{"line":90,"column":6},"end":{"line":90,"column":13}},"39":{"start":{"line":92,"column":6},"end":{"line":92,"column":25}},"40":{"start":{"line":94,"column":19},"end":{"line":102,"column":7}},"41":{"start":{"line":104,"column":6},"end":{"line":121,"column":7}},"42":{"start":{"line":105,"column":23},"end":{"line":105,"column":53}},"43":{"start":{"line":114,"column":8},"end":{"line":114,"column":28}},"44":{"start":{"line":115,"column":8},"end":{"line":115,"column":46}},"45":{"start":{"line":118,"column":8},"end":{"line":118,"column":63}},"46":{"start":{"line":119,"column":8},"end":{"line":119,"column":52}},"47":{"start":{"line":120,"column":8},"end":{"line":120,"column":28}},"48":{"start":{"line":125,"column":2},"end":{"line":254,"column":4}},"49":{"start":{"line":169,"column":45},"end":{"line":169,"column":78}},"50":{"start":{"line":188,"column":54},"end":{"line":188,"column":75}},"51":{"start":{"line":189,"column":45},"end":{"line":189,"column":74}},"52":{"start":{"line":195,"column":45},"end":{"line":195,"column":74}},"53":{"start":{"line":205,"column":54},"end":{"line":205,"column":71}},"54":{"start":{"line":210,"column":54},"end":{"line":210,"column":60}},"55":{"start":{"line":240,"column":46},"end":{"line":240,"column":52}}},"fnMap":{"0":{"name":"(anonymous_0)","decl":{"start":{"line":30,"column":35},"end":{"line":30,"column":36}},"loc":{"start":{"line":30,"column":61},"end":{"line":255,"column":1}},"line":30},"1":{"name":"(anonymous_1)","decl":{"start":{"line":56,"column":12},"end":{"line":56,"column":13}},"loc":{"start":{"line":56,"column":18},"end":{"line":62,"column":3}},"line":56},"2":{"name":"(anonymous_2)","decl":{"start":{"line":64,"column":11},"end":{"line":64,"column":12}},"loc":{"start":{"line":64,"column":17},"end":{"line":67,"column":3}},"line":64},"3":{"name":"(anonymous_3)","decl":{"start":{"line":69,"column":21},"end":{"line":69,"column":22}},"loc":{"start":{"line":69,"column":45},"end":{"line":75,"column":3}},"line":69},"4":{"name":"(anonymous_4)","decl":{"start":{"line":77,"column":15},"end":{"line":77,"column":16}},"loc":{"start":{"line":77,"column":42},"end":{"line":123,"column":3}},"line":77},"5":{"name":"(anonymous_5)","decl":{"start":{"line":169,"column":33},"end":{"line":169,"column":34}},"loc":{"start":{"line":169,"column":45},"end":{"line":169,"column":78}},"line":169},"6":{"name":"(anonymous_6)","decl":{"start":{"line":188,"column":30},"end":{"line":188,"column":31}},"loc":{"start":{"line":188,"column":54},"end":{"line":188,"column":75}},"line":188},"7":{"name":"(anonymous_7)","decl":{"start":{"line":189,"column":33},"end":{"line":189,"column":34}},"loc":{"start":{"line":189,"column":45},"end":{"line":189,"column":74}},"line":189},"8":{"name":"(anonymous_8)","decl":{"start":{"line":195,"column":33},"end":{"line":195,"column":34}},"loc":{"start":{"line":195,"column":45},"end":{"line":195,"column":74}},"line":195},"9":{"name":"(anonymous_9)","decl":{"start":{"line":205,"column":30},"end":{"line":205,"column":31}},"loc":{"start":{"line":205,"column":54},"end":{"line":205,"column":71}},"line":205},"10":{"name":"(anonymous_10)","decl":{"start":{"line":210,"column":33},"end":{"line":210,"column":34}},"loc":{"start":{"line":210,"column":54},"end":{"line":210,"column":60}},"line":210},"11":{"name":"(anonymous_11)","decl":{"start":{"line":240,"column":25},"end":{"line":240,"column":26}},"loc":{"start":{"line":240,"column":46},"end":{"line":240,"column":52}},"line":240}},"branchMap":{"0":{"loc":{"start":{"line":57,"column":4},"end":{"line":61,"column":5}},"type":"if","locations":[{"start":{"line":57,"column":4},"end":{"line":61,"column":5}},{"start":{"line":57,"column":4},"end":{"line":61,"column":5}}],"line":57},"1":{"loc":{"start":{"line":71,"column":4},"end":{"line":73,"column":5}},"type":"if","locations":[{"start":{"line":71,"column":4},"end":{"line":73,"column":5}},{"start":{"line":71,"column":4},"end":{"line":73,"column":5}}],"line":71},"2":{"loc":{"start":{"line":81,"column":4},"end":{"line":122,"column":5}},"type":"if","locations":[{"start":{"line":81,"column":4},"end":{"line":122,"column":5}},{"start":{"line":81,"column":4},"end":{"line":122,"column":5}}],"line":81},"3":{"loc":{"start":{"line":81,"column":8},"end":{"line":81,"column":51}},"type":"binary-expr","locations":[{"start":{"line":81,"column":8},"end":{"line":81,"column":24}},{"start":{"line":81,"column":28},"end":{"line":81,"column":51}}],"line":81},"4":{"loc":{"start":{"line":84,"column":11},"end":{"line":122,"column":5}},"type":"if","locations":[{"start":{"line":84,"column":11},"end":{"line":122,"column":5}},{"start":{"line":84,"column":11},"end":{"line":122,"column":5}}],"line":84},"5":{"loc":{"start":{"line":87,"column":11},"end":{"line":122,"column":5}},"type":"if","locations":[{"start":{"line":87,"column":11},"end":{"line":122,"column":5}},{"start":{"line":87,"column":11},"end":{"line":122,"column":5}}],"line":87},"6":{"loc":{"start":{"line":127,"column":16},"end":{"line":127,"column":61}},"type":"cond-expr","locations":[{"start":{"line":127,"column":40},"end":{"line":127,"column":49}},{"start":{"line":127,"column":52},"end":{"line":127,"column":61}}],"line":127},"7":{"loc":{"start":{"line":139,"column":21},"end":{"line":139,"column":61}},"type":"cond-expr","locations":[{"start":{"line":139,"column":46},"end":{"line":139,"column":52}},{"start":{"line":139,"column":55},"end":{"line":139,"column":61}}],"line":139},"8":{"loc":{"start":{"line":248,"column":31},"end":{"line":248,"column":73}},"type":"cond-expr","locations":[{"start":{"line":248,"column":56},"end":{"line":248,"column":57}},{"start":{"line":248,"column":60},"end":{"line":248,"column":73}}],"line":248}},"s":{"0":0,"1":0,"2":0,"3":0,"4":0,"5":0,"6":0,"7":0,"8":0,"9":0,"10":0,"11":0,"12":0,"13":0,"14":0,"15":0,"16":0,"17":0,"18":0,"19":0,"20":0,"21":0,"22":0,"23":0,"24":0,"25":0,"26":0,"27":0,"28":0,"29":0,"30":0,"31":0,"32":0,"33":0,"34":0,"35":0,"36":0,"37":0,"38":0,"39":0,"40":0,"41":0,"42":0,"43":0,"44":0,"45":0,"46":0,"47":0,"48":0,"49":0,"50":0,"51":0,"52":0,"53":0,"54":0,"55":0},"f":{"0":0,"1":0,"2":0,"3":0,"4":0,"5":0,"6":0,"7":0,"8":0,"9":0,"10":0,"11":0},"b":{"0":[0,0],"1":[0,0],"2":[0,0],"3":[0,0],"4":[0,0],"5":[0,0],"6":[0,0],"7":[0,0],"8":[0,0]}}
,"/Users/lumberman/GitHub/CruVokeRN/src/domain/Account/containers/AccountEmail/styles.ts": {"path":"/Users/lumberman/GitHub/CruVokeRN/src/domain/Account/containers/AccountEmail/styles.ts","statementMap":{"0":{"start":{"line":5,"column":39},"end":{"line":79,"column":1}}},"fnMap":{},"branchMap":{},"s":{"0":0},"f":{},"b":{}}
,"/Users/lumberman/GitHub/CruVokeRN/src/domain/Account/containers/AccountForgotPassword/index.tsx": {"path":"/Users/lumberman/GitHub/CruVokeRN/src/domain/Account/containers/AccountForgotPassword/index.tsx","statementMap":{"0":{"start":{"line":29,"column":40},"end":{"line":171,"column":1}},"1":{"start":{"line":30,"column":17},"end":{"line":30,"column":30}},"2":{"start":{"line":31,"column":21},"end":{"line":31,"column":36}},"3":{"start":{"line":32,"column":19},"end":{"line":32,"column":32}},"4":{"start":{"line":33,"column":28},"end":{"line":33,"column":40}},"5":{"start":{"line":34,"column":38},"end":{"line":34,"column":53}},"6":{"start":{"line":35,"column":16},"end":{"line":35,"column":63}},"7":{"start":{"line":36,"column":22},"end":{"line":36,"column":45}},"8":{"start":{"line":39,"column":19},"end":{"line":39,"column":32}},"9":{"start":{"line":41,"column":2},"end":{"line":43,"column":5}},"10":{"start":{"line":42,"column":4},"end":{"line":42,"column":21}},"11":{"start":{"line":45,"column":21},"end":{"line":51,"column":3}},"12":{"start":{"line":46,"column":28},"end":{"line":46,"column":60}},"13":{"start":{"line":47,"column":4},"end":{"line":49,"column":5}},"14":{"start":{"line":48,"column":6},"end":{"line":48,"column":26}},"15":{"start":{"line":50,"column":4},"end":{"line":50,"column":19}},"16":{"start":{"line":53,"column":23},"end":{"line":59,"column":3}},"17":{"start":{"line":54,"column":4},"end":{"line":58,"column":7}},"18":{"start":{"line":55,"column":6},"end":{"line":57,"column":9}},"19":{"start":{"line":56,"column":37},"end":{"line":56,"column":56}},"20":{"start":{"line":61,"column":2},"end":{"line":170,"column":4}},"21":{"start":{"line":156,"column":29},"end":{"line":156,"column":56}}},"fnMap":{"0":{"name":"(anonymous_0)","decl":{"start":{"line":29,"column":40},"end":{"line":29,"column":41}},"loc":{"start":{"line":29,"column":66},"end":{"line":171,"column":1}},"line":29},"1":{"name":"(anonymous_1)","decl":{"start":{"line":41,"column":11},"end":{"line":41,"column":12}},"loc":{"start":{"line":41,"column":17},"end":{"line":43,"column":3}},"line":41},"2":{"name":"(anonymous_2)","decl":{"start":{"line":45,"column":21},"end":{"line":45,"column":22}},"loc":{"start":{"line":45,"column":39},"end":{"line":51,"column":3}},"line":45},"3":{"name":"(anonymous_3)","decl":{"start":{"line":53,"column":23},"end":{"line":53,"column":24}},"loc":{"start":{"line":53,"column":35},"end":{"line":59,"column":3}},"line":53},"4":{"name":"(anonymous_4)","decl":{"start":{"line":54,"column":52},"end":{"line":54,"column":53}},"loc":{"start":{"line":54,"column":58},"end":{"line":58,"column":5}},"line":54},"5":{"name":"(anonymous_5)","decl":{"start":{"line":56,"column":31},"end":{"line":56,"column":32}},"loc":{"start":{"line":56,"column":37},"end":{"line":56,"column":56}},"line":56},"6":{"name":"(anonymous_6)","decl":{"start":{"line":156,"column":23},"end":{"line":156,"column":24}},"loc":{"start":{"line":156,"column":29},"end":{"line":156,"column":56}},"line":156}},"branchMap":{"0":{"loc":{"start":{"line":47,"column":4},"end":{"line":49,"column":5}},"type":"if","locations":[{"start":{"line":47,"column":4},"end":{"line":49,"column":5}},{"start":{"line":47,"column":4},"end":{"line":49,"column":5}}],"line":47},"1":{"loc":{"start":{"line":69,"column":18},"end":{"line":69,"column":62}},"type":"cond-expr","locations":[{"start":{"line":69,"column":42},"end":{"line":69,"column":51}},{"start":{"line":69,"column":54},"end":{"line":69,"column":62}}],"line":69},"2":{"loc":{"start":{"line":139,"column":7},"end":{"line":168,"column":7}},"type":"binary-expr","locations":[{"start":{"line":139,"column":7},"end":{"line":139,"column":30}},{"start":{"line":140,"column":8},"end":{"line":167,"column":11}}],"line":139}},"s":{"0":0,"1":0,"2":0,"3":0,"4":0,"5":0,"6":0,"7":0,"8":0,"9":0,"10":0,"11":0,"12":0,"13":0,"14":0,"15":0,"16":0,"17":0,"18":0,"19":0,"20":0,"21":0},"f":{"0":0,"1":0,"2":0,"3":0,"4":0,"5":0,"6":0},"b":{"0":[0,0],"1":[0,0],"2":[0,0]}}
,"/Users/lumberman/GitHub/CruVokeRN/src/domain/Account/containers/AccountForgotPassword/styles.ts": {"path":"/Users/lumberman/GitHub/CruVokeRN/src/domain/Account/containers/AccountForgotPassword/styles.ts","statementMap":{"0":{"start":{"line":5,"column":39},"end":{"line":69,"column":1}}},"fnMap":{},"branchMap":{},"s":{"0":0},"f":{},"b":{}}
,"/Users/lumberman/GitHub/CruVokeRN/src/domain/Account/containers/AccountName/index.tsx": {"path":"/Users/lumberman/GitHub/CruVokeRN/src/domain/Account/containers/AccountName/index.tsx","statementMap":{"0":{"start":{"line":48,"column":20},"end":{"line":215,"column":1}},"1":{"start":{"line":49,"column":16},"end":{"line":49,"column":38}},"2":{"start":{"line":50,"column":21},"end":{"line":50,"column":53}},"3":{"start":{"line":51,"column":17},"end":{"line":51,"column":30}},"4":{"start":{"line":52,"column":19},"end":{"line":52,"column":32}},"5":{"start":{"line":53,"column":21},"end":{"line":53,"column":36}},"6":{"start":{"line":54,"column":23},"end":{"line":54,"column":40}},"7":{"start":{"line":56,"column":27},"end":{"line":58,"column":3}},"8":{"start":{"line":57,"column":29},"end":{"line":57,"column":48}},"9":{"start":{"line":59,"column":26},"end":{"line":61,"column":3}},"10":{"start":{"line":60,"column":29},"end":{"line":60,"column":47}},"11":{"start":{"line":62,"column":21},"end":{"line":62,"column":74}},"12":{"start":{"line":62,"column":58},"end":{"line":62,"column":73}},"13":{"start":{"line":64,"column":36},"end":{"line":64,"column":51}},"14":{"start":{"line":65,"column":36},"end":{"line":65,"column":62}},"15":{"start":{"line":66,"column":34},"end":{"line":66,"column":59}},"16":{"start":{"line":67,"column":22},"end":{"line":67,"column":34}},"17":{"start":{"line":68,"column":36},"end":{"line":68,"column":47}},"18":{"start":{"line":70,"column":19},"end":{"line":70,"column":32}},"19":{"start":{"line":71,"column":27},"end":{"line":71,"column":51}},"20":{"start":{"line":73,"column":22},"end":{"line":73,"column":53}},"21":{"start":{"line":76,"column":4},"end":{"line":78,"column":26}},"22":{"start":{"line":81,"column":2},"end":{"line":88,"column":31}},"23":{"start":{"line":82,"column":4},"end":{"line":86,"column":5}},"24":{"start":{"line":83,"column":6},"end":{"line":83,"column":25}},"25":{"start":{"line":85,"column":6},"end":{"line":85,"column":36}},"26":{"start":{"line":87,"column":4},"end":{"line":87,"column":50}},"27":{"start":{"line":90,"column":21},"end":{"line":96,"column":3}},"28":{"start":{"line":91,"column":4},"end":{"line":95,"column":5}},"29":{"start":{"line":92,"column":6},"end":{"line":92,"column":26}},"30":{"start":{"line":94,"column":6},"end":{"line":94,"column":45}},"31":{"start":{"line":98,"column":25},"end":{"line":140,"column":3}},"32":{"start":{"line":99,"column":4},"end":{"line":101,"column":5}},"33":{"start":{"line":100,"column":6},"end":{"line":100,"column":67}},"34":{"start":{"line":102,"column":4},"end":{"line":109,"column":5}},"35":{"start":{"line":108,"column":6},"end":{"line":108,"column":26}},"36":{"start":{"line":110,"column":4},"end":{"line":110,"column":23}},"37":{"start":{"line":112,"column":4},"end":{"line":134,"column":5}},"38":{"start":{"line":114,"column":6},"end":{"line":119,"column":8}},"39":{"start":{"line":121,"column":6},"end":{"line":133,"column":7}},"40":{"start":{"line":123,"column":8},"end":{"line":128,"column":10}},"41":{"start":{"line":131,"column":8},"end":{"line":131,"column":66}},"42":{"start":{"line":132,"column":8},"end":{"line":132,"column":77}},"43":{"start":{"line":136,"column":4},"end":{"line":136,"column":24}},"44":{"start":{"line":139,"column":4},"end":{"line":139,"column":24}},"45":{"start":{"line":142,"column":2},"end":{"line":214,"column":4}},"46":{"start":{"line":168,"column":33},"end":{"line":168,"column":60}},"47":{"start":{"line":171,"column":32},"end":{"line":171,"column":50}},"48":{"start":{"line":181,"column":32},"end":{"line":181,"column":49}}},"fnMap":{"0":{"name":"(anonymous_0)","decl":{"start":{"line":48,"column":20},"end":{"line":48,"column":21}},"loc":{"start":{"line":48,"column":58},"end":{"line":215,"column":1}},"line":48},"1":{"name":"(anonymous_1)","decl":{"start":{"line":57,"column":4},"end":{"line":57,"column":5}},"loc":{"start":{"line":57,"column":29},"end":{"line":57,"column":48}},"line":57},"2":{"name":"(anonymous_2)","decl":{"start":{"line":60,"column":4},"end":{"line":60,"column":5}},"loc":{"start":{"line":60,"column":29},"end":{"line":60,"column":47}},"line":60},"3":{"name":"(anonymous_3)","decl":{"start":{"line":62,"column":33},"end":{"line":62,"column":34}},"loc":{"start":{"line":62,"column":58},"end":{"line":62,"column":73}},"line":62},"4":{"name":"(anonymous_4)","decl":{"start":{"line":81,"column":12},"end":{"line":81,"column":13}},"loc":{"start":{"line":81,"column":18},"end":{"line":88,"column":3}},"line":81},"5":{"name":"(anonymous_5)","decl":{"start":{"line":90,"column":21},"end":{"line":90,"column":22}},"loc":{"start":{"line":90,"column":54},"end":{"line":96,"column":3}},"line":90},"6":{"name":"(anonymous_6)","decl":{"start":{"line":98,"column":25},"end":{"line":98,"column":26}},"loc":{"start":{"line":98,"column":37},"end":{"line":140,"column":3}},"line":98},"7":{"name":"(anonymous_7)","decl":{"start":{"line":168,"column":27},"end":{"line":168,"column":28}},"loc":{"start":{"line":168,"column":33},"end":{"line":168,"column":60}},"line":168},"8":{"name":"(anonymous_8)","decl":{"start":{"line":171,"column":24},"end":{"line":171,"column":25}},"loc":{"start":{"line":171,"column":32},"end":{"line":171,"column":50}},"line":171},"9":{"name":"(anonymous_9)","decl":{"start":{"line":181,"column":24},"end":{"line":181,"column":25}},"loc":{"start":{"line":181,"column":32},"end":{"line":181,"column":49}},"line":181}},"branchMap":{"0":{"loc":{"start":{"line":82,"column":4},"end":{"line":86,"column":5}},"type":"if","locations":[{"start":{"line":82,"column":4},"end":{"line":86,"column":5}},{"start":{"line":82,"column":4},"end":{"line":86,"column":5}}],"line":82},"1":{"loc":{"start":{"line":90,"column":22},"end":{"line":90,"column":49}},"type":"default-arg","locations":[{"start":{"line":90,"column":35},"end":{"line":90,"column":49}}],"line":90},"2":{"loc":{"start":{"line":91,"column":4},"end":{"line":95,"column":5}},"type":"if","locations":[{"start":{"line":91,"column":4},"end":{"line":95,"column":5}},{"start":{"line":91,"column":4},"end":{"line":95,"column":5}}],"line":91},"3":{"loc":{"start":{"line":99,"column":4},"end":{"line":101,"column":5}},"type":"if","locations":[{"start":{"line":99,"column":4},"end":{"line":101,"column":5}},{"start":{"line":99,"column":4},"end":{"line":101,"column":5}}],"line":99},"4":{"loc":{"start":{"line":99,"column":8},"end":{"line":99,"column":43}},"type":"binary-expr","locations":[{"start":{"line":99,"column":8},"end":{"line":99,"column":18}},{"start":{"line":99,"column":22},"end":{"line":99,"column":43}}],"line":99},"5":{"loc":{"start":{"line":102,"column":4},"end":{"line":109,"column":5}},"type":"if","locations":[{"start":{"line":102,"column":4},"end":{"line":109,"column":5}},{"start":{"line":102,"column":4},"end":{"line":109,"column":5}}],"line":102},"6":{"loc":{"start":{"line":103,"column":6},"end":{"line":105,"column":16}},"type":"binary-expr","locations":[{"start":{"line":103,"column":6},"end":{"line":103,"column":36}},{"start":{"line":104,"column":6},"end":{"line":104,"column":34}},{"start":{"line":105,"column":6},"end":{"line":105,"column":16}}],"line":103},"7":{"loc":{"start":{"line":112,"column":4},"end":{"line":134,"column":5}},"type":"if","locations":[{"start":{"line":112,"column":4},"end":{"line":134,"column":5}},{"start":{"line":112,"column":4},"end":{"line":134,"column":5}}],"line":112},"8":{"loc":{"start":{"line":132,"column":20},"end":{"line":132,"column":75}},"type":"cond-expr","locations":[{"start":{"line":132,"column":42},"end":{"line":132,"column":61}},{"start":{"line":132,"column":64},"end":{"line":132,"column":75}}],"line":132},"9":{"loc":{"start":{"line":147,"column":19},"end":{"line":147,"column":49}},"type":"cond-expr","locations":[{"start":{"line":147,"column":44},"end":{"line":147,"column":45}},{"start":{"line":147,"column":48},"end":{"line":147,"column":49}}],"line":147},"10":{"loc":{"start":{"line":148,"column":19},"end":{"line":148,"column":59}},"type":"cond-expr","locations":[{"start":{"line":148,"column":44},"end":{"line":148,"column":50}},{"start":{"line":148,"column":53},"end":{"line":148,"column":59}}],"line":148},"11":{"loc":{"start":{"line":149,"column":22},"end":{"line":149,"column":75}},"type":"cond-expr","locations":[{"start":{"line":149,"column":54},"end":{"line":149,"column":71}},{"start":{"line":149,"column":74},"end":{"line":149,"column":75}}],"line":149},"12":{"loc":{"start":{"line":150,"column":25},"end":{"line":150,"column":78}},"type":"cond-expr","locations":[{"start":{"line":150,"column":57},"end":{"line":150,"column":74}},{"start":{"line":150,"column":77},"end":{"line":150,"column":78}}],"line":150},"13":{"loc":{"start":{"line":162,"column":26},"end":{"line":162,"column":74}},"type":"cond-expr","locations":[{"start":{"line":162,"column":51},"end":{"line":162,"column":59}},{"start":{"line":162,"column":62},"end":{"line":162,"column":74}}],"line":162},"14":{"loc":{"start":{"line":195,"column":25},"end":{"line":197,"column":34}},"type":"cond-expr","locations":[{"start":{"line":196,"column":18},"end":{"line":196,"column":33}},{"start":{"line":197,"column":18},"end":{"line":197,"column":34}}],"line":195}},"s":{"0":0,"1":0,"2":0,"3":0,"4":0,"5":0,"6":0,"7":0,"8":0,"9":0,"10":0,"11":0,"12":0,"13":0,"14":0,"15":0,"16":0,"17":0,"18":0,"19":0,"20":0,"21":0,"22":0,"23":0,"24":0,"25":0,"26":0,"27":0,"28":0,"29":0,"30":0,"31":0,"32":0,"33":0,"34":0,"35":0,"36":0,"37":0,"38":0,"39":0,"40":0,"41":0,"42":0,"43":0,"44":0,"45":0,"46":0,"47":0,"48":0},"f":{"0":0,"1":0,"2":0,"3":0,"4":0,"5":0,"6":0,"7":0,"8":0,"9":0},"b":{"0":[0,0],"1":[0],"2":[0,0],"3":[0,0],"4":[0,0],"5":[0,0],"6":[0,0,0],"7":[0,0],"8":[0,0],"9":[0,0],"10":[0,0],"11":[0,0],"12":[0,0],"13":[0,0],"14":[0,0]}}
,"/Users/lumberman/GitHub/CruVokeRN/src/domain/Account/containers/AccountName/styles.ts": {"path":"/Users/lumberman/GitHub/CruVokeRN/src/domain/Account/containers/AccountName/styles.ts","statementMap":{"0":{"start":{"line":5,"column":39},"end":{"line":11,"column":1}}},"fnMap":{},"branchMap":{},"s":{"0":0},"f":{},"b":{}}
,"/Users/lumberman/GitHub/CruVokeRN/src/domain/Account/containers/AccountPass/index.tsx": {"path":"/Users/lumberman/GitHub/CruVokeRN/src/domain/Account/containers/AccountPass/index.tsx","statementMap":{"0":{"start":{"line":30,"column":30},"end":{"line":219,"column":1}},"1":{"start":{"line":31,"column":17},"end":{"line":31,"column":30}},"2":{"start":{"line":32,"column":21},"end":{"line":32,"column":36}},"3":{"start":{"line":33,"column":19},"end":{"line":33,"column":32}},"4":{"start":{"line":35,"column":34},"end":{"line":35,"column":46}},"5":{"start":{"line":36,"column":40},"end":{"line":36,"column":52}},"6":{"start":{"line":37,"column":54},"end":{"line":37,"column":66}},"7":{"start":{"line":38,"column":36},"end":{"line":38,"column":51}},"8":{"start":{"line":39,"column":16},"end":{"line":39,"column":57}},"9":{"start":{"line":40,"column":22},"end":{"line":40,"column":45}},"10":{"start":{"line":41,"column":25},"end":{"line":41,"column":48}},"11":{"start":{"line":42,"column":32},"end":{"line":42,"column":55}},"12":{"start":{"line":43,"column":36},"end":{"line":43,"column":47}},"13":{"start":{"line":44,"column":19},"end":{"line":44,"column":32}},"14":{"start":{"line":46,"column":2},"end":{"line":52,"column":31}},"15":{"start":{"line":47,"column":4},"end":{"line":51,"column":5}},"16":{"start":{"line":48,"column":6},"end":{"line":48,"column":24}},"17":{"start":{"line":50,"column":6},"end":{"line":50,"column":22}},"18":{"start":{"line":54,"column":2},"end":{"line":56,"column":5}},"19":{"start":{"line":55,"column":4},"end":{"line":55,"column":21}},"20":{"start":{"line":58,"column":15},"end":{"line":90,"column":3}},"21":{"start":{"line":59,"column":4},"end":{"line":89,"column":5}},"22":{"start":{"line":61,"column":6},"end":{"line":61,"column":48}},"23":{"start":{"line":62,"column":6},"end":{"line":62,"column":13}},"24":{"start":{"line":63,"column":11},"end":{"line":89,"column":5}},"25":{"start":{"line":64,"column":6},"end":{"line":64,"column":47}},"26":{"start":{"line":65,"column":6},"end":{"line":65,"column":13}},"27":{"start":{"line":67,"column":6},"end":{"line":67,"column":25}},"28":{"start":{"line":69,"column":19},"end":{"line":77,"column":7}},"29":{"start":{"line":79,"column":6},"end":{"line":88,"column":7}},"30":{"start":{"line":80,"column":23},"end":{"line":80,"column":53}},"31":{"start":{"line":81,"column":8},"end":{"line":81,"column":28}},"32":{"start":{"line":82,"column":8},"end":{"line":82,"column":46}},"33":{"start":{"line":85,"column":8},"end":{"line":85,"column":63}},"34":{"start":{"line":86,"column":8},"end":{"line":86,"column":52}},"35":{"start":{"line":87,"column":8},"end":{"line":87,"column":28}},"36":{"start":{"line":92,"column":2},"end":{"line":218,"column":4}},"37":{"start":{"line":138,"column":54},"end":{"line":138,"column":71}},"38":{"start":{"line":143,"column":45},"end":{"line":143,"column":77}},"39":{"start":{"line":152,"column":54},"end":{"line":152,"column":74}},"40":{"start":{"line":158,"column":18},"end":{"line":158,"column":57}},"41":{"start":{"line":169,"column":18},"end":{"line":169,"column":45}},"42":{"start":{"line":175,"column":54},"end":{"line":175,"column":60}},"43":{"start":{"line":204,"column":46},"end":{"line":204,"column":52}}},"fnMap":{"0":{"name":"(anonymous_0)","decl":{"start":{"line":30,"column":30},"end":{"line":30,"column":31}},"loc":{"start":{"line":30,"column":56},"end":{"line":219,"column":1}},"line":30},"1":{"name":"(anonymous_1)","decl":{"start":{"line":46,"column":12},"end":{"line":46,"column":13}},"loc":{"start":{"line":46,"column":18},"end":{"line":52,"column":3}},"line":46},"2":{"name":"(anonymous_2)","decl":{"start":{"line":54,"column":11},"end":{"line":54,"column":12}},"loc":{"start":{"line":54,"column":17},"end":{"line":56,"column":3}},"line":54},"3":{"name":"(anonymous_3)","decl":{"start":{"line":58,"column":15},"end":{"line":58,"column":16}},"loc":{"start":{"line":58,"column":42},"end":{"line":90,"column":3}},"line":58},"4":{"name":"(anonymous_4)","decl":{"start":{"line":138,"column":30},"end":{"line":138,"column":31}},"loc":{"start":{"line":138,"column":54},"end":{"line":138,"column":71}},"line":138},"5":{"name":"(anonymous_5)","decl":{"start":{"line":143,"column":33},"end":{"line":143,"column":34}},"loc":{"start":{"line":143,"column":45},"end":{"line":143,"column":77}},"line":143},"6":{"name":"(anonymous_6)","decl":{"start":{"line":152,"column":30},"end":{"line":152,"column":31}},"loc":{"start":{"line":152,"column":54},"end":{"line":152,"column":74}},"line":152},"7":{"name":"(anonymous_7)","decl":{"start":{"line":157,"column":33},"end":{"line":157,"column":34}},"loc":{"start":{"line":158,"column":18},"end":{"line":158,"column":57}},"line":158},"8":{"name":"(anonymous_8)","decl":{"start":{"line":168,"column":30},"end":{"line":168,"column":31}},"loc":{"start":{"line":169,"column":18},"end":{"line":169,"column":45}},"line":169},"9":{"name":"(anonymous_9)","decl":{"start":{"line":175,"column":33},"end":{"line":175,"column":34}},"loc":{"start":{"line":175,"column":54},"end":{"line":175,"column":60}},"line":175},"10":{"name":"(anonymous_10)","decl":{"start":{"line":204,"column":25},"end":{"line":204,"column":26}},"loc":{"start":{"line":204,"column":46},"end":{"line":204,"column":52}},"line":204}},"branchMap":{"0":{"loc":{"start":{"line":47,"column":4},"end":{"line":51,"column":5}},"type":"if","locations":[{"start":{"line":47,"column":4},"end":{"line":51,"column":5}},{"start":{"line":47,"column":4},"end":{"line":51,"column":5}}],"line":47},"1":{"loc":{"start":{"line":59,"column":4},"end":{"line":89,"column":5}},"type":"if","locations":[{"start":{"line":59,"column":4},"end":{"line":89,"column":5}},{"start":{"line":59,"column":4},"end":{"line":89,"column":5}}],"line":59},"2":{"loc":{"start":{"line":63,"column":11},"end":{"line":89,"column":5}},"type":"if","locations":[{"start":{"line":63,"column":11},"end":{"line":89,"column":5}},{"start":{"line":63,"column":11},"end":{"line":89,"column":5}}],"line":63},"3":{"loc":{"start":{"line":94,"column":16},"end":{"line":94,"column":61}},"type":"cond-expr","locations":[{"start":{"line":94,"column":40},"end":{"line":94,"column":49}},{"start":{"line":94,"column":52},"end":{"line":94,"column":61}}],"line":94},"4":{"loc":{"start":{"line":106,"column":21},"end":{"line":106,"column":61}},"type":"cond-expr","locations":[{"start":{"line":106,"column":46},"end":{"line":106,"column":52}},{"start":{"line":106,"column":55},"end":{"line":106,"column":61}}],"line":106},"5":{"loc":{"start":{"line":212,"column":31},"end":{"line":212,"column":73}},"type":"cond-expr","locations":[{"start":{"line":212,"column":56},"end":{"line":212,"column":57}},{"start":{"line":212,"column":60},"end":{"line":212,"column":73}}],"line":212}},"s":{"0":0,"1":0,"2":0,"3":0,"4":0,"5":0,"6":0,"7":0,"8":0,"9":0,"10":0,"11":0,"12":0,"13":0,"14":0,"15":0,"16":0,"17":0,"18":0,"19":0,"20":0,"21":0,"22":0,"23":0,"24":0,"25":0,"26":0,"27":0,"28":0,"29":0,"30":0,"31":0,"32":0,"33":0,"34":0,"35":0,"36":0,"37":0,"38":0,"39":0,"40":0,"41":0,"42":0,"43":0},"f":{"0":0,"1":0,"2":0,"3":0,"4":0,"5":0,"6":0,"7":0,"8":0,"9":0,"10":0},"b":{"0":[0,0],"1":[0,0],"2":[0,0],"3":[0,0],"4":[0,0],"5":[0,0]}}
,"/Users/lumberman/GitHub/CruVokeRN/src/domain/Account/containers/AccountPass/styles.ts": {"path":"/Users/lumberman/GitHub/CruVokeRN/src/domain/Account/containers/AccountPass/styles.ts","statementMap":{"0":{"start":{"line":4,"column":39},"end":{"line":75,"column":1}}},"fnMap":{},"branchMap":{},"s":{"0":0},"f":{},"b":{}}
,"/Users/lumberman/GitHub/CruVokeRN/src/domain/Account/containers/AccountPhoto/index.tsx": {"path":"/Users/lumberman/GitHub/CruVokeRN/src/domain/Account/containers/AccountPhoto/index.tsx","statementMap":{"0":{"start":{"line":37,"column":16},"end":{"line":37,"column":42}},"1":{"start":{"line":38,"column":21},"end":{"line":38,"column":53}},"2":{"start":{"line":39,"column":17},"end":{"line":39,"column":30}},"3":{"start":{"line":40,"column":21},"end":{"line":40,"column":36}},"4":{"start":{"line":41,"column":19},"end":{"line":41,"column":32}},"5":{"start":{"line":42,"column":42},"end":{"line":42,"column":57}},"6":{"start":{"line":43,"column":17},"end":{"line":43,"column":56}},"7":{"start":{"line":43,"column":43},"end":{"line":43,"column":55}},"8":{"start":{"line":44,"column":27},"end":{"line":44,"column":51}},"9":{"start":{"line":46,"column":27},"end":{"line":46,"column":79}},"10":{"start":{"line":46,"column":53},"end":{"line":46,"column":78}},"11":{"start":{"line":47,"column":22},"end":{"line":47,"column":26}},"12":{"start":{"line":48,"column":2},"end":{"line":52,"column":3}},"13":{"start":{"line":49,"column":4},"end":{"line":51,"column":6}},"14":{"start":{"line":54,"column":42},"end":{"line":54,"column":65}},"15":{"start":{"line":56,"column":21},"end":{"line":70,"column":3}},"16":{"start":{"line":57,"column":4},"end":{"line":69,"column":5}},"17":{"start":{"line":58,"column":6},"end":{"line":58,"column":26}},"18":{"start":{"line":60,"column":6},"end":{"line":68,"column":7}},"19":{"start":{"line":61,"column":8},"end":{"line":61,"column":67}},"20":{"start":{"line":62,"column":8},"end":{"line":65,"column":11}},"21":{"start":{"line":67,"column":8},"end":{"line":67,"column":40}},"22":{"start":{"line":73,"column":4},"end":{"line":99,"column":5}},"23":{"start":{"line":80,"column":6},"end":{"line":80,"column":26}},"24":{"start":{"line":82,"column":25},"end":{"line":88,"column":7}},"25":{"start":{"line":89,"column":6},"end":{"line":89,"column":28}},"26":{"start":{"line":91,"column":6},"end":{"line":98,"column":7}},"27":{"start":{"line":92,"column":8},"end":{"line":92,"column":45}},"28":{"start":{"line":93,"column":8},"end":{"line":93,"column":31}},"29":{"start":{"line":94,"column":8},"end":{"line":94,"column":21}},"30":{"start":{"line":97,"column":8},"end":{"line":97,"column":56}},"31":{"start":{"line":102,"column":24},"end":{"line":126,"column":3}},"32":{"start":{"line":103,"column":20},"end":{"line":111,"column":5}},"33":{"start":{"line":112,"column":4},"end":{"line":125,"column":5}},"34":{"start":{"line":113,"column":6},"end":{"line":117,"column":8}},"35":{"start":{"line":115,"column":10},"end":{"line":115,"column":47}},"36":{"start":{"line":119,"column":6},"end":{"line":124,"column":9}},"37":{"start":{"line":123,"column":8},"end":{"line":123,"column":45}},"38":{"start":{"line":128,"column":28},"end":{"line":165,"column":3}},"39":{"start":{"line":129,"column":4},"end":{"line":164,"column":6}},"40":{"start":{"line":152,"column":8},"end":{"line":162,"column":9}},"41":{"start":{"line":154,"column":10},"end":{"line":154,"column":53}},"42":{"start":{"line":155,"column":15},"end":{"line":162,"column":9}},"43":{"start":{"line":157,"column":10},"end":{"line":157,"column":61}},"44":{"start":{"line":158,"column":15},"end":{"line":162,"column":9}},"45":{"start":{"line":159,"column":10},"end":{"line":159,"column":34}},"46":{"start":{"line":160,"column":15},"end":{"line":162,"column":9}},"47":{"start":{"line":161,"column":10},"end":{"line":161,"column":35}},"48":{"start":{"line":167,"column":2},"end":{"line":244,"column":4}}},"fnMap":{"0":{"name":"AccountPhoto","decl":{"start":{"line":36,"column":9},"end":{"line":36,"column":21}},"loc":{"start":{"line":36,"column":36},"end":{"line":245,"column":1}},"line":36},"1":{"name":"(anonymous_1)","decl":{"start":{"line":43,"column":29},"end":{"line":43,"column":30}},"loc":{"start":{"line":43,"column":43},"end":{"line":43,"column":55}},"line":43},"2":{"name":"(anonymous_2)","decl":{"start":{"line":46,"column":39},"end":{"line":46,"column":40}},"loc":{"start":{"line":46,"column":53},"end":{"line":46,"column":78}},"line":46},"3":{"name":"(anonymous_3)","decl":{"start":{"line":56,"column":21},"end":{"line":56,"column":22}},"loc":{"start":{"line":56,"column":52},"end":{"line":70,"column":3}},"line":56},"4":{"name":"handleContinue","decl":{"start":{"line":72,"column":17},"end":{"line":72,"column":31}},"loc":{"start":{"line":72,"column":34},"end":{"line":100,"column":3}},"line":72},"5":{"name":"(anonymous_5)","decl":{"start":{"line":102,"column":24},"end":{"line":102,"column":25}},"loc":{"start":{"line":102,"column":48},"end":{"line":126,"column":3}},"line":102},"6":{"name":"(anonymous_6)","decl":{"start":{"line":114,"column":8},"end":{"line":114,"column":9}},"loc":{"start":{"line":114,"column":17},"end":{"line":116,"column":9}},"line":114},"7":{"name":"(anonymous_7)","decl":{"start":{"line":122,"column":14},"end":{"line":122,"column":15}},"loc":{"start":{"line":122,"column":23},"end":{"line":124,"column":7}},"line":122},"8":{"name":"(anonymous_8)","decl":{"start":{"line":128,"column":28},"end":{"line":128,"column":29}},"loc":{"start":{"line":128,"column":40},"end":{"line":165,"column":3}},"line":128},"9":{"name":"(anonymous_9)","decl":{"start":{"line":151,"column":6},"end":{"line":151,"column":7}},"loc":{"start":{"line":151,"column":18},"end":{"line":163,"column":7}},"line":151}},"branchMap":{"0":{"loc":{"start":{"line":48,"column":2},"end":{"line":52,"column":3}},"type":"if","locations":[{"start":{"line":48,"column":2},"end":{"line":52,"column":3}},{"start":{"line":48,"column":2},"end":{"line":52,"column":3}}],"line":48},"1":{"loc":{"start":{"line":48,"column":6},"end":{"line":48,"column":70}},"type":"binary-expr","locations":[{"start":{"line":48,"column":6},"end":{"line":48,"column":22}},{"start":{"line":48,"column":26},"end":{"line":48,"column":70}}],"line":48},"2":{"loc":{"start":{"line":56,"column":22},"end":{"line":56,"column":47}},"type":"default-arg","locations":[{"start":{"line":56,"column":35},"end":{"line":56,"column":47}}],"line":56},"3":{"loc":{"start":{"line":57,"column":4},"end":{"line":69,"column":5}},"type":"if","locations":[{"start":{"line":57,"column":4},"end":{"line":69,"column":5}},{"start":{"line":57,"column":4},"end":{"line":69,"column":5}}],"line":57},"4":{"loc":{"start":{"line":73,"column":4},"end":{"line":99,"column":5}},"type":"if","locations":[{"start":{"line":73,"column":4},"end":{"line":99,"column":5}},{"start":{"line":73,"column":4},"end":{"line":99,"column":5}}],"line":73},"5":{"loc":{"start":{"line":74,"column":6},"end":{"line":76,"column":43}},"type":"binary-expr","locations":[{"start":{"line":74,"column":6},"end":{"line":74,"column":19}},{"start":{"line":75,"column":6},"end":{"line":75,"column":27}},{"start":{"line":76,"column":6},"end":{"line":76,"column":43}}],"line":74},"6":{"loc":{"start":{"line":112,"column":4},"end":{"line":125,"column":5}},"type":"if","locations":[{"start":{"line":112,"column":4},"end":{"line":125,"column":5}},{"start":{"line":112,"column":4},"end":{"line":125,"column":5}}],"line":112},"7":{"loc":{"start":{"line":152,"column":8},"end":{"line":162,"column":9}},"type":"if","locations":[{"start":{"line":152,"column":8},"end":{"line":162,"column":9}},{"start":{"line":152,"column":8},"end":{"line":162,"column":9}}],"line":152},"8":{"loc":{"start":{"line":155,"column":15},"end":{"line":162,"column":9}},"type":"if","locations":[{"start":{"line":155,"column":15},"end":{"line":162,"column":9}},{"start":{"line":155,"column":15},"end":{"line":162,"column":9}}],"line":155},"9":{"loc":{"start":{"line":158,"column":15},"end":{"line":162,"column":9}},"type":"if","locations":[{"start":{"line":158,"column":15},"end":{"line":162,"column":9}},{"start":{"line":158,"column":15},"end":{"line":162,"column":9}}],"line":158},"10":{"loc":{"start":{"line":160,"column":15},"end":{"line":162,"column":9}},"type":"if","locations":[{"start":{"line":160,"column":15},"end":{"line":162,"column":9}},{"start":{"line":160,"column":15},"end":{"line":162,"column":9}}],"line":160},"11":{"loc":{"start":{"line":172,"column":25},"end":{"line":172,"column":78}},"type":"cond-expr","locations":[{"start":{"line":172,"column":57},"end":{"line":172,"column":74}},{"start":{"line":172,"column":77},"end":{"line":172,"column":78}}],"line":172},"12":{"loc":{"start":{"line":196,"column":11},"end":{"line":213,"column":11}},"type":"cond-expr","locations":[{"start":{"line":197,"column":12},"end":{"line":201,"column":14}},{"start":{"line":203,"column":12},"end":{"line":212,"column":15}}],"line":196},"13":{"loc":{"start":{"line":223,"column":14},"end":{"line":225,"column":34}},"type":"cond-expr","locations":[{"start":{"line":224,"column":18},"end":{"line":224,"column":35}},{"start":{"line":225,"column":18},"end":{"line":225,"column":34}}],"line":223},"14":{"loc":{"start":{"line":240,"column":11},"end":{"line":240,"column":47}},"type":"cond-expr","locations":[{"start":{"line":240,"column":26},"end":{"line":240,"column":35}},{"start":{"line":240,"column":38},"end":{"line":240,"column":47}}],"line":240}},"s":{"0":0,"1":0,"2":0,"3":0,"4":0,"5":0,"6":0,"7":0,"8":0,"9":0,"10":0,"11":0,"12":0,"13":0,"14":0,"15":0,"16":0,"17":0,"18":0,"19":0,"20":0,"21":0,"22":0,"23":0,"24":0,"25":0,"26":0,"27":0,"28":0,"29":0,"30":0,"31":0,"32":0,"33":0,"34":0,"35":0,"36":0,"37":0,"38":0,"39":0,"40":0,"41":0,"42":0,"43":0,"44":0,"45":0,"46":0,"47":0,"48":0},"f":{"0":0,"1":0,"2":0,"3":0,"4":0,"5":0,"6":0,"7":0,"8":0,"9":0},"b":{"0":[0,0],"1":[0,0],"2":[0],"3":[0,0],"4":[0,0],"5":[0,0,0],"6":[0,0],"7":[0,0],"8":[0,0],"9":[0,0],"10":[0,0],"11":[0,0],"12":[0,0],"13":[0,0],"14":[0,0]}}
,"/Users/lumberman/GitHub/CruVokeRN/src/domain/Account/containers/AccountProfile/index.tsx": {"path":"/Users/lumberman/GitHub/CruVokeRN/src/domain/Account/containers/AccountProfile/index.tsx","statementMap":{"0":{"start":{"line":21,"column":23},"end":{"line":398,"column":1}},"1":{"start":{"line":22,"column":16},"end":{"line":22,"column":32}},"2":{"start":{"line":23,"column":17},"end":{"line":23,"column":30}},"3":{"start":{"line":24,"column":21},"end":{"line":24,"column":36}},"4":{"start":{"line":25,"column":19},"end":{"line":25,"column":32}},"5":{"start":{"line":26,"column":19},"end":{"line":26,"column":60}},"6":{"start":{"line":26,"column":45},"end":{"line":26,"column":59}},"7":{"start":{"line":27,"column":13},"end":{"line":27,"column":49}},"8":{"start":{"line":27,"column":39},"end":{"line":27,"column":48}},"9":{"start":{"line":28,"column":27},"end":{"line":28,"column":51}},"10":{"start":{"line":32,"column":18},"end":{"line":42,"column":3}},"11":{"start":{"line":33,"column":19},"end":{"line":33,"column":50}},"12":{"start":{"line":34,"column":4},"end":{"line":41,"column":5}},"13":{"start":{"line":35,"column":6},"end":{"line":38,"column":8}},"14":{"start":{"line":40,"column":6},"end":{"line":40,"column":41}},"15":{"start":{"line":44,"column":2},"end":{"line":397,"column":4}},"16":{"start":{"line":92,"column":18},"end":{"line":94,"column":20}},"17":{"start":{"line":93,"column":38},"end":{"line":93,"column":75}},"18":{"start":{"line":127,"column":18},"end":{"line":129,"column":20}},"19":{"start":{"line":128,"column":38},"end":{"line":128,"column":75}},"20":{"start":{"line":197,"column":39},"end":{"line":197,"column":74}},"21":{"start":{"line":213,"column":39},"end":{"line":213,"column":73}},"22":{"start":{"line":287,"column":35},"end":{"line":287,"column":71}},"23":{"start":{"line":315,"column":50},"end":{"line":315,"column":59}},"24":{"start":{"line":346,"column":18},"end":{"line":370,"column":20}},"25":{"start":{"line":355,"column":24},"end":{"line":367,"column":25}},"26":{"start":{"line":356,"column":26},"end":{"line":356,"column":58}},"27":{"start":{"line":357,"column":26},"end":{"line":357,"column":51}},"28":{"start":{"line":361,"column":26},"end":{"line":366,"column":33}},"29":{"start":{"line":362,"column":28},"end":{"line":365,"column":31}}},"fnMap":{"0":{"name":"(anonymous_0)","decl":{"start":{"line":21,"column":23},"end":{"line":21,"column":24}},"loc":{"start":{"line":21,"column":29},"end":{"line":398,"column":1}},"line":21},"1":{"name":"(anonymous_1)","decl":{"start":{"line":26,"column":31},"end":{"line":26,"column":32}},"loc":{"start":{"line":26,"column":45},"end":{"line":26,"column":59}},"line":26},"2":{"name":"(anonymous_2)","decl":{"start":{"line":27,"column":25},"end":{"line":27,"column":26}},"loc":{"start":{"line":27,"column":39},"end":{"line":27,"column":48}},"line":27},"3":{"name":"(anonymous_3)","decl":{"start":{"line":32,"column":18},"end":{"line":32,"column":19}},"loc":{"start":{"line":32,"column":45},"end":{"line":42,"column":3}},"line":32},"4":{"name":"(anonymous_4)","decl":{"start":{"line":91,"column":25},"end":{"line":91,"column":26}},"loc":{"start":{"line":92,"column":18},"end":{"line":94,"column":20}},"line":92},"5":{"name":"(anonymous_5)","decl":{"start":{"line":93,"column":32},"end":{"line":93,"column":33}},"loc":{"start":{"line":93,"column":38},"end":{"line":93,"column":75}},"line":93},"6":{"name":"(anonymous_6)","decl":{"start":{"line":126,"column":25},"end":{"line":126,"column":26}},"loc":{"start":{"line":127,"column":18},"end":{"line":129,"column":20}},"line":127},"7":{"name":"(anonymous_7)","decl":{"start":{"line":128,"column":32},"end":{"line":128,"column":33}},"loc":{"start":{"line":128,"column":38},"end":{"line":128,"column":75}},"line":128},"8":{"name":"(anonymous_8)","decl":{"start":{"line":197,"column":33},"end":{"line":197,"column":34}},"loc":{"start":{"line":197,"column":39},"end":{"line":197,"column":74}},"line":197},"9":{"name":"(anonymous_9)","decl":{"start":{"line":213,"column":33},"end":{"line":213,"column":34}},"loc":{"start":{"line":213,"column":39},"end":{"line":213,"column":73}},"line":213},"10":{"name":"(anonymous_10)","decl":{"start":{"line":287,"column":29},"end":{"line":287,"column":30}},"loc":{"start":{"line":287,"column":35},"end":{"line":287,"column":71}},"line":287},"11":{"name":"(anonymous_11)","decl":{"start":{"line":315,"column":29},"end":{"line":315,"column":30}},"loc":{"start":{"line":315,"column":50},"end":{"line":315,"column":59}},"line":315},"12":{"name":"(anonymous_12)","decl":{"start":{"line":345,"column":25},"end":{"line":345,"column":26}},"loc":{"start":{"line":346,"column":18},"end":{"line":370,"column":20}},"line":346},"13":{"name":"(anonymous_13)","decl":{"start":{"line":349,"column":31},"end":{"line":349,"column":32}},"loc":{"start":{"line":349,"column":37},"end":{"line":349,"column":39}},"line":349},"14":{"name":"(anonymous_14)","decl":{"start":{"line":354,"column":31},"end":{"line":354,"column":32}},"loc":{"start":{"line":354,"column":43},"end":{"line":368,"column":23}},"line":354},"15":{"name":"(anonymous_15)","decl":{"start":{"line":361,"column":37},"end":{"line":361,"column":38}},"loc":{"start":{"line":361,"column":43},"end":{"line":366,"column":27}},"line":361}},"branchMap":{"0":{"loc":{"start":{"line":34,"column":4},"end":{"line":41,"column":5}},"type":"if","locations":[{"start":{"line":34,"column":4},"end":{"line":41,"column":5}},{"start":{"line":34,"column":4},"end":{"line":41,"column":5}}],"line":34},"1":{"loc":{"start":{"line":111,"column":35},"end":{"line":111,"column":57}},"type":"binary-expr","locations":[{"start":{"line":111,"column":35},"end":{"line":111,"column":51}},{"start":{"line":111,"column":55},"end":{"line":111,"column":57}}],"line":111},"2":{"loc":{"start":{"line":141,"column":35},"end":{"line":141,"column":71}},"type":"cond-expr","locations":[{"start":{"line":141,"column":49},"end":{"line":141,"column":66}},{"start":{"line":141,"column":69},"end":{"line":141,"column":71}}],"line":141},"3":{"loc":{"start":{"line":145,"column":15},"end":{"line":165,"column":15}},"type":"cond-expr","locations":[{"start":{"line":146,"column":16},"end":{"line":154,"column":23}},{"start":{"line":156,"column":16},"end":{"line":164,"column":23}}],"line":145},"4":{"loc":{"start":{"line":170,"column":18},"end":{"line":172,"column":37}},"type":"cond-expr","locations":[{"start":{"line":171,"column":22},"end":{"line":171,"column":38}},{"start":{"line":172,"column":22},"end":{"line":172,"column":37}}],"line":170},"5":{"loc":{"start":{"line":175,"column":13},"end":{"line":252,"column":13}},"type":"cond-expr","locations":[{"start":{"line":176,"column":14},"end":{"line":249,"column":21}},{"start":{"line":251,"column":14},"end":{"line":251,"column":19}}],"line":175},"6":{"loc":{"start":{"line":190,"column":17},"end":{"line":248,"column":17}},"type":"cond-expr","locations":[{"start":{"line":190,"column":40},"end":{"line":190,"column":44}},{"start":{"line":191,"column":18},"end":{"line":247,"column":21}}],"line":190},"7":{"loc":{"start":{"line":265,"column":15},"end":{"line":340,"column":15}},"type":"binary-expr","locations":[{"start":{"line":265,"column":15},"end":{"line":265,"column":24}},{"start":{"line":266,"column":16},"end":{"line":339,"column":19}}],"line":265}},"s":{"0":0,"1":0,"2":0,"3":0,"4":0,"5":0,"6":0,"7":0,"8":0,"9":0,"10":0,"11":0,"12":0,"13":0,"14":0,"15":0,"16":0,"17":0,"18":0,"19":0,"20":0,"21":0,"22":0,"23":0,"24":0,"25":0,"26":0,"27":0,"28":0,"29":0},"f":{"0":0,"1":0,"2":0,"3":0,"4":0,"5":0,"6":0,"7":0,"8":0,"9":0,"10":0,"11":0,"12":0,"13":0,"14":0,"15":0},"b":{"0":[0,0],"1":[0,0],"2":[0,0],"3":[0,0],"4":[0,0],"5":[0,0],"6":[0,0],"7":[0,0]}}
,"/Users/lumberman/GitHub/CruVokeRN/src/domain/Account/containers/AccountProfile/styles.ts": {"path":"/Users/lumberman/GitHub/CruVokeRN/src/domain/Account/containers/AccountProfile/styles.ts","statementMap":{"0":{"start":{"line":5,"column":39},"end":{"line":46,"column":1}}},"fnMap":{},"branchMap":{},"s":{"0":0},"f":{},"b":{}}
,"/Users/lumberman/GitHub/CruVokeRN/src/domain/Account/containers/AccountSignIn/index.tsx": {"path":"/Users/lumberman/GitHub/CruVokeRN/src/domain/Account/containers/AccountSignIn/index.tsx","statementMap":{"0":{"start":{"line":56,"column":48},"end":{"line":365,"column":1}},"1":{"start":{"line":64,"column":6},"end":{"line":64,"column":30}},"2":{"start":{"line":65,"column":21},"end":{"line":65,"column":36}},"3":{"start":{"line":66,"column":19},"end":{"line":66,"column":32}},"4":{"start":{"line":67,"column":23},"end":{"line":69,"column":3}},"5":{"start":{"line":68,"column":29},"end":{"line":68,"column":53}},"6":{"start":{"line":70,"column":20},"end":{"line":72,"column":3}},"7":{"start":{"line":71,"column":29},"end":{"line":71,"column":61}},"8":{"start":{"line":73,"column":44},"end":{"line":73,"column":59}},"9":{"start":{"line":74,"column":36},"end":{"line":74,"column":51}},"10":{"start":{"line":75,"column":16},"end":{"line":75,"column":40}},"11":{"start":{"line":76,"column":22},"end":{"line":76,"column":45}},"12":{"start":{"line":77,"column":19},"end":{"line":77,"column":42}},"13":{"start":{"line":78,"column":27},"end":{"line":78,"column":48}},"14":{"start":{"line":79,"column":19},"end":{"line":79,"column":32}},"15":{"start":{"line":81,"column":23},"end":{"line":87,"column":4}},"16":{"start":{"line":89,"column":16},"end":{"line":117,"column":3}},"17":{"start":{"line":90,"column":4},"end":{"line":90,"column":23}},"18":{"start":{"line":92,"column":4},"end":{"line":116,"column":5}},"19":{"start":{"line":94,"column":6},"end":{"line":94,"column":77}},"20":{"start":{"line":95,"column":6},"end":{"line":95,"column":26}},"21":{"start":{"line":96,"column":6},"end":{"line":100,"column":7}},"22":{"start":{"line":97,"column":8},"end":{"line":97,"column":21}},"23":{"start":{"line":99,"column":8},"end":{"line":99,"column":43}},"24":{"start":{"line":104,"column":6},"end":{"line":104,"column":49}},"25":{"start":{"line":105,"column":6},"end":{"line":113,"column":7}},"26":{"start":{"line":106,"column":8},"end":{"line":106,"column":52}},"27":{"start":{"line":107,"column":13},"end":{"line":113,"column":7}},"28":{"start":{"line":108,"column":8},"end":{"line":108,"column":63}},"29":{"start":{"line":109,"column":13},"end":{"line":113,"column":7}},"30":{"start":{"line":110,"column":8},"end":{"line":110,"column":38}},"31":{"start":{"line":111,"column":13},"end":{"line":113,"column":7}},"32":{"start":{"line":112,"column":8},"end":{"line":112,"column":39}},"33":{"start":{"line":115,"column":6},"end":{"line":115,"column":26}},"34":{"start":{"line":119,"column":17},"end":{"line":128,"column":4}},"35":{"start":{"line":126,"column":6},"end":{"line":126,"column":20}},"36":{"start":{"line":130,"column":2},"end":{"line":132,"column":5}},"37":{"start":{"line":131,"column":4},"end":{"line":131,"column":21}},"38":{"start":{"line":136,"column":18},"end":{"line":152,"column":3}},"39":{"start":{"line":137,"column":4},"end":{"line":137,"column":23}},"40":{"start":{"line":138,"column":19},"end":{"line":138,"column":50}},"41":{"start":{"line":139,"column":4},"end":{"line":139,"column":24}},"42":{"start":{"line":140,"column":4},"end":{"line":151,"column":5}},"43":{"start":{"line":141,"column":6},"end":{"line":144,"column":8}},"44":{"start":{"line":146,"column":6},"end":{"line":148,"column":7}},"45":{"start":{"line":147,"column":8},"end":{"line":147,"column":28}},"46":{"start":{"line":150,"column":6},"end":{"line":150,"column":41}},"47":{"start":{"line":154,"column":24},"end":{"line":196,"column":3}},"48":{"start":{"line":155,"column":4},"end":{"line":155,"column":23}},"49":{"start":{"line":156,"column":17},"end":{"line":156,"column":46}},"50":{"start":{"line":158,"column":4},"end":{"line":158,"column":24}},"51":{"start":{"line":159,"column":4},"end":{"line":195,"column":5}},"52":{"start":{"line":160,"column":27},"end":{"line":162,"column":12}},"53":{"start":{"line":164,"column":6},"end":{"line":168,"column":8}},"54":{"start":{"line":169,"column":11},"end":{"line":195,"column":5}},"55":{"start":{"line":176,"column":6},"end":{"line":188,"column":9}},"56":{"start":{"line":185,"column":12},"end":{"line":185,"column":74}},"57":{"start":{"line":190,"column":6},"end":{"line":192,"column":7}},"58":{"start":{"line":191,"column":8},"end":{"line":191,"column":28}},"59":{"start":{"line":194,"column":6},"end":{"line":194,"column":41}},"60":{"start":{"line":204,"column":2},"end":{"line":364,"column":4}},"61":{"start":{"line":228,"column":16},"end":{"line":228,"column":39}},"62":{"start":{"line":229,"column":16},"end":{"line":229,"column":43}},"63":{"start":{"line":230,"column":16},"end":{"line":232,"column":24}},"64":{"start":{"line":231,"column":18},"end":{"line":231,"column":45}},"65":{"start":{"line":249,"column":43},"end":{"line":249,"column":72}},"66":{"start":{"line":255,"column":16},"end":{"line":271,"column":17}},"67":{"start":{"line":262,"column":18},"end":{"line":270,"column":26}},"68":{"start":{"line":263,"column":20},"end":{"line":269,"column":21}},"69":{"start":{"line":264,"column":22},"end":{"line":266,"column":73}},"70":{"start":{"line":320,"column":35},"end":{"line":320,"column":72}},"71":{"start":{"line":331,"column":44},"end":{"line":331,"column":59}},"72":{"start":{"line":344,"column":40},"end":{"line":344,"column":49}}},"fnMap":{"0":{"name":"(anonymous_0)","decl":{"start":{"line":56,"column":48},"end":{"line":56,"column":49}},"loc":{"start":{"line":56,"column":57},"end":{"line":365,"column":1}},"line":56},"1":{"name":"(anonymous_1)","decl":{"start":{"line":61,"column":17},"end":{"line":61,"column":18}},"loc":{"start":{"line":61,"column":29},"end":{"line":63,"column":5}},"line":61},"2":{"name":"(anonymous_2)","decl":{"start":{"line":68,"column":4},"end":{"line":68,"column":5}},"loc":{"start":{"line":68,"column":29},"end":{"line":68,"column":53}},"line":68},"3":{"name":"(anonymous_3)","decl":{"start":{"line":71,"column":4},"end":{"line":71,"column":5}},"loc":{"start":{"line":71,"column":29},"end":{"line":71,"column":61}},"line":71},"4":{"name":"(anonymous_4)","decl":{"start":{"line":89,"column":16},"end":{"line":89,"column":17}},"loc":{"start":{"line":89,"column":43},"end":{"line":117,"column":3}},"line":89},"5":{"name":"(anonymous_5)","decl":{"start":{"line":125,"column":14},"end":{"line":125,"column":15}},"loc":{"start":{"line":125,"column":26},"end":{"line":127,"column":5}},"line":125},"6":{"name":"(anonymous_6)","decl":{"start":{"line":130,"column":11},"end":{"line":130,"column":12}},"loc":{"start":{"line":130,"column":17},"end":{"line":132,"column":3}},"line":130},"7":{"name":"(anonymous_7)","decl":{"start":{"line":136,"column":18},"end":{"line":136,"column":19}},"loc":{"start":{"line":136,"column":45},"end":{"line":152,"column":3}},"line":136},"8":{"name":"(anonymous_8)","decl":{"start":{"line":154,"column":24},"end":{"line":154,"column":25}},"loc":{"start":{"line":154,"column":51},"end":{"line":196,"column":3}},"line":154},"9":{"name":"(anonymous_9)","decl":{"start":{"line":179,"column":19},"end":{"line":179,"column":20}},"loc":{"start":{"line":179,"column":25},"end":{"line":179,"column":27}},"line":179},"10":{"name":"(anonymous_10)","decl":{"start":{"line":184,"column":19},"end":{"line":184,"column":20}},"loc":{"start":{"line":184,"column":46},"end":{"line":186,"column":11}},"line":184},"11":{"name":"(anonymous_11)","decl":{"start":{"line":227,"column":23},"end":{"line":227,"column":24}},"loc":{"start":{"line":227,"column":35},"end":{"line":233,"column":15}},"line":227},"12":{"name":"(anonymous_12)","decl":{"start":{"line":230,"column":27},"end":{"line":230,"column":28}},"loc":{"start":{"line":230,"column":33},"end":{"line":232,"column":17}},"line":230},"13":{"name":"(anonymous_13)","decl":{"start":{"line":249,"column":31},"end":{"line":249,"column":32}},"loc":{"start":{"line":249,"column":43},"end":{"line":249,"column":72}},"line":249},"14":{"name":"(anonymous_14)","decl":{"start":{"line":254,"column":23},"end":{"line":254,"column":24}},"loc":{"start":{"line":254,"column":35},"end":{"line":272,"column":15}},"line":254},"15":{"name":"(anonymous_15)","decl":{"start":{"line":262,"column":29},"end":{"line":262,"column":30}},"loc":{"start":{"line":262,"column":35},"end":{"line":270,"column":19}},"line":262},"16":{"name":"(anonymous_16)","decl":{"start":{"line":320,"column":23},"end":{"line":320,"column":24}},"loc":{"start":{"line":320,"column":35},"end":{"line":320,"column":72}},"line":320},"17":{"name":"(anonymous_17)","decl":{"start":{"line":331,"column":23},"end":{"line":331,"column":24}},"loc":{"start":{"line":331,"column":44},"end":{"line":331,"column":59}},"line":331},"18":{"name":"(anonymous_18)","decl":{"start":{"line":344,"column":19},"end":{"line":344,"column":20}},"loc":{"start":{"line":344,"column":40},"end":{"line":344,"column":49}},"line":344}},"branchMap":{"0":{"loc":{"start":{"line":61,"column":4},"end":{"line":63,"column":5}},"type":"default-arg","locations":[{"start":{"line":61,"column":17},"end":{"line":63,"column":5}}],"line":61},"1":{"loc":{"start":{"line":64,"column":6},"end":{"line":64,"column":30}},"type":"binary-expr","locations":[{"start":{"line":64,"column":6},"end":{"line":64,"column":24}},{"start":{"line":64,"column":28},"end":{"line":64,"column":30}}],"line":64},"2":{"loc":{"start":{"line":96,"column":6},"end":{"line":100,"column":7}},"type":"if","locations":[{"start":{"line":96,"column":6},"end":{"line":100,"column":7}},{"start":{"line":96,"column":6},"end":{"line":100,"column":7}}],"line":96},"3":{"loc":{"start":{"line":105,"column":6},"end":{"line":113,"column":7}},"type":"if","locations":[{"start":{"line":105,"column":6},"end":{"line":113,"column":7}},{"start":{"line":105,"column":6},"end":{"line":113,"column":7}}],"line":105},"4":{"loc":{"start":{"line":107,"column":13},"end":{"line":113,"column":7}},"type":"if","locations":[{"start":{"line":107,"column":13},"end":{"line":113,"column":7}},{"start":{"line":107,"column":13},"end":{"line":113,"column":7}}],"line":107},"5":{"loc":{"start":{"line":109,"column":13},"end":{"line":113,"column":7}},"type":"if","locations":[{"start":{"line":109,"column":13},"end":{"line":113,"column":7}},{"start":{"line":109,"column":13},"end":{"line":113,"column":7}}],"line":109},"6":{"loc":{"start":{"line":111,"column":13},"end":{"line":113,"column":7}},"type":"if","locations":[{"start":{"line":111,"column":13},"end":{"line":113,"column":7}},{"start":{"line":111,"column":13},"end":{"line":113,"column":7}}],"line":111},"7":{"loc":{"start":{"line":140,"column":4},"end":{"line":151,"column":5}},"type":"if","locations":[{"start":{"line":140,"column":4},"end":{"line":151,"column":5}},{"start":{"line":140,"column":4},"end":{"line":151,"column":5}}],"line":140},"8":{"loc":{"start":{"line":146,"column":6},"end":{"line":148,"column":7}},"type":"if","locations":[{"start":{"line":146,"column":6},"end":{"line":148,"column":7}},{"start":{"line":146,"column":6},"end":{"line":148,"column":7}}],"line":146},"9":{"loc":{"start":{"line":159,"column":4},"end":{"line":195,"column":5}},"type":"if","locations":[{"start":{"line":159,"column":4},"end":{"line":195,"column":5}},{"start":{"line":159,"column":4},"end":{"line":195,"column":5}}],"line":159},"10":{"loc":{"start":{"line":160,"column":27},"end":{"line":162,"column":12}},"type":"cond-expr","locations":[{"start":{"line":161,"column":10},"end":{"line":161,"column":47}},{"start":{"line":162,"column":10},"end":{"line":162,"column":12}}],"line":160},"11":{"loc":{"start":{"line":169,"column":11},"end":{"line":195,"column":5}},"type":"if","locations":[{"start":{"line":169,"column":11},"end":{"line":195,"column":5}},{"start":{"line":169,"column":11},"end":{"line":195,"column":5}}],"line":169},"12":{"loc":{"start":{"line":190,"column":6},"end":{"line":192,"column":7}},"type":"if","locations":[{"start":{"line":190,"column":6},"end":{"line":192,"column":7}},{"start":{"line":190,"column":6},"end":{"line":192,"column":7}}],"line":190},"13":{"loc":{"start":{"line":206,"column":14},"end":{"line":206,"column":49}},"type":"cond-expr","locations":[{"start":{"line":206,"column":35},"end":{"line":206,"column":42}},{"start":{"line":206,"column":45},"end":{"line":206,"column":49}}],"line":206},"14":{"loc":{"start":{"line":212,"column":9},"end":{"line":222,"column":9}},"type":"binary-expr","locations":[{"start":{"line":212,"column":9},"end":{"line":212,"column":27}},{"start":{"line":213,"column":10},"end":{"line":221,"column":12}}],"line":212},"15":{"loc":{"start":{"line":216,"column":16},"end":{"line":218,"column":38}},"type":"cond-expr","locations":[{"start":{"line":217,"column":20},"end":{"line":217,"column":36}},{"start":{"line":218,"column":20},"end":{"line":218,"column":38}}],"line":216},"16":{"loc":{"start":{"line":216,"column":16},"end":{"line":216,"column":71}},"type":"binary-expr","locations":[{"start":{"line":216,"column":16},"end":{"line":216,"column":38}},{"start":{"line":216,"column":42},"end":{"line":216,"column":71}}],"line":216},"17":{"loc":{"start":{"line":223,"column":9},"end":{"line":223,"column":51}},"type":"binary-expr","locations":[{"start":{"line":223,"column":9},"end":{"line":223,"column":27}},{"start":{"line":223,"column":31},"end":{"line":223,"column":51}}],"line":223},"18":{"loc":{"start":{"line":224,"column":9},"end":{"line":242,"column":9}},"type":"binary-expr","locations":[{"start":{"line":224,"column":9},"end":{"line":224,"column":23}},{"start":{"line":225,"column":10},"end":{"line":241,"column":13}}],"line":224},"19":{"loc":{"start":{"line":243,"column":9},"end":{"line":326,"column":9}},"type":"binary-expr","locations":[{"start":{"line":243,"column":9},"end":{"line":243,"column":22}},{"start":{"line":244,"column":10},"end":{"line":325,"column":17}}],"line":243},"20":{"loc":{"start":{"line":255,"column":16},"end":{"line":271,"column":17}},"type":"if","locations":[{"start":{"line":255,"column":16},"end":{"line":271,"column":17}},{"start":{"line":255,"column":16},"end":{"line":271,"column":17}}],"line":255},"21":{"loc":{"start":{"line":257,"column":18},"end":{"line":258,"column":26}},"type":"binary-expr","locations":[{"start":{"line":257,"column":18},"end":{"line":257,"column":39}},{"start":{"line":258,"column":18},"end":{"line":258,"column":26}}],"line":257},"22":{"loc":{"start":{"line":263,"column":20},"end":{"line":269,"column":21}},"type":"if","locations":[{"start":{"line":263,"column":20},"end":{"line":269,"column":21}},{"start":{"line":263,"column":20},"end":{"line":269,"column":21}}],"line":263},"23":{"loc":{"start":{"line":279,"column":16},"end":{"line":281,"column":29}},"type":"cond-expr","locations":[{"start":{"line":280,"column":20},"end":{"line":280,"column":39}},{"start":{"line":281,"column":20},"end":{"line":281,"column":29}}],"line":279},"24":{"loc":{"start":{"line":279,"column":16},"end":{"line":279,"column":59}},"type":"binary-expr","locations":[{"start":{"line":279,"column":16},"end":{"line":279,"column":36}},{"start":{"line":279,"column":40},"end":{"line":279,"column":59}}],"line":279},"25":{"loc":{"start":{"line":299,"column":16},"end":{"line":301,"column":29}},"type":"cond-expr","locations":[{"start":{"line":300,"column":20},"end":{"line":300,"column":42}},{"start":{"line":301,"column":20},"end":{"line":301,"column":29}}],"line":299},"26":{"loc":{"start":{"line":299,"column":16},"end":{"line":299,"column":65}},"type":"binary-expr","locations":[{"start":{"line":299,"column":16},"end":{"line":299,"column":39}},{"start":{"line":299,"column":43},"end":{"line":299,"column":65}}],"line":299},"27":{"loc":{"start":{"line":328,"column":9},"end":{"line":342,"column":9}},"type":"binary-expr","locations":[{"start":{"line":328,"column":9},"end":{"line":328,"column":30}},{"start":{"line":329,"column":10},"end":{"line":341,"column":13}}],"line":328},"28":{"loc":{"start":{"line":358,"column":7},"end":{"line":362,"column":7}},"type":"binary-expr","locations":[{"start":{"line":358,"column":8},"end":{"line":358,"column":29}},{"start":{"line":358,"column":33},"end":{"line":358,"column":51}},{"start":{"line":359,"column":8},"end":{"line":361,"column":15}}],"line":358}},"s":{"0":0,"1":0,"2":0,"3":0,"4":0,"5":0,"6":0,"7":0,"8":0,"9":0,"10":0,"11":0,"12":0,"13":0,"14":0,"15":0,"16":0,"17":0,"18":0,"19":0,"20":0,"21":0,"22":0,"23":0,"24":0,"25":0,"26":0,"27":0,"28":0,"29":0,"30":0,"31":0,"32":0,"33":0,"34":0,"35":0,"36":0,"37":0,"38":0,"39":0,"40":0,"41":0,"42":0,"43":0,"44":0,"45":0,"46":0,"47":0,"48":0,"49":0,"50":0,"51":0,"52":0,"53":0,"54":0,"55":0,"56":0,"57":0,"58":0,"59":0,"60":0,"61":0,"62":0,"63":0,"64":0,"65":0,"66":0,"67":0,"68":0,"69":0,"70":0,"71":0,"72":0},"f":{"0":0,"1":0,"2":0,"3":0,"4":0,"5":0,"6":0,"7":0,"8":0,"9":0,"10":0,"11":0,"12":0,"13":0,"14":0,"15":0,"16":0,"17":0,"18":0},"b":{"0":[0],"1":[0,0],"2":[0,0],"3":[0,0],"4":[0,0],"5":[0,0],"6":[0,0],"7":[0,0],"8":[0,0],"9":[0,0],"10":[0,0],"11":[0,0],"12":[0,0],"13":[0,0],"14":[0,0],"15":[0,0],"16":[0,0],"17":[0,0],"18":[0,0],"19":[0,0],"20":[0,0],"21":[0,0],"22":[0,0],"23":[0,0],"24":[0,0],"25":[0,0],"26":[0,0],"27":[0,0],"28":[0,0,0]}}
,"/Users/lumberman/GitHub/CruVokeRN/src/domain/Account/containers/AccountSignIn/styles.ts": {"path":"/Users/lumberman/GitHub/CruVokeRN/src/domain/Account/containers/AccountSignIn/styles.ts","statementMap":{"0":{"start":{"line":4,"column":21},"end":{"line":27,"column":1}},"1":{"start":{"line":29,"column":15},"end":{"line":107,"column":2}}},"fnMap":{},"branchMap":{},"s":{"0":0,"1":0},"f":{},"b":{}}
[...]
,"/Users/lumberman/GitHub/CruVokeRN/src/domain/Menu/Menu/index.tsx": {"path":"/Users/lumberman/GitHub/CruVokeRN/src/domain/Menu/Menu/index.tsx","statementMap":{"0":{"start":{"line":19,"column":2},"end":{"line":30,"column":4}},"1":{"start":{"line":34,"column":17},"end":{"line":34,"column":30}},"2":{"start":{"line":35,"column":21},"end":{"line":35,"column":36}},"3":{"start":{"line":36,"column":19},"end":{"line":36,"column":32}},"4":{"start":{"line":37,"column":16},"end":{"line":37,"column":65}},"5":{"start":{"line":37,"column":47},"end":{"line":37,"column":64}},"6":{"start":{"line":38,"column":22},"end":{"line":38,"column":45}},"7":{"start":{"line":40,"column":18},"end":{"line":51,"column":3}},"8":{"start":{"line":41,"column":4},"end":{"line":50,"column":7}},"9":{"start":{"line":44,"column":6},"end":{"line":49,"column":13}},"10":{"start":{"line":45,"column":8},"end":{"line":48,"column":11}},"11":{"start":{"line":53,"column":2},"end":{"line":206,"column":4}},"12":{"start":{"line":58,"column":26},"end":{"line":58,"column":63}},"13":{"start":{"line":64,"column":34},"end":{"line":64,"column":70}},"14":{"start":{"line":71,"column":28},"end":{"line":71,"column":64}},"15":{"start":{"line":77,"column":12},"end":{"line":88,"column":13}},"16":{"start":{"line":95,"column":12},"end":{"line":99,"column":13}},"17":{"start":{"line":96,"column":14},"end":{"line":96,"column":46}},"18":{"start":{"line":98,"column":14},"end":{"line":98,"column":50}},"19":{"start":{"line":100,"column":12},"end":{"line":107,"column":13}},"20":{"start":{"line":101,"column":14},"end":{"line":106,"column":16}},"21":{"start":{"line":103,"column":18},"end":{"line":103,"column":55}},"22":{"start":{"line":105,"column":23},"end":{"line":105,"column":54}},"23":{"start":{"line":113,"column":25},"end":{"line":113,"column":53}},"24":{"start":{"line":114,"column":12},"end":{"line":119,"column":14}},"25":{"start":{"line":116,"column":16},"end":{"line":116,"column":53}},"26":{"start":{"line":118,"column":21},"end":{"line":118,"column":58}},"27":{"start":{"line":124,"column":26},"end":{"line":124,"column":53}},"28":{"start":{"line":128,"column":26},"end":{"line":128,"column":54}},"29":{"start":{"line":134,"column":14},"end":{"line":149,"column":19}},"30":{"start":{"line":139,"column":22},"end":{"line":139,"column":39}},"31":{"start":{"line":145,"column":22},"end":{"line":145,"column":29}},"32":{"start":{"line":150,"column":14},"end":{"line":150,"column":33}}},"fnMap":{"0":{"name":"SettingsRow","decl":{"start":{"line":18,"column":9},"end":{"line":18,"column":20}},"loc":{"start":{"line":18,"column":50},"end":{"line":31,"column":1}},"line":18},"1":{"name":"Menu","decl":{"start":{"line":33,"column":9},"end":{"line":33,"column":13}},"loc":{"start":{"line":33,"column":16},"end":{"line":207,"column":1}},"line":33},"2":{"name":"(anonymous_2)","decl":{"start":{"line":37,"column":28},"end":{"line":37,"column":29}},"loc":{"start":{"line":37,"column":47},"end":{"line":37,"column":64}},"line":37},"3":{"name":"(anonymous_3)","decl":{"start":{"line":40,"column":18},"end":{"line":40,"column":19}},"loc":{"start":{"line":40,"column":24},"end":{"line":51,"column":3}},"line":40},"4":{"name":"(anonymous_4)","decl":{"start":{"line":41,"column":34},"end":{"line":41,"column":35}},"loc":{"start":{"line":41,"column":40},"end":{"line":50,"column":5}},"line":41},"5":{"name":"(anonymous_5)","decl":{"start":{"line":44,"column":17},"end":{"line":44,"column":18}},"loc":{"start":{"line":44,"column":23},"end":{"line":49,"column":7}},"line":44},"6":{"name":"(anonymous_6)","decl":{"start":{"line":58,"column":20},"end":{"line":58,"column":21}},"loc":{"start":{"line":58,"column":26},"end":{"line":58,"column":63}},"line":58},"7":{"name":"(anonymous_7)","decl":{"start":{"line":64,"column":22},"end":{"line":64,"column":23}},"loc":{"start":{"line":64,"column":34},"end":{"line":64,"column":70}},"line":64},"8":{"name":"(anonymous_8)","decl":{"start":{"line":71,"column":22},"end":{"line":71,"column":23}},"loc":{"start":{"line":71,"column":28},"end":{"line":71,"column":64}},"line":71},"9":{"name":"(anonymous_9)","decl":{"start":{"line":76,"column":20},"end":{"line":76,"column":21}},"loc":{"start":{"line":77,"column":12},"end":{"line":88,"column":13}},"line":77},"10":{"name":"(anonymous_10)","decl":{"start":{"line":93,"column":20},"end":{"line":93,"column":21}},"loc":{"start":{"line":93,"column":26},"end":{"line":108,"column":11}},"line":93},"11":{"name":"(anonymous_11)","decl":{"start":{"line":102,"column":16},"end":{"line":102,"column":17}},"loc":{"start":{"line":102,"column":31},"end":{"line":104,"column":17}},"line":102},"12":{"name":"(anonymous_12)","decl":{"start":{"line":105,"column":16},"end":{"line":105,"column":17}},"loc":{"start":{"line":105,"column":23},"end":{"line":105,"column":54}},"line":105},"13":{"name":"(anonymous_13)","decl":{"start":{"line":112,"column":20},"end":{"line":112,"column":21}},"loc":{"start":{"line":112,"column":26},"end":{"line":120,"column":11}},"line":112},"14":{"name":"(anonymous_14)","decl":{"start":{"line":115,"column":14},"end":{"line":115,"column":15}},"loc":{"start":{"line":115,"column":29},"end":{"line":117,"column":15}},"line":115},"15":{"name":"(anonymous_15)","decl":{"start":{"line":118,"column":14},"end":{"line":118,"column":15}},"loc":{"start":{"line":118,"column":21},"end":{"line":118,"column":58}},"line":118},"16":{"name":"(anonymous_16)","decl":{"start":{"line":124,"column":20},"end":{"line":124,"column":21}},"loc":{"start":{"line":124,"column":26},"end":{"line":124,"column":53}},"line":124},"17":{"name":"(anonymous_17)","decl":{"start":{"line":128,"column":20},"end":{"line":128,"column":21}},"loc":{"start":{"line":128,"column":26},"end":{"line":128,"column":54}},"line":128},"18":{"name":"(anonymous_18)","decl":{"start":{"line":133,"column":22},"end":{"line":133,"column":23}},"loc":{"start":{"line":133,"column":28},"end":{"line":151,"column":13}},"line":133},"19":{"name":"(anonymous_19)","decl":{"start":{"line":138,"column":29},"end":{"line":138,"column":30}},"loc":{"start":{"line":138,"column":35},"end":{"line":140,"column":21}},"line":138},"20":{"name":"(anonymous_20)","decl":{"start":{"line":144,"column":29},"end":{"line":144,"column":30}},"loc":{"start":{"line":144,"column":35},"end":{"line":146,"column":21}},"line":144}},"branchMap":{"0":{"loc":{"start":{"line":61,"column":9},"end":{"line":67,"column":9}},"type":"binary-expr","locations":[{"start":{"line":61,"column":9},"end":{"line":61,"column":15}},{"start":{"line":62,"column":10},"end":{"line":66,"column":12}}],"line":61},"1":{"loc":{"start":{"line":68,"column":9},"end":{"line":73,"column":9}},"type":"binary-expr","locations":[{"start":{"line":68,"column":9},"end":{"line":68,"column":15}},{"start":{"line":69,"column":10},"end":{"line":72,"column":12}}],"line":68},"2":{"loc":{"start":{"line":95,"column":12},"end":{"line":99,"column":13}},"type":"if","locations":[{"start":{"line":95,"column":12},"end":{"line":99,"column":13}},{"start":{"line":95,"column":12},"end":{"line":99,"column":13}}],"line":95},"3":{"loc":{"start":{"line":100,"column":12},"end":{"line":107,"column":13}},"type":"if","locations":[{"start":{"line":100,"column":12},"end":{"line":107,"column":13}},{"start":{"line":100,"column":12},"end":{"line":107,"column":13}}],"line":100},"4":{"loc":{"start":{"line":103,"column":18},"end":{"line":103,"column":54}},"type":"binary-expr","locations":[{"start":{"line":103,"column":18},"end":{"line":103,"column":29}},{"start":{"line":103,"column":33},"end":{"line":103,"column":54}}],"line":103},"5":{"loc":{"start":{"line":116,"column":16},"end":{"line":116,"column":52}},"type":"binary-expr","locations":[{"start":{"line":116,"column":16},"end":{"line":116,"column":27}},{"start":{"line":116,"column":31},"end":{"line":116,"column":52}}],"line":116},"6":{"loc":{"start":{"line":130,"column":9},"end":{"line":153,"column":9}},"type":"binary-expr","locations":[{"start":{"line":130,"column":9},"end":{"line":130,"column":16}},{"start":{"line":131,"column":10},"end":{"line":152,"column":12}}],"line":130},"7":{"loc":{"start":{"line":134,"column":14},"end":{"line":149,"column":18}},"type":"binary-expr","locations":[{"start":{"line":134,"column":14},"end":{"line":134,"column":20}},{"start":{"line":135,"column":16},"end":{"line":149,"column":18}}],"line":134},"8":{"loc":{"start":{"line":150,"column":14},"end":{"line":150,"column":32}},"type":"binary-expr","locations":[{"start":{"line":150,"column":14},"end":{"line":150,"column":19}},{"start":{"line":150,"column":23},"end":{"line":150,"column":32}}],"line":150}},"s":{"0":0,"1":0,"2":0,"3":0,"4":0,"5":0,"6":0,"7":0,"8":0,"9":0,"10":0,"11":0,"12":0,"13":0,"14":0,"15":0,"16":0,"17":0,"18":0,"19":0,"20":0,"21":0,"22":0,"23":0,"24":0,"25":0,"26":0,"27":0,"28":0,"29":0,"30":0,"31":0,"32":0},"f":{"0":0,"1":0,"2":0,"3":0,"4":0,"5":0,"6":0,"7":0,"8":0,"9":0,"10":0,"11":0,"12":0,"13":0,"14":0,"15":0,"16":0,"17":0,"18":0,"19":0,"20":0},"b":{"0":[0,0],"1":[0,0],"2":[0,0],"3":[0,0],"4":[0,0],"5":[0,0],"6":[0,0],"7":[0,0],"8":[0,0]}}
,"/Users/lumberman/GitHub/CruVokeRN/src/domain/Notifications/containers/Notifications/index.tsx": {"path":"/Users/lumberman/GitHub/CruVokeRN/src/domain/Notifications/containers/Notifications/index.tsx","statementMap":{"0":{"start":{"line":18,"column":19},"end":{"line":18,"column":32}},"1":{"start":{"line":19,"column":17},"end":{"line":19,"column":30}},"2":{"start":{"line":20,"column":38},"end":{"line":20,"column":52}},"3":{"start":{"line":21,"column":36},"end":{"line":21,"column":51}},"4":{"start":{"line":22,"column":13},"end":{"line":22,"column":49}},"5":{"start":{"line":22,"column":39},"end":{"line":22,"column":48}},"6":{"start":{"line":23,"column":33},"end":{"line":25,"column":3}},"7":{"start":{"line":24,"column":18},"end":{"line":24,"column":45}},"8":{"start":{"line":27,"column":24},"end":{"line":27,"column":40}},"9":{"start":{"line":28,"column":30},"end":{"line":28,"column":45}},"10":{"start":{"line":29,"column":2},"end":{"line":29,"column":72}},"11":{"start":{"line":29,"column":52},"end":{"line":29,"column":70}},"12":{"start":{"line":30,"column":2},"end":{"line":32,"column":4}},"13":{"start":{"line":31,"column":18},"end":{"line":31,"column":46}},"14":{"start":{"line":33,"column":52},"end":{"line":35,"column":3}},"15":{"start":{"line":36,"column":58},"end":{"line":38,"column":3}},"16":{"start":{"line":40,"column":40},"end":{"line":40,"column":54}},"17":{"start":{"line":42,"column":34},"end":{"line":57,"column":3}},"18":{"start":{"line":43,"column":36},"end":{"line":43,"column":63}},"19":{"start":{"line":45,"column":4},"end":{"line":56,"column":5}},"20":{"start":{"line":46,"column":33},"end":{"line":46,"column":57}},"21":{"start":{"line":48,"column":6},"end":{"line":55,"column":7}},"22":{"start":{"line":49,"column":8},"end":{"line":54,"column":10}},"23":{"start":{"line":59,"column":2},"end":{"line":61,"column":31}},"24":{"start":{"line":60,"column":4},"end":{"line":60,"column":49}},"25":{"start":{"line":63,"column":2},"end":{"line":65,"column":37}},"26":{"start":{"line":64,"column":4},"end":{"line":64,"column":51}},"27":{"start":{"line":68,"column":2},"end":{"line":76,"column":4}},"28":{"start":{"line":71,"column":6},"end":{"line":71,"column":32}},"29":{"start":{"line":72,"column":6},"end":{"line":74,"column":8}},"30":{"start":{"line":78,"column":2},"end":{"line":81,"column":5}},"31":{"start":{"line":79,"column":4},"end":{"line":79,"column":33}},"32":{"start":{"line":80,"column":4},"end":{"line":80,"column":21}},"33":{"start":{"line":84,"column":18},"end":{"line":84,"column":20}},"34":{"start":{"line":86,"column":4},"end":{"line":88,"column":5}},"35":{"start":{"line":87,"column":6},"end":{"line":87,"column":13}},"36":{"start":{"line":89,"column":17},"end":{"line":89,"column":43}},"37":{"start":{"line":90,"column":4},"end":{"line":90,"column":22}},"38":{"start":{"line":91,"column":4},"end":{"line":93,"column":5}},"39":{"start":{"line":92,"column":6},"end":{"line":92,"column":21}},"40":{"start":{"line":95,"column":4},"end":{"line":100,"column":5}},"41":{"start":{"line":96,"column":6},"end":{"line":96,"column":25}},"42":{"start":{"line":97,"column":6},"end":{"line":97,"column":46}},"43":{"start":{"line":99,"column":6},"end":{"line":99,"column":26}},"44":{"start":{"line":104,"column":4},"end":{"line":104,"column":28}},"45":{"start":{"line":107,"column":2},"end":{"line":169,"column":4}},"46":{"start":{"line":123,"column":26},"end":{"line":123,"column":46}},"47":{"start":{"line":131,"column":12},"end":{"line":136,"column":14}},"48":{"start":{"line":153,"column":14},"end":{"line":157,"column":16}},"49":{"start":{"line":155,"column":42},"end":{"line":155,"column":68}},"50":{"start":{"line":162,"column":29},"end":{"line":162,"column":43}},"51":{"start":{"line":164,"column":32},"end":{"line":164,"column":42}}},"fnMap":{"0":{"name":"Notifications","decl":{"start":{"line":17,"column":9},"end":{"line":17,"column":22}},"loc":{"start":{"line":17,"column":25},"end":{"line":170,"column":1}},"line":17},"1":{"name":"(anonymous_1)","decl":{"start":{"line":22,"column":25},"end":{"line":22,"column":26}},"loc":{"start":{"line":22,"column":39},"end":{"line":22,"column":48}},"line":22},"2":{"name":"(anonymous_2)","decl":{"start":{"line":24,"column":4},"end":{"line":24,"column":5}},"loc":{"start":{"line":24,"column":18},"end":{"line":24,"column":45}},"line":24},"3":{"name":"(anonymous_3)","decl":{"start":{"line":29,"column":38},"end":{"line":29,"column":39}},"loc":{"start":{"line":29,"column":52},"end":{"line":29,"column":70}},"line":29},"4":{"name":"(anonymous_4)","decl":{"start":{"line":31,"column":4},"end":{"line":31,"column":5}},"loc":{"start":{"line":31,"column":18},"end":{"line":31,"column":46}},"line":31},"5":{"name":"(anonymous_5)","decl":{"start":{"line":42,"column":34},"end":{"line":42,"column":35}},"loc":{"start":{"line":42,"column":40},"end":{"line":57,"column":3}},"line":42},"6":{"name":"(anonymous_6)","decl":{"start":{"line":59,"column":12},"end":{"line":59,"column":13}},"loc":{"start":{"line":59,"column":18},"end":{"line":61,"column":3}},"line":59},"7":{"name":"(anonymous_7)","decl":{"start":{"line":63,"column":12},"end":{"line":63,"column":13}},"loc":{"start":{"line":63,"column":18},"end":{"line":65,"column":3}},"line":63},"8":{"name":"(anonymous_8)","decl":{"start":{"line":70,"column":22},"end":{"line":70,"column":23}},"loc":{"start":{"line":70,"column":28},"end":{"line":75,"column":5}},"line":70},"9":{"name":"(anonymous_9)","decl":{"start":{"line":72,"column":13},"end":{"line":72,"column":14}},"loc":{"start":{"line":72,"column":25},"end":{"line":74,"column":7}},"line":72},"10":{"name":"(anonymous_10)","decl":{"start":{"line":78,"column":11},"end":{"line":78,"column":12}},"loc":{"start":{"line":78,"column":17},"end":{"line":81,"column":3}},"line":78},"11":{"name":"loadMore","decl":{"start":{"line":83,"column":17},"end":{"line":83,"column":25}},"loc":{"start":{"line":83,"column":50},"end":{"line":101,"column":3}},"line":83},"12":{"name":"handleSelectVideo","decl":{"start":{"line":103,"column":11},"end":{"line":103,"column":28}},"loc":{"start":{"line":103,"column":38},"end":{"line":105,"column":3}},"line":103},"13":{"name":"(anonymous_13)","decl":{"start":{"line":123,"column":20},"end":{"line":123,"column":21}},"loc":{"start":{"line":123,"column":26},"end":{"line":123,"column":46}},"line":123},"14":{"name":"(anonymous_14)","decl":{"start":{"line":124,"column":31},"end":{"line":124,"column":32}},"loc":{"start":{"line":124,"column":62},"end":{"line":126,"column":11}},"line":124},"15":{"name":"(anonymous_15)","decl":{"start":{"line":130,"column":18},"end":{"line":130,"column":19}},"loc":{"start":{"line":130,"column":24},"end":{"line":137,"column":11}},"line":130},"16":{"name":"(anonymous_16)","decl":{"start":{"line":152,"column":24},"end":{"line":152,"column":25}},"loc":{"start":{"line":153,"column":14},"end":{"line":157,"column":16}},"line":153},"17":{"name":"(anonymous_17)","decl":{"start":{"line":155,"column":31},"end":{"line":155,"column":32}},"loc":{"start":{"line":155,"column":42},"end":{"line":155,"column":68}},"line":155},"18":{"name":"(anonymous_18)","decl":{"start":{"line":162,"column":23},"end":{"line":162,"column":24}},"loc":{"start":{"line":162,"column":29},"end":{"line":162,"column":43}},"line":162},"19":{"name":"(anonymous_19)","decl":{"start":{"line":164,"column":26},"end":{"line":164,"column":27}},"loc":{"start":{"line":164,"column":32},"end":{"line":164,"column":42}},"line":164}},"branchMap":{"0":{"loc":{"start":{"line":45,"column":4},"end":{"line":56,"column":5}},"type":"if","locations":[{"start":{"line":45,"column":4},"end":{"line":56,"column":5}},{"start":{"line":45,"column":4},"end":{"line":56,"column":5}}],"line":45},"1":{"loc":{"start":{"line":48,"column":6},"end":{"line":55,"column":7}},"type":"if","locations":[{"start":{"line":48,"column":6},"end":{"line":55,"column":7}},{"start":{"line":48,"column":6},"end":{"line":55,"column":7}}],"line":48},"2":{"loc":{"start":{"line":83,"column":26},"end":{"line":83,"column":48}},"type":"default-arg","locations":[{"start":{"line":83,"column":43},"end":{"line":83,"column":48}}],"line":83},"3":{"loc":{"start":{"line":86,"column":4},"end":{"line":88,"column":5}},"type":"if","locations":[{"start":{"line":86,"column":4},"end":{"line":88,"column":5}},{"start":{"line":86,"column":4},"end":{"line":88,"column":5}}],"line":86},"4":{"loc":{"start":{"line":86,"column":8},"end":{"line":86,"column":77}},"type":"binary-expr","locations":[{"start":{"line":86,"column":9},"end":{"line":86,"column":27}},{"start":{"line":86,"column":31},"end":{"line":86,"column":57}},{"start":{"line":86,"column":62},"end":{"line":86,"column":77}}],"line":86},"5":{"loc":{"start":{"line":91,"column":4},"end":{"line":93,"column":5}},"type":"if","locations":[{"start":{"line":91,"column":4},"end":{"line":93,"column":5}},{"start":{"line":91,"column":4},"end":{"line":93,"column":5}}],"line":91},"6":{"loc":{"start":{"line":110,"column":15},"end":{"line":110,"column":44}},"type":"cond-expr","locations":[{"start":{"line":110,"column":29},"end":{"line":110,"column":36}},{"start":{"line":110,"column":39},"end":{"line":110,"column":44}}],"line":110},"7":{"loc":{"start":{"line":119,"column":7},"end":{"line":139,"column":7}},"type":"binary-expr","locations":[{"start":{"line":119,"column":7},"end":{"line":119,"column":18}},{"start":{"line":120,"column":8},"end":{"line":138,"column":10}}],"line":119}},"s":{"0":0,"1":0,"2":0,"3":0,"4":0,"5":0,"6":0,"7":0,"8":0,"9":0,"10":0,"11":0,"12":0,"13":0,"14":0,"15":0,"16":0,"17":0,"18":0,"19":0,"20":0,"21":0,"22":0,"23":0,"24":0,"25":0,"26":0,"27":0,"28":0,"29":0,"30":0,"31":0,"32":0,"33":0,"34":0,"35":0,"36":0,"37":0,"38":0,"39":0,"40":0,"41":0,"42":0,"43":0,"44":0,"45":0,"46":0,"47":0,"48":0,"49":0,"50":0,"51":0},"f":{"0":0,"1":0,"2":0,"3":0,"4":0,"5":0,"6":0,"7":0,"8":0,"9":0,"10":0,"11":0,"12":0,"13":0,"14":0,"15":0,"16":0,"17":0,"18":0,"19":0},"b":{"0":[0,0],"1":[0,0],"2":[0],"3":[0,0],"4":[0,0,0],"5":[0,0],"6":[0,0],"7":[0,0]}}
}
