{"/Users/lumberman/GitHub/CruVokeRN/src/App.tsx": {"path":"/Users/lumberman/GitHub/CruVokeRN/src/App.tsx","statementMap":{"0":{"start":{"line":88,"column":28},"end":{"line":100,"column":1}},"1":{"start":{"line":99,"column":34},"end":{"line":99,"column":63}},"2":{"start":{"line":103,"column":24},"end":{"line":118,"column":1}},"3":{"start":{"line":120,"column":32},"end":{"line":127,"column":1}},"4":{"start":{"line":129,"column":23},"end":{"line":129,"column":70}},"5":{"start":{"line":131,"column":30},"end":{"line":253,"column":1}},"6":{"start":{"line":132,"column":17},"end":{"line":132,"column":30}},"7":{"start":{"line":133,"column":16},"end":{"line":133,"column":39}},"8":{"start":{"line":135,"column":2},"end":{"line":145,"column":36}},"9":{"start":{"line":136,"column":4},"end":{"line":144,"column":5}},"10":{"start":{"line":138,"column":6},"end":{"line":143,"column":9}},"11":{"start":{"line":147,"column":2},"end":{"line":252,"column":4}},"12":{"start":{"line":172,"column":12},"end":{"line":172,"column":54}},"13":{"start":{"line":187,"column":12},"end":{"line":187,"column":72}},"14":{"start":{"line":196,"column":45},"end":{"line":206,"column":9}},"15":{"start":{"line":204,"column":12},"end":{"line":204,"column":51}},"16":{"start":{"line":220,"column":12},"end":{"line":220,"column":61}},"17":{"start":{"line":241,"column":12},"end":{"line":241,"column":51}},"18":{"start":{"line":255,"column":19},"end":{"line":255,"column":62}},"19":{"start":{"line":257,"column":16},"end":{"line":257,"column":39}},"20":{"start":{"line":258,"column":17},"end":{"line":258,"column":30}},"21":{"start":{"line":260,"column":2},"end":{"line":262,"column":5}},"22":{"start":{"line":263,"column":2},"end":{"line":287,"column":4}},"23":{"start":{"line":283,"column":42},"end":{"line":283,"column":78}},"24":{"start":{"line":290,"column":26},"end":{"line":290,"column":76}},"25":{"start":{"line":291,"column":33},"end":{"line":307,"column":1}},"26":{"start":{"line":292,"column":16},"end":{"line":292,"column":39}},"27":{"start":{"line":293,"column":2},"end":{"line":306,"column":4}},"28":{"start":{"line":309,"column":29},"end":{"line":370,"column":1}},"29":{"start":{"line":310,"column":19},"end":{"line":310,"column":32}},"30":{"start":{"line":311,"column":15},"end":{"line":311,"column":41}},"31":{"start":{"line":312,"column":16},"end":{"line":312,"column":50}},"32":{"start":{"line":312,"column":44},"end":{"line":312,"column":49}},"33":{"start":{"line":313,"column":16},"end":{"line":313,"column":39}},"34":{"start":{"line":316,"column":23},"end":{"line":335,"column":4}},"35":{"start":{"line":319,"column":29},"end":{"line":319,"column":79}},"36":{"start":{"line":328,"column":6},"end":{"line":328,"column":31}},"37":{"start":{"line":332,"column":6},"end":{"line":332,"column":45}},"38":{"start":{"line":333,"column":6},"end":{"line":333,"column":30}},"39":{"start":{"line":337,"column":2},"end":{"line":343,"column":9}},"40":{"start":{"line":339,"column":4},"end":{"line":342,"column":6}},"41":{"start":{"line":340,"column":17},"end":{"line":340,"column":54}},"42":{"start":{"line":341,"column":15},"end":{"line":341,"column":58}},"43":{"start":{"line":345,"column":2},"end":{"line":369,"column":4}},"44":{"start":{"line":346,"column":37},"end":{"line":346,"column":58}},"45":{"start":{"line":373,"column":27},"end":{"line":382,"column":1}},"46":{"start":{"line":374,"column":16},"end":{"line":374,"column":41}},"47":{"start":{"line":376,"column":2},"end":{"line":379,"column":3}},"48":{"start":{"line":378,"column":4},"end":{"line":378,"column":43}},"49":{"start":{"line":381,"column":2},"end":{"line":381,"column":20}},"50":{"start":{"line":384,"column":18},"end":{"line":384,"column":60}},"51":{"start":{"line":385,"column":25},"end":{"line":736,"column":1}},"52":{"start":{"line":387,"column":23},"end":{"line":387,"column":70}},"53":{"start":{"line":387,"column":54},"end":{"line":387,"column":69}},"54":{"start":{"line":388,"column":22},"end":{"line":388,"column":73}},"55":{"start":{"line":388,"column":53},"end":{"line":388,"column":72}},"56":{"start":{"line":389,"column":19},"end":{"line":389,"column":32}},"57":{"start":{"line":390,"column":18},"end":{"line":390,"column":41}},"58":{"start":{"line":392,"column":4},"end":{"line":729,"column":6}},"59":{"start":{"line":430,"column":16},"end":{"line":430,"column":51}},"60":{"start":{"line":446,"column":16},"end":{"line":446,"column":53}},"61":{"start":{"line":453,"column":42},"end":{"line":481,"column":13}},"62":{"start":{"line":460,"column":16},"end":{"line":474,"column":19}},"63":{"start":{"line":477,"column":16},"end":{"line":477,"column":52}},"64":{"start":{"line":486,"column":42},"end":{"line":520,"column":13}},"65":{"start":{"line":490,"column":16},"end":{"line":505,"column":28}},"66":{"start":{"line":493,"column":38},"end":{"line":493,"column":70}},"67":{"start":{"line":494,"column":20},"end":{"line":501,"column":21}},"68":{"start":{"line":495,"column":22},"end":{"line":495,"column":42}},"69":{"start":{"line":497,"column":22},"end":{"line":500,"column":25}},"70":{"start":{"line":534,"column":16},"end":{"line":534,"column":53}},"71":{"start":{"line":550,"column":16},"end":{"line":550,"column":53}},"72":{"start":{"line":573,"column":16},"end":{"line":573,"column":54}},"73":{"start":{"line":580,"column":42},"end":{"line":598,"column":13}},"74":{"start":{"line":583,"column":16},"end":{"line":583,"column":54}},"75":{"start":{"line":585,"column":33},"end":{"line":585,"column":44}},"76":{"start":{"line":624,"column":42},"end":{"line":641,"column":13}},"77":{"start":{"line":627,"column":16},"end":{"line":627,"column":52}},"78":{"start":{"line":646,"column":42},"end":{"line":663,"column":13}},"79":{"start":{"line":649,"column":16},"end":{"line":649,"column":51}},"80":{"start":{"line":668,"column":42},"end":{"line":683,"column":13}},"81":{"start":{"line":670,"column":46},"end":{"line":670,"column":74}},"82":{"start":{"line":688,"column":42},"end":{"line":703,"column":13}},"83":{"start":{"line":690,"column":46},"end":{"line":690,"column":75}},"84":{"start":{"line":708,"column":42},"end":{"line":725,"column":13}},"85":{"start":{"line":711,"column":16},"end":{"line":711,"column":56}},"86":{"start":{"line":734,"column":4},"end":{"line":734,"column":16}},"87":{"start":{"line":738,"column":17},"end":{"line":738,"column":58}},"88":{"start":{"line":740,"column":12},"end":{"line":975,"column":1}},"89":{"start":{"line":742,"column":21},"end":{"line":742,"column":68}},"90":{"start":{"line":742,"column":52},"end":{"line":742,"column":67}},"91":{"start":{"line":743,"column":17},"end":{"line":743,"column":62}},"92":{"start":{"line":743,"column":48},"end":{"line":743,"column":61}},"93":{"start":{"line":744,"column":19},"end":{"line":744,"column":32}},"94":{"start":{"line":745,"column":16},"end":{"line":745,"column":53}},"95":{"start":{"line":746,"column":34},"end":{"line":746,"column":48}},"96":{"start":{"line":748,"column":27},"end":{"line":752,"column":3}},"97":{"start":{"line":749,"column":4},"end":{"line":751,"column":5}},"98":{"start":{"line":750,"column":6},"end":{"line":750,"column":30}},"99":{"start":{"line":754,"column":22},"end":{"line":760,"column":3}},"100":{"start":{"line":757,"column":24},"end":{"line":757,"column":53}},"101":{"start":{"line":759,"column":4},"end":{"line":759,"column":29}},"102":{"start":{"line":763,"column":2},"end":{"line":770,"column":5}},"103":{"start":{"line":764,"column":4},"end":{"line":764,"column":18}},"104":{"start":{"line":765,"column":4},"end":{"line":765,"column":31}},"105":{"start":{"line":766,"column":4},"end":{"line":766,"column":41}},"106":{"start":{"line":767,"column":4},"end":{"line":769,"column":5}},"107":{"start":{"line":768,"column":6},"end":{"line":768,"column":30}},"108":{"start":{"line":772,"column":2},"end":{"line":776,"column":17}},"109":{"start":{"line":773,"column":4},"end":{"line":775,"column":5}},"110":{"start":{"line":778,"column":2},"end":{"line":787,"column":9}},"111":{"start":{"line":779,"column":18},"end":{"line":779,"column":54}},"112":{"start":{"line":781,"column":4},"end":{"line":781,"column":53}},"113":{"start":{"line":782,"column":4},"end":{"line":782,"column":54}},"114":{"start":{"line":789,"column":18},"end":{"line":810,"column":3}},"115":{"start":{"line":814,"column":31},"end":{"line":834,"column":3}},"116":{"start":{"line":816,"column":18},"end":{"line":816,"column":20}},"117":{"start":{"line":818,"column":4},"end":{"line":830,"column":5}},"118":{"start":{"line":820,"column":8},"end":{"line":820,"column":39}},"119":{"start":{"line":821,"column":8},"end":{"line":821,"column":14}},"120":{"start":{"line":824,"column":8},"end":{"line":824,"column":32}},"121":{"start":{"line":825,"column":8},"end":{"line":825,"column":14}},"122":{"start":{"line":828,"column":8},"end":{"line":828,"column":28}},"123":{"start":{"line":829,"column":8},"end":{"line":829,"column":14}},"124":{"start":{"line":832,"column":4},"end":{"line":832,"column":19}},"125":{"start":{"line":836,"column":2},"end":{"line":974,"column":4}},"126":{"start":{"line":841,"column":36},"end":{"line":841,"column":56}},"127":{"start":{"line":842,"column":35},"end":{"line":842,"column":60}},"128":{"start":{"line":844,"column":10},"end":{"line":851,"column":11}},"129":{"start":{"line":847,"column":12},"end":{"line":850,"column":15}},"130":{"start":{"line":853,"column":10},"end":{"line":853,"column":50}},"131":{"start":{"line":876,"column":44},"end":{"line":886,"column":15}},"132":{"start":{"line":884,"column":18},"end":{"line":884,"column":55}},"133":{"start":{"line":891,"column":44},"end":{"line":901,"column":15}},"134":{"start":{"line":899,"column":18},"end":{"line":899,"column":58}},"135":{"start":{"line":906,"column":44},"end":{"line":916,"column":15}},"136":{"start":{"line":914,"column":18},"end":{"line":914,"column":58}},"137":{"start":{"line":921,"column":51},"end":{"line":945,"column":15}},"138":{"start":{"line":928,"column":48},"end":{"line":928,"column":53}},"139":{"start":{"line":930,"column":18},"end":{"line":943,"column":20}},"140":{"start":{"line":933,"column":24},"end":{"line":935,"column":73}},"141":{"start":{"line":950,"column":44},"end":{"line":967,"column":15}},"142":{"start":{"line":953,"column":18},"end":{"line":953,"column":53}}},"fnMap":{"0":{"name":"(anonymous_0)","decl":{"start":{"line":99,"column":14},"end":{"line":99,"column":15}},"loc":{"start":{"line":99,"column":34},"end":{"line":99,"column":63}},"line":99},"1":{"name":"(anonymous_1)","decl":{"start":{"line":131,"column":30},"end":{"line":131,"column":31}},"loc":{"start":{"line":131,"column":62},"end":{"line":253,"column":1}},"line":131},"2":{"name":"(anonymous_2)","decl":{"start":{"line":135,"column":12},"end":{"line":135,"column":13}},"loc":{"start":{"line":135,"column":18},"end":{"line":145,"column":3}},"line":135},"3":{"name":"(anonymous_3)","decl":{"start":{"line":171,"column":22},"end":{"line":171,"column":23}},"loc":{"start":{"line":172,"column":12},"end":{"line":172,"column":54}},"line":172},"4":{"name":"(anonymous_4)","decl":{"start":{"line":186,"column":22},"end":{"line":186,"column":23}},"loc":{"start":{"line":187,"column":12},"end":{"line":187,"column":72}},"line":187},"5":{"name":"(anonymous_5)","decl":{"start":{"line":196,"column":17},"end":{"line":196,"column":18}},"loc":{"start":{"line":196,"column":45},"end":{"line":206,"column":9}},"line":196},"6":{"name":"(anonymous_6)","decl":{"start":{"line":203,"column":22},"end":{"line":203,"column":23}},"loc":{"start":{"line":204,"column":12},"end":{"line":204,"column":51}},"line":204},"7":{"name":"(anonymous_7)","decl":{"start":{"line":219,"column":22},"end":{"line":219,"column":23}},"loc":{"start":{"line":220,"column":12},"end":{"line":220,"column":61}},"line":220},"8":{"name":"(anonymous_8)","decl":{"start":{"line":240,"column":22},"end":{"line":240,"column":23}},"loc":{"start":{"line":241,"column":12},"end":{"line":241,"column":51}},"line":241},"9":{"name":"VideoStackScreens","decl":{"start":{"line":256,"column":9},"end":{"line":256,"column":26}},"loc":{"start":{"line":256,"column":55},"end":{"line":288,"column":1}},"line":256},"10":{"name":"(anonymous_10)","decl":{"start":{"line":283,"column":22},"end":{"line":283,"column":23}},"loc":{"start":{"line":283,"column":42},"end":{"line":283,"column":78}},"line":283},"11":{"name":"(anonymous_11)","decl":{"start":{"line":291,"column":33},"end":{"line":291,"column":34}},"loc":{"start":{"line":291,"column":39},"end":{"line":307,"column":1}},"line":291},"12":{"name":"(anonymous_12)","decl":{"start":{"line":309,"column":29},"end":{"line":309,"column":30}},"loc":{"start":{"line":309,"column":35},"end":{"line":370,"column":1}},"line":309},"13":{"name":"(anonymous_13)","decl":{"start":{"line":312,"column":35},"end":{"line":312,"column":36}},"loc":{"start":{"line":312,"column":44},"end":{"line":312,"column":49}},"line":312},"14":{"name":"(anonymous_14)","decl":{"start":{"line":319,"column":14},"end":{"line":319,"column":15}},"loc":{"start":{"line":319,"column":29},"end":{"line":319,"column":79}},"line":319},"15":{"name":"(anonymous_15)","decl":{"start":{"line":321,"column":18},"end":{"line":321,"column":19}},"loc":{"start":{"line":321,"column":30},"end":{"line":329,"column":5}},"line":321},"16":{"name":"(anonymous_16)","decl":{"start":{"line":331,"column":18},"end":{"line":331,"column":19}},"loc":{"start":{"line":331,"column":24},"end":{"line":334,"column":5}},"line":331},"17":{"name":"(anonymous_17)","decl":{"start":{"line":337,"column":12},"end":{"line":337,"column":13}},"loc":{"start":{"line":337,"column":18},"end":{"line":343,"column":3}},"line":337},"18":{"name":"(anonymous_18)","decl":{"start":{"line":340,"column":6},"end":{"line":340,"column":7}},"loc":{"start":{"line":340,"column":17},"end":{"line":340,"column":54}},"line":340},"19":{"name":"(anonymous_19)","decl":{"start":{"line":341,"column":6},"end":{"line":341,"column":7}},"loc":{"start":{"line":341,"column":15},"end":{"line":341,"column":58}},"line":341},"20":{"name":"(anonymous_20)","decl":{"start":{"line":346,"column":28},"end":{"line":346,"column":29}},"loc":{"start":{"line":346,"column":37},"end":{"line":346,"column":58}},"line":346},"21":{"name":"(anonymous_21)","decl":{"start":{"line":373,"column":27},"end":{"line":373,"column":28}},"loc":{"start":{"line":373,"column":36},"end":{"line":382,"column":1}},"line":373},"22":{"name":"(anonymous_22)","decl":{"start":{"line":386,"column":2},"end":{"line":386,"column":3}},"loc":{"start":{"line":386,"column":8},"end":{"line":730,"column":3}},"line":386},"23":{"name":"(anonymous_23)","decl":{"start":{"line":387,"column":35},"end":{"line":387,"column":36}},"loc":{"start":{"line":387,"column":54},"end":{"line":387,"column":69}},"line":387},"24":{"name":"(anonymous_24)","decl":{"start":{"line":388,"column":34},"end":{"line":388,"column":35}},"loc":{"start":{"line":388,"column":53},"end":{"line":388,"column":72}},"line":388},"25":{"name":"(anonymous_25)","decl":{"start":{"line":429,"column":26},"end":{"line":429,"column":27}},"loc":{"start":{"line":430,"column":16},"end":{"line":430,"column":51}},"line":430},"26":{"name":"(anonymous_26)","decl":{"start":{"line":445,"column":26},"end":{"line":445,"column":27}},"loc":{"start":{"line":446,"column":16},"end":{"line":446,"column":53}},"line":446},"27":{"name":"(anonymous_27)","decl":{"start":{"line":453,"column":21},"end":{"line":453,"column":22}},"loc":{"start":{"line":453,"column":42},"end":{"line":481,"column":13}},"line":453},"28":{"name":"(anonymous_28)","decl":{"start":{"line":459,"column":27},"end":{"line":459,"column":28}},"loc":{"start":{"line":460,"column":16},"end":{"line":474,"column":19}},"line":460},"29":{"name":"(anonymous_29)","decl":{"start":{"line":476,"column":26},"end":{"line":476,"column":27}},"loc":{"start":{"line":477,"column":16},"end":{"line":477,"column":52}},"line":477},"30":{"name":"(anonymous_30)","decl":{"start":{"line":486,"column":21},"end":{"line":486,"column":22}},"loc":{"start":{"line":486,"column":42},"end":{"line":520,"column":13}},"line":486},"31":{"name":"(anonymous_31)","decl":{"start":{"line":489,"column":27},"end":{"line":489,"column":28}},"loc":{"start":{"line":490,"column":16},"end":{"line":505,"column":28}},"line":490},"32":{"name":"(anonymous_32)","decl":{"start":{"line":491,"column":27},"end":{"line":491,"column":28}},"loc":{"start":{"line":491,"column":33},"end":{"line":502,"column":19}},"line":491},"33":{"name":"(anonymous_33)","decl":{"start":{"line":507,"column":26},"end":{"line":507,"column":27}},"loc":{"start":{"line":507,"column":46},"end":{"line":507,"column":48}},"line":507},"34":{"name":"(anonymous_34)","decl":{"start":{"line":533,"column":26},"end":{"line":533,"column":27}},"loc":{"start":{"line":534,"column":16},"end":{"line":534,"column":53}},"line":534},"35":{"name":"(anonymous_35)","decl":{"start":{"line":549,"column":26},"end":{"line":549,"column":27}},"loc":{"start":{"line":550,"column":16},"end":{"line":550,"column":53}},"line":550},"36":{"name":"(anonymous_36)","decl":{"start":{"line":572,"column":26},"end":{"line":572,"column":27}},"loc":{"start":{"line":573,"column":16},"end":{"line":573,"column":54}},"line":573},"37":{"name":"(anonymous_37)","decl":{"start":{"line":580,"column":21},"end":{"line":580,"column":22}},"loc":{"start":{"line":580,"column":42},"end":{"line":598,"column":13}},"line":580},"38":{"name":"(anonymous_38)","decl":{"start":{"line":582,"column":26},"end":{"line":582,"column":27}},"loc":{"start":{"line":583,"column":16},"end":{"line":583,"column":54}},"line":583},"39":{"name":"(anonymous_39)","decl":{"start":{"line":585,"column":27},"end":{"line":585,"column":28}},"loc":{"start":{"line":585,"column":33},"end":{"line":585,"column":44}},"line":585},"40":{"name":"(anonymous_40)","decl":{"start":{"line":624,"column":21},"end":{"line":624,"column":22}},"loc":{"start":{"line":624,"column":42},"end":{"line":641,"column":13}},"line":624},"41":{"name":"(anonymous_41)","decl":{"start":{"line":626,"column":26},"end":{"line":626,"column":27}},"loc":{"start":{"line":627,"column":16},"end":{"line":627,"column":52}},"line":627},"42":{"name":"(anonymous_42)","decl":{"start":{"line":646,"column":21},"end":{"line":646,"column":22}},"loc":{"start":{"line":646,"column":42},"end":{"line":663,"column":13}},"line":646},"43":{"name":"(anonymous_43)","decl":{"start":{"line":648,"column":26},"end":{"line":648,"column":27}},"loc":{"start":{"line":649,"column":16},"end":{"line":649,"column":51}},"line":649},"44":{"name":"(anonymous_44)","decl":{"start":{"line":668,"column":21},"end":{"line":668,"column":22}},"loc":{"start":{"line":668,"column":42},"end":{"line":683,"column":13}},"line":668},"45":{"name":"(anonymous_45)","decl":{"start":{"line":670,"column":26},"end":{"line":670,"column":27}},"loc":{"start":{"line":670,"column":46},"end":{"line":670,"column":74}},"line":670},"46":{"name":"(anonymous_46)","decl":{"start":{"line":688,"column":21},"end":{"line":688,"column":22}},"loc":{"start":{"line":688,"column":42},"end":{"line":703,"column":13}},"line":688},"47":{"name":"(anonymous_47)","decl":{"start":{"line":690,"column":26},"end":{"line":690,"column":27}},"loc":{"start":{"line":690,"column":46},"end":{"line":690,"column":75}},"line":690},"48":{"name":"(anonymous_48)","decl":{"start":{"line":708,"column":21},"end":{"line":708,"column":22}},"loc":{"start":{"line":708,"column":42},"end":{"line":725,"column":13}},"line":708},"49":{"name":"(anonymous_49)","decl":{"start":{"line":710,"column":26},"end":{"line":710,"column":27}},"loc":{"start":{"line":711,"column":16},"end":{"line":711,"column":56}},"line":711},"50":{"name":"(anonymous_50)","decl":{"start":{"line":731,"column":2},"end":{"line":731,"column":3}},"loc":{"start":{"line":731,"column":28},"end":{"line":735,"column":3}},"line":731},"51":{"name":"(anonymous_51)","decl":{"start":{"line":740,"column":12},"end":{"line":740,"column":13}},"loc":{"start":{"line":740,"column":18},"end":{"line":975,"column":1}},"line":740},"52":{"name":"(anonymous_52)","decl":{"start":{"line":742,"column":33},"end":{"line":742,"column":34}},"loc":{"start":{"line":742,"column":52},"end":{"line":742,"column":67}},"line":742},"53":{"name":"(anonymous_53)","decl":{"start":{"line":743,"column":29},"end":{"line":743,"column":30}},"loc":{"start":{"line":743,"column":48},"end":{"line":743,"column":61}},"line":743},"54":{"name":"(anonymous_54)","decl":{"start":{"line":748,"column":27},"end":{"line":748,"column":28}},"loc":{"start":{"line":748,"column":36},"end":{"line":752,"column":3}},"line":748},"55":{"name":"(anonymous_55)","decl":{"start":{"line":754,"column":22},"end":{"line":754,"column":23}},"loc":{"start":{"line":754,"column":34},"end":{"line":760,"column":3}},"line":754},"56":{"name":"(anonymous_56)","decl":{"start":{"line":763,"column":11},"end":{"line":763,"column":12}},"loc":{"start":{"line":763,"column":17},"end":{"line":770,"column":3}},"line":763},"57":{"name":"(anonymous_57)","decl":{"start":{"line":772,"column":12},"end":{"line":772,"column":13}},"loc":{"start":{"line":772,"column":18},"end":{"line":776,"column":3}},"line":772},"58":{"name":"(anonymous_58)","decl":{"start":{"line":778,"column":12},"end":{"line":778,"column":13}},"loc":{"start":{"line":778,"column":18},"end":{"line":787,"column":3}},"line":778},"59":{"name":"(anonymous_59)","decl":{"start":{"line":804,"column":22},"end":{"line":804,"column":23}},"loc":{"start":{"line":804,"column":41},"end":{"line":807,"column":5}},"line":804},"60":{"name":"(anonymous_60)","decl":{"start":{"line":814,"column":31},"end":{"line":814,"column":32}},"loc":{"start":{"line":814,"column":54},"end":{"line":834,"column":3}},"line":814},"61":{"name":"(anonymous_61)","decl":{"start":{"line":840,"column":23},"end":{"line":840,"column":24}},"loc":{"start":{"line":840,"column":40},"end":{"line":854,"column":9}},"line":840},"62":{"name":"(anonymous_62)","decl":{"start":{"line":876,"column":23},"end":{"line":876,"column":24}},"loc":{"start":{"line":876,"column":44},"end":{"line":886,"column":15}},"line":876},"63":{"name":"(anonymous_63)","decl":{"start":{"line":883,"column":28},"end":{"line":883,"column":29}},"loc":{"start":{"line":884,"column":18},"end":{"line":884,"column":55}},"line":884},"64":{"name":"(anonymous_64)","decl":{"start":{"line":891,"column":23},"end":{"line":891,"column":24}},"loc":{"start":{"line":891,"column":44},"end":{"line":901,"column":15}},"line":891},"65":{"name":"(anonymous_65)","decl":{"start":{"line":898,"column":28},"end":{"line":898,"column":29}},"loc":{"start":{"line":899,"column":18},"end":{"line":899,"column":58}},"line":899},"66":{"name":"(anonymous_66)","decl":{"start":{"line":906,"column":23},"end":{"line":906,"column":24}},"loc":{"start":{"line":906,"column":44},"end":{"line":916,"column":15}},"line":906},"67":{"name":"(anonymous_67)","decl":{"start":{"line":913,"column":28},"end":{"line":913,"column":29}},"loc":{"start":{"line":914,"column":18},"end":{"line":914,"column":58}},"line":914},"68":{"name":"(anonymous_68)","decl":{"start":{"line":921,"column":23},"end":{"line":921,"column":24}},"loc":{"start":{"line":921,"column":51},"end":{"line":945,"column":15}},"line":921},"69":{"name":"(anonymous_69)","decl":{"start":{"line":928,"column":28},"end":{"line":928,"column":29}},"loc":{"start":{"line":928,"column":48},"end":{"line":928,"column":53}},"line":928},"70":{"name":"(anonymous_70)","decl":{"start":{"line":929,"column":29},"end":{"line":929,"column":30}},"loc":{"start":{"line":929,"column":49},"end":{"line":944,"column":17}},"line":929},"71":{"name":"(anonymous_71)","decl":{"start":{"line":932,"column":31},"end":{"line":932,"column":32}},"loc":{"start":{"line":932,"column":43},"end":{"line":936,"column":23}},"line":932},"72":{"name":"(anonymous_72)","decl":{"start":{"line":950,"column":23},"end":{"line":950,"column":24}},"loc":{"start":{"line":950,"column":44},"end":{"line":967,"column":15}},"line":950},"73":{"name":"(anonymous_73)","decl":{"start":{"line":952,"column":28},"end":{"line":952,"column":29}},"loc":{"start":{"line":953,"column":18},"end":{"line":953,"column":53}},"line":953}},"branchMap":{"0":{"loc":{"start":{"line":136,"column":4},"end":{"line":144,"column":5}},"type":"if","locations":[{"start":{"line":136,"column":4},"end":{"line":144,"column":5}},{"start":{"line":136,"column":4},"end":{"line":144,"column":5}}],"line":136},"1":{"loc":{"start":{"line":136,"column":8},"end":{"line":136,"column":57}},"type":"binary-expr","locations":[{"start":{"line":136,"column":8},"end":{"line":136,"column":35}},{"start":{"line":136,"column":39},"end":{"line":136,"column":57}}],"line":136},"2":{"loc":{"start":{"line":140,"column":10},"end":{"line":142,"column":18}},"type":"cond-expr","locations":[{"start":{"line":141,"column":14},"end":{"line":141,"column":48}},{"start":{"line":142,"column":14},"end":{"line":142,"column":18}}],"line":140},"3":{"loc":{"start":{"line":140,"column":10},"end":{"line":140,"column":56}},"type":"binary-expr","locations":[{"start":{"line":140,"column":10},"end":{"line":140,"column":22}},{"start":{"line":140,"column":26},"end":{"line":140,"column":56}}],"line":140},"4":{"loc":{"start":{"line":261,"column":19},"end":{"line":261,"column":64}},"type":"cond-expr","locations":[{"start":{"line":261,"column":33},"end":{"line":261,"column":57}},{"start":{"line":261,"column":60},"end":{"line":261,"column":64}}],"line":261},"5":{"loc":{"start":{"line":376,"column":2},"end":{"line":379,"column":3}},"type":"if","locations":[{"start":{"line":376,"column":2},"end":{"line":379,"column":3}},{"start":{"line":376,"column":2},"end":{"line":379,"column":3}}],"line":376},"6":{"loc":{"start":{"line":395,"column":11},"end":{"line":412,"column":11}},"type":"cond-expr","locations":[{"start":{"line":396,"column":12},"end":{"line":402,"column":14}},{"start":{"line":404,"column":12},"end":{"line":411,"column":14}}],"line":395},"7":{"loc":{"start":{"line":395,"column":11},"end":{"line":395,"column":42}},"type":"binary-expr","locations":[{"start":{"line":395,"column":11},"end":{"line":395,"column":21}},{"start":{"line":395,"column":25},"end":{"line":395,"column":42}}],"line":395},"8":{"loc":{"start":{"line":494,"column":20},"end":{"line":501,"column":21}},"type":"if","locations":[{"start":{"line":494,"column":20},"end":{"line":501,"column":21}},{"start":{"line":494,"column":20},"end":{"line":501,"column":21}}],"line":494},"9":{"loc":{"start":{"line":749,"column":4},"end":{"line":751,"column":5}},"type":"if","locations":[{"start":{"line":749,"column":4},"end":{"line":751,"column":5}},{"start":{"line":749,"column":4},"end":{"line":751,"column":5}}],"line":749},"10":{"loc":{"start":{"line":767,"column":4},"end":{"line":769,"column":5}},"type":"if","locations":[{"start":{"line":767,"column":4},"end":{"line":769,"column":5}},{"start":{"line":767,"column":4},"end":{"line":769,"column":5}}],"line":767},"11":{"loc":{"start":{"line":767,"column":8},"end":{"line":767,"column":29}},"type":"binary-expr","locations":[{"start":{"line":767,"column":8},"end":{"line":767,"column":19}},{"start":{"line":767,"column":23},"end":{"line":767,"column":29}}],"line":767},"12":{"loc":{"start":{"line":773,"column":4},"end":{"line":775,"column":5}},"type":"if","locations":[{"start":{"line":773,"column":4},"end":{"line":775,"column":5}},{"start":{"line":773,"column":4},"end":{"line":775,"column":5}}],"line":773},"13":{"loc":{"start":{"line":818,"column":4},"end":{"line":830,"column":5}},"type":"switch","locations":[{"start":{"line":819,"column":6},"end":{"line":821,"column":14}},{"start":{"line":823,"column":6},"end":{"line":825,"column":14}},{"start":{"line":827,"column":6},"end":{"line":829,"column":14}}],"line":818},"14":{"loc":{"start":{"line":844,"column":10},"end":{"line":851,"column":11}},"type":"if","locations":[{"start":{"line":844,"column":10},"end":{"line":851,"column":11}},{"start":{"line":844,"column":10},"end":{"line":851,"column":11}}],"line":844},"15":{"loc":{"start":{"line":933,"column":24},"end":{"line":935,"column":72}},"type":"cond-expr","locations":[{"start":{"line":934,"column":28},"end":{"line":934,"column":52}},{"start":{"line":935,"column":28},"end":{"line":935,"column":72}}],"line":933}},"s":{"0":0,"1":0,"2":0,"3":0,"4":0,"5":0,"6":0,"7":0,"8":0,"9":0,"10":0,"11":0,"12":0,"13":0,"14":0,"15":0,"16":0,"17":0,"18":0,"19":0,"20":0,"21":0,"22":0,"23":0,"24":0,"25":0,"26":0,"27":0,"28":0,"29":0,"30":0,"31":0,"32":0,"33":0,"34":0,"35":0,"36":0,"37":0,"38":0,"39":0,"40":0,"41":0,"42":0,"43":0,"44":0,"45":0,"46":0,"47":0,"48":0,"49":0,"50":0,"51":0,"52":0,"53":0,"54":0,"55":0,"56":0,"57":0,"58":0,"59":0,"60":0,"61":0,"62":0,"63":0,"64":0,"65":0,"66":0,"67":0,"68":0,"69":0,"70":0,"71":0,"72":0,"73":0,"74":0,"75":0,"76":0,"77":0,"78":0,"79":0,"80":0,"81":0,"82":0,"83":0,"84":0,"85":0,"86":0,"87":0,"88":0,"89":0,"90":0,"91":0,"92":0,"93":0,"94":0,"95":0,"96":0,"97":0,"98":0,"99":0,"100":0,"101":0,"102":0,"103":0,"104":0,"105":0,"106":0,"107":0,"108":0,"109":0,"110":0,"111":0,"112":0,"113":0,"114":0,"115":0,"116":0,"117":0,"118":0,"119":0,"120":0,"121":0,"122":0,"123":0,"124":0,"125":0,"126":0,"127":0,"128":0,"129":0,"130":0,"131":0,"132":0,"133":0,"134":0,"135":0,"136":0,"137":0,"138":0,"139":0,"140":0,"141":0,"142":0},"f":{"0":0,"1":0,"2":0,"3":0,"4":0,"5":0,"6":0,"7":0,"8":0,"9":0,"10":0,"11":0,"12":0,"13":0,"14":0,"15":0,"16":0,"17":0,"18":0,"19":0,"20":0,"21":0,"22":0,"23":0,"24":0,"25":0,"26":0,"27":0,"28":0,"29":0,"30":0,"31":0,"32":0,"33":0,"34":0,"35":0,"36":0,"37":0,"38":0,"39":0,"40":0,"41":0,"42":0,"43":0,"44":0,"45":0,"46":0,"47":0,"48":0,"49":0,"50":0,"51":0,"52":0,"53":0,"54":0,"55":0,"56":0,"57":0,"58":0,"59":0,"60":0,"61":0,"62":0,"63":0,"64":0,"65":0,"66":0,"67":0,"68":0,"69":0,"70":0,"71":0,"72":0,"73":0},"b":{"0":[0,0],"1":[0,0],"2":[0,0],"3":[0,0],"4":[0,0],"5":[0,0],"6":[0,0],"7":[0,0],"8":[0,0],"9":[0,0],"10":[0,0],"11":[0,0],"12":[0,0],"13":[0,0,0],"14":[0,0],"15":[0,0]}}
,"/Users/lumberman/GitHub/CruVokeRN/src/Root.tsx": {"path":"/Users/lumberman/GitHub/CruVokeRN/src/Root.tsx","statementMap":{"0":{"start":{"line":17,"column":29},"end":{"line":17,"column":45}},"1":{"start":{"line":19,"column":0},"end":{"line":19,"column":44}},"2":{"start":{"line":20,"column":0},"end":{"line":20,"column":71}},"3":{"start":{"line":22,"column":13},"end":{"line":56,"column":1}},"4":{"start":{"line":23,"column":38},"end":{"line":23,"column":52}},"5":{"start":{"line":24,"column":2},"end":{"line":24,"column":17}},"6":{"start":{"line":26,"column":23},"end":{"line":38,"column":3}},"7":{"start":{"line":35,"column":4},"end":{"line":37,"column":13}},"8":{"start":{"line":36,"column":6},"end":{"line":36,"column":27}},"9":{"start":{"line":40,"column":2},"end":{"line":55,"column":4}}},"fnMap":{"0":{"name":"(anonymous_0)","decl":{"start":{"line":22,"column":13},"end":{"line":22,"column":14}},"loc":{"start":{"line":22,"column":19},"end":{"line":56,"column":1}},"line":22},"1":{"name":"(anonymous_1)","decl":{"start":{"line":26,"column":23},"end":{"line":26,"column":24}},"loc":{"start":{"line":26,"column":29},"end":{"line":38,"column":3}},"line":26},"2":{"name":"(anonymous_2)","decl":{"start":{"line":35,"column":15},"end":{"line":35,"column":16}},"loc":{"start":{"line":35,"column":21},"end":{"line":37,"column":5}},"line":35}},"branchMap":{},"s":{"0":0,"1":0,"2":0,"3":0,"4":0,"5":0,"6":0,"7":0,"8":0,"9":0},"f":{"0":0,"1":0,"2":0},"b":{}}
,"/Users/lumberman/GitHub/CruVokeRN/src/RootNavigation.ts": {"path":"/Users/lumberman/GitHub/CruVokeRN/src/RootNavigation.ts","statementMap":{"0":{"start":{"line":7,"column":29},"end":{"line":7,"column":46}},"1":{"start":{"line":8,"column":28},"end":{"line":8,"column":45}},"2":{"start":{"line":11,"column":2},"end":{"line":11,"column":48}},"3":{"start":{"line":15,"column":2},"end":{"line":15,"column":62}},"4":{"start":{"line":19,"column":2},"end":{"line":19,"column":64}},"5":{"start":{"line":22,"column":32},"end":{"line":34,"column":1}},"6":{"start":{"line":22,"column":55},"end":{"line":34,"column":1}},"7":{"start":{"line":23,"column":17},"end":{"line":27,"column":3}},"8":{"start":{"line":29,"column":2},"end":{"line":33,"column":5}}},"fnMap":{"0":{"name":"navigate","decl":{"start":{"line":10,"column":16},"end":{"line":10,"column":24}},"loc":{"start":{"line":10,"column":39},"end":{"line":12,"column":1}},"line":10},"1":{"name":"push","decl":{"start":{"line":14,"column":16},"end":{"line":14,"column":20}},"loc":{"start":{"line":14,"column":30},"end":{"line":16,"column":1}},"line":14},"2":{"name":"reset","decl":{"start":{"line":18,"column":16},"end":{"line":18,"column":21}},"loc":{"start":{"line":18,"column":31},"end":{"line":20,"column":1}},"line":18},"3":{"name":"(anonymous_3)","decl":{"start":{"line":22,"column":32},"end":{"line":22,"column":33}},"loc":{"start":{"line":22,"column":55},"end":{"line":34,"column":1}},"line":22},"4":{"name":"(anonymous_4)","decl":{"start":{"line":22,"column":55},"end":{"line":22,"column":56}},"loc":{"start":{"line":22,"column":66},"end":{"line":34,"column":1}},"line":22}},"branchMap":{},"s":{"0":0,"1":0,"2":0,"3":0,"4":0,"5":0,"6":0,"7":0,"8":0},"f":{"0":0,"1":0,"2":0,"3":0,"4":0},"b":{}}
,"/Users/lumberman/GitHub/CruVokeRN/src/index.d.ts": {"path":"/Users/lumberman/GitHub/CruVokeRN/src/index.d.ts","statementMap":{},"fnMap":{},"branchMap":{},"s":{},"f":{},"b":{}}
,"/Users/lumberman/GitHub/CruVokeRN/src/store.ts": {"path":"/Users/lumberman/GitHub/CruVokeRN/src/store.ts","statementMap":{"0":{"start":{"line":12,"column":17},"end":{"line":15,"column":1}},"1":{"start":{"line":12,"column":26},"end":{"line":15,"column":1}},"2":{"start":{"line":12,"column":34},"end":{"line":15,"column":1}},"3":{"start":{"line":14,"column":2},"end":{"line":14,"column":22}},"4":{"start":{"line":17,"column":25},"end":{"line":17,"column":44}},"5":{"start":{"line":18,"column":18},"end":{"line":18,"column":20}},"6":{"start":{"line":19,"column":20},"end":{"line":19,"column":64}},"7":{"start":{"line":21,"column":2},"end":{"line":23,"column":9}},"8":{"start":{"line":24,"column":26},"end":{"line":27,"column":1}},"9":{"start":{"line":30,"column":19},"end":{"line":52,"column":1}},"10":{"start":{"line":31,"column":2},"end":{"line":51,"column":3}},"11":{"start":{"line":32,"column":18},"end":{"line":32,"column":20}},"12":{"start":{"line":35,"column":4},"end":{"line":44,"column":5}},"13":{"start":{"line":37,"column":27},"end":{"line":37,"column":63}},"14":{"start":{"line":38,"column":6},"end":{"line":40,"column":7}},"15":{"start":{"line":39,"column":8},"end":{"line":39,"column":72}},"16":{"start":{"line":43,"column":6},"end":{"line":43,"column":65}},"17":{"start":{"line":45,"column":4},"end":{"line":47,"column":5}},"18":{"start":{"line":46,"column":6},"end":{"line":46,"column":37}},"19":{"start":{"line":48,"column":4},"end":{"line":48,"column":19}},"20":{"start":{"line":50,"column":4},"end":{"line":50,"column":54}},"21":{"start":{"line":55,"column":16},"end":{"line":59,"column":3}},"22":{"start":{"line":61,"column":2},"end":{"line":90,"column":4}},"23":{"start":{"line":64,"column":23},"end":{"line":64,"column":41}},"24":{"start":{"line":65,"column":19},"end":{"line":65,"column":41}},"25":{"start":{"line":66,"column":6},"end":{"line":88,"column":7}},"26":{"start":{"line":71,"column":8},"end":{"line":87,"column":11}}},"fnMap":{"0":{"name":"(anonymous_0)","decl":{"start":{"line":12,"column":17},"end":{"line":12,"column":18}},"loc":{"start":{"line":12,"column":26},"end":{"line":15,"column":1}},"line":12},"1":{"name":"(anonymous_1)","decl":{"start":{"line":12,"column":26},"end":{"line":12,"column":27}},"loc":{"start":{"line":12,"column":34},"end":{"line":15,"column":1}},"line":12},"2":{"name":"(anonymous_2)","decl":{"start":{"line":12,"column":34},"end":{"line":12,"column":35}},"loc":{"start":{"line":12,"column":44},"end":{"line":15,"column":1}},"line":12},"3":{"name":"(anonymous_3)","decl":{"start":{"line":30,"column":19},"end":{"line":30,"column":20}},"loc":{"start":{"line":30,"column":31},"end":{"line":52,"column":1}},"line":30},"4":{"name":"configureStore","decl":{"start":{"line":54,"column":9},"end":{"line":54,"column":23}},"loc":{"start":{"line":54,"column":38},"end":{"line":91,"column":1}},"line":54},"5":{"name":"(anonymous_5)","decl":{"start":{"line":63,"column":41},"end":{"line":63,"column":42}},"loc":{"start":{"line":63,"column":70},"end":{"line":89,"column":5}},"line":63}},"branchMap":{"0":{"loc":{"start":{"line":21,"column":2},"end":{"line":23,"column":9}},"type":"binary-expr","locations":[{"start":{"line":21,"column":3},"end":{"line":21,"column":32}},{"start":{"line":22,"column":4},"end":{"line":22,"column":47}},{"start":{"line":23,"column":2},"end":{"line":23,"column":9}}],"line":21},"1":{"loc":{"start":{"line":35,"column":4},"end":{"line":44,"column":5}},"type":"if","locations":[{"start":{"line":35,"column":4},"end":{"line":44,"column":5}},{"start":{"line":35,"column":4},"end":{"line":44,"column":5}}],"line":35},"2":{"loc":{"start":{"line":38,"column":6},"end":{"line":40,"column":7}},"type":"if","locations":[{"start":{"line":38,"column":6},"end":{"line":40,"column":7}},{"start":{"line":38,"column":6},"end":{"line":40,"column":7}}],"line":38},"3":{"loc":{"start":{"line":38,"column":10},"end":{"line":38,"column":75}},"type":"binary-expr","locations":[{"start":{"line":38,"column":10},"end":{"line":38,"column":29}},{"start":{"line":38,"column":33},"end":{"line":38,"column":75}}],"line":38},"4":{"loc":{"start":{"line":45,"column":4},"end":{"line":47,"column":5}},"type":"if","locations":[{"start":{"line":45,"column":4},"end":{"line":47,"column":5}},{"start":{"line":45,"column":4},"end":{"line":47,"column":5}}],"line":45},"5":{"loc":{"start":{"line":66,"column":6},"end":{"line":88,"column":7}},"type":"if","locations":[{"start":{"line":66,"column":6},"end":{"line":88,"column":7}},{"start":{"line":66,"column":6},"end":{"line":88,"column":7}}],"line":66},"6":{"loc":{"start":{"line":67,"column":8},"end":{"line":69,"column":26}},"type":"binary-expr","locations":[{"start":{"line":67,"column":9},"end":{"line":67,"column":26}},{"start":{"line":67,"column":30},"end":{"line":67,"column":45}},{"start":{"line":68,"column":8},"end":{"line":68,"column":28}},{"start":{"line":69,"column":8},"end":{"line":69,"column":26}}],"line":67}},"s":{"0":0,"1":0,"2":0,"3":0,"4":0,"5":0,"6":0,"7":0,"8":0,"9":0,"10":0,"11":0,"12":0,"13":0,"14":0,"15":0,"16":0,"17":0,"18":0,"19":0,"20":0,"21":0,"22":0,"23":0,"24":0,"25":0,"26":0},"f":{"0":0,"1":0,"2":0,"3":0,"4":0,"5":0},"b":{"0":[0,0,0],"1":[0,0],"2":[0,0],"3":[0,0],"4":[0,0],"5":[0,0],"6":[0,0,0,0]}}
,"/Users/lumberman/GitHub/CruVokeRN/src/wdyr.js": {"path":"/Users/lumberman/GitHub/CruVokeRN/src/wdyr.js","statementMap":{"0":{"start":{"line":3,"column":0},"end":{"line":13,"column":1}},"1":{"start":{"line":4,"column":26},"end":{"line":4,"column":74}},"2":{"start":{"line":5,"column":21},"end":{"line":5,"column":43}},"3":{"start":{"line":6,"column":2},"end":{"line":9,"column":5}}},"fnMap":{},"branchMap":{"0":{"loc":{"start":{"line":3,"column":0},"end":{"line":13,"column":1}},"type":"if","locations":[{"start":{"line":3,"column":0},"end":{"line":13,"column":1}},{"start":{"line":3,"column":0},"end":{"line":13,"column":1}}],"line":3}},"s":{"0":0,"1":0,"2":0,"3":0},"f":{},"b":{"0":[0,0]}}
}
