TN:
SF:src/App.tsx
FN:99,(anonymous_0)
FN:131,(anonymous_1)
FN:135,(anonymous_2)
FN:171,(anonymous_3)
FN:186,(anonymous_4)
FN:196,(anonymous_5)
FN:203,(anonymous_6)
FN:219,(anonymous_7)
FN:240,(anonymous_8)
FN:256,VideoStackScreens
FN:283,(anonymous_10)
FN:291,(anonymous_11)
FN:309,(anonymous_12)
FN:312,(anonymous_13)
FN:319,(anonymous_14)
FN:321,(anonymous_15)
FN:331,(anonymous_16)
FN:337,(anonymous_17)
FN:340,(anonymous_18)
FN:341,(anonymous_19)
FN:346,(anonymous_20)
FN:373,(anonymous_21)
FN:386,(anonymous_22)
FN:387,(anonymous_23)
FN:388,(anonymous_24)
FN:429,(anonymous_25)
FN:445,(anonymous_26)
FN:453,(anonymous_27)
FN:459,(anonymous_28)
FN:476,(anonymous_29)
FN:486,(anonymous_30)
FN:489,(anonymous_31)
FN:491,(anonymous_32)
FN:507,(anonymous_33)
FN:533,(anonymous_34)
FN:549,(anonymous_35)
FN:572,(anonymous_36)
FN:580,(anonymous_37)
FN:582,(anonymous_38)
FN:585,(anonymous_39)
FN:624,(anonymous_40)
FN:626,(anonymous_41)
FN:646,(anonymous_42)
FN:648,(anonymous_43)
FN:668,(anonymous_44)
FN:670,(anonymous_45)
FN:688,(anonymous_46)
FN:690,(anonymous_47)
FN:708,(anonymous_48)
FN:710,(anonymous_49)
FN:731,(anonymous_50)
FN:740,(anonymous_51)
FN:742,(anonymous_52)
FN:743,(anonymous_53)
FN:748,(anonymous_54)
FN:754,(anonymous_55)
FN:763,(anonymous_56)
FN:772,(anonymous_57)
FN:778,(anonymous_58)
FN:804,(anonymous_59)
FN:814,(anonymous_60)
FN:840,(anonymous_61)
FN:876,(anonymous_62)
FN:883,(anonymous_63)
FN:891,(anonymous_64)
FN:898,(anonymous_65)
FN:906,(anonymous_66)
FN:913,(anonymous_67)
FN:921,(anonymous_68)
FN:928,(anonymous_69)
FN:929,(anonymous_70)
FN:932,(anonymous_71)
FN:950,(anonymous_72)
FN:952,(anonymous_73)
FNF:74
FNH:0
FNDA:0,(anonymous_0)
FNDA:0,(anonymous_1)
FNDA:0,(anonymous_2)
FNDA:0,(anonymous_3)
FNDA:0,(anonymous_4)
FNDA:0,(anonymous_5)
FNDA:0,(anonymous_6)
FNDA:0,(anonymous_7)
FNDA:0,(anonymous_8)
FNDA:0,VideoStackScreens
FNDA:0,(anonymous_10)
FNDA:0,(anonymous_11)
FNDA:0,(anonymous_12)
FNDA:0,(anonymous_13)
FNDA:0,(anonymous_14)
FNDA:0,(anonymous_15)
FNDA:0,(anonymous_16)
FNDA:0,(anonymous_17)
FNDA:0,(anonymous_18)
FNDA:0,(anonymous_19)
FNDA:0,(anonymous_20)
FNDA:0,(anonymous_21)
FNDA:0,(anonymous_22)
FNDA:0,(anonymous_23)
FNDA:0,(anonymous_24)
FNDA:0,(anonymous_25)
FNDA:0,(anonymous_26)
FNDA:0,(anonymous_27)
FNDA:0,(anonymous_28)
FNDA:0,(anonymous_29)
FNDA:0,(anonymous_30)
FNDA:0,(anonymous_31)
FNDA:0,(anonymous_32)
FNDA:0,(anonymous_33)
FNDA:0,(anonymous_34)
FNDA:0,(anonymous_35)
FNDA:0,(anonymous_36)
FNDA:0,(anonymous_37)
FNDA:0,(anonymous_38)
FNDA:0,(anonymous_39)
FNDA:0,(anonymous_40)
FNDA:0,(anonymous_41)
FNDA:0,(anonymous_42)
FNDA:0,(anonymous_43)
FNDA:0,(anonymous_44)
FNDA:0,(anonymous_45)
FNDA:0,(anonymous_46)
FNDA:0,(anonymous_47)
FNDA:0,(anonymous_48)
FNDA:0,(anonymous_49)
FNDA:0,(anonymous_50)
FNDA:0,(anonymous_51)
FNDA:0,(anonymous_52)
FNDA:0,(anonymous_53)
FNDA:0,(anonymous_54)
FNDA:0,(anonymous_55)
FNDA:0,(anonymous_56)
FNDA:0,(anonymous_57)
FNDA:0,(anonymous_58)
FNDA:0,(anonymous_59)
FNDA:0,(anonymous_60)
FNDA:0,(anonymous_61)
FNDA:0,(anonymous_62)
FNDA:0,(anonymous_63)
FNDA:0,(anonymous_64)
FNDA:0,(anonymous_65)
FNDA:0,(anonymous_66)
FNDA:0,(anonymous_67)
FNDA:0,(anonymous_68)
FNDA:0,(anonymous_69)
FNDA:0,(anonymous_70)
FNDA:0,(anonymous_71)
FNDA:0,(anonymous_72)
FNDA:0,(anonymous_73)
DA:88,0
DA:99,0
DA:103,0
DA:120,0
DA:129,0
DA:131,0
DA:132,0
DA:133,0
DA:135,0
DA:136,0
DA:138,0
DA:147,0
DA:172,0
DA:187,0
DA:196,0
DA:204,0
DA:220,0
DA:241,0
DA:255,0
DA:257,0
DA:258,0
DA:260,0
DA:263,0
DA:283,0
DA:290,0
DA:291,0
DA:292,0
DA:293,0
DA:309,0
DA:310,0
DA:311,0
DA:312,0
DA:313,0
DA:316,0
DA:319,0
DA:328,0
DA:332,0
DA:333,0
DA:337,0
DA:339,0
DA:340,0
DA:341,0
DA:345,0
DA:346,0
DA:373,0
DA:374,0
DA:376,0
DA:378,0
DA:381,0
DA:384,0
DA:385,0
DA:387,0
DA:388,0
DA:389,0
DA:390,0
DA:392,0
DA:430,0
DA:446,0
DA:453,0
DA:460,0
DA:477,0
DA:486,0
DA:490,0
DA:493,0
DA:494,0
DA:495,0
DA:497,0
DA:534,0
DA:550,0
DA:573,0
DA:580,0
DA:583,0
DA:585,0
DA:624,0
DA:627,0
DA:646,0
DA:649,0
DA:668,0
DA:670,0
DA:688,0
DA:690,0
DA:708,0
DA:711,0
DA:734,0
DA:738,0
DA:740,0
DA:742,0
DA:743,0
DA:744,0
DA:745,0
DA:746,0
DA:748,0
DA:749,0
DA:750,0
DA:754,0
DA:757,0
DA:759,0
DA:763,0
DA:764,0
DA:765,0
DA:766,0
DA:767,0
DA:768,0
DA:772,0
DA:773,0
DA:778,0
DA:779,0
DA:781,0
DA:782,0
DA:789,0
DA:814,0
DA:816,0
DA:818,0
DA:820,0
DA:821,0
DA:824,0
DA:825,0
DA:828,0
DA:829,0
DA:832,0
DA:836,0
DA:841,0
DA:842,0
DA:844,0
DA:847,0
DA:853,0
DA:876,0
DA:884,0
DA:891,0
DA:899,0
DA:906,0
DA:914,0
DA:921,0
DA:928,0
DA:930,0
DA:933,0
DA:950,0
DA:953,0
LF:138
LH:0
BRDA:136,0,0,0
BRDA:136,0,1,0
BRDA:136,1,0,0
BRDA:136,1,1,0
BRDA:140,2,0,0
BRDA:140,2,1,0
BRDA:140,3,0,0
BRDA:140,3,1,0
BRDA:261,4,0,0
BRDA:261,4,1,0
BRDA:376,5,0,0
BRDA:376,5,1,0
BRDA:395,6,0,0
BRDA:395,6,1,0
BRDA:395,7,0,0
BRDA:395,7,1,0
BRDA:494,8,0,0
BRDA:494,8,1,0
BRDA:749,9,0,0
BRDA:749,9,1,0
BRDA:767,10,0,0
BRDA:767,10,1,0
BRDA:767,11,0,0
BRDA:767,11,1,0
BRDA:773,12,0,0
BRDA:773,12,1,0
BRDA:818,13,0,0
BRDA:818,13,1,0
BRDA:818,13,2,0
BRDA:844,14,0,0
BRDA:844,14,1,0
BRDA:933,15,0,0
BRDA:933,15,1,0
BRF:33
BRH:0
end_of_record
TN:
SF:src/Root.tsx
FN:22,(anonymous_0)
FN:26,(anonymous_1)
FN:35,(anonymous_2)
FNF:3
FNH:0
FNDA:0,(anonymous_0)
FNDA:0,(anonymous_1)
FNDA:0,(anonymous_2)
DA:17,0
DA:19,0
DA:20,0
DA:22,0
DA:23,0
DA:24,0
DA:26,0
DA:35,0
DA:36,0
DA:40,0
LF:10
LH:0
BRF:0
BRH:0
end_of_record
TN:
SF:src/RootNavigation.ts
FN:10,navigate
FN:14,push
FN:18,reset
FN:22,(anonymous_3)
FN:22,(anonymous_4)
FNF:5
FNH:0
FNDA:0,navigate
FNDA:0,push
FNDA:0,reset
FNDA:0,(anonymous_3)
FNDA:0,(anonymous_4)
DA:7,0
DA:8,0
DA:11,0
DA:15,0
DA:19,0
DA:22,0
DA:23,0
DA:29,0
LF:8
LH:0
BRF:0
BRH:0
end_of_record
TN:
SF:src/index.d.ts
FNF:0
FNH:0
LF:0
LH:0
BRF:0
BRH:0
end_of_record
TN:
SF:src/store.ts
FN:12,(anonymous_0)
FN:12,(anonymous_1)
FN:12,(anonymous_2)
FN:30,(anonymous_3)
FN:54,configureStore
FN:63,(anonymous_5)
FNF:6
FNH:0
FNDA:0,(anonymous_0)
FNDA:0,(anonymous_1)
FNDA:0,(anonymous_2)
FNDA:0,(anonymous_3)
FNDA:0,configureStore
FNDA:0,(anonymous_5)
DA:12,0
DA:14,0
DA:17,0
DA:18,0
DA:19,0
DA:21,0
DA:24,0
DA:30,0
DA:31,0
DA:32,0
DA:35,0
DA:37,0
DA:38,0
DA:39,0
DA:43,0
DA:45,0
DA:46,0
DA:48,0
DA:50,0
DA:55,0
DA:61,0
DA:64,0
DA:65,0
DA:66,0
DA:71,0
LF:25
LH:0
BRDA:21,0,0,0
BRDA:21,0,1,0
BRDA:21,0,2,0
BRDA:35,1,0,0
BRDA:35,1,1,0
BRDA:38,2,0,0
BRDA:38,2,1,0
BRDA:38,3,0,0
BRDA:38,3,1,0
BRDA:45,4,0,0
BRDA:45,4,1,0
BRDA:66,5,0,0
BRDA:66,5,1,0
BRDA:67,6,0,0
BRDA:67,6,1,0
BRDA:67,6,2,0
BRDA:67,6,3,0
BRF:17
BRH:0
end_of_record
TN:
SF:src/wdyr.js
FNF:0
FNH:0
DA:3,0
DA:4,0
DA:5,0
DA:6,0
LF:4
LH:0
BRDA:3,0,0,0
BRDA:3,0,1,0
BRF:2
BRH:0
end_of_record
