TN:
SF:src/domain/Account/containers/AccountBlocked/index.tsx
FN:16,(anonymous_0)
FN:19,(anonymous_1)
FN:23,(anonymous_2)
FN:25,(anonymous_3)
FNF:4
FNH:0
FNDA:0,(anonymous_0)
FNDA:0,(anonymous_1)
FNDA:0,(anonymous_2)
FNDA:0,(anonymous_3)
DA:16,0
DA:17,0
DA:19,0
DA:20,0
DA:23,0
DA:24,0
DA:25,0
DA:32,0
LF:8
LH:0
BRF:0
BRH:0
end_of_record
TN:
SF:src/domain/Account/containers/AccountBlocked/styles.ts
FNF:0
FNH:0
DA:4,0
LF:1
LH:0
BRDA:8,0,0,0
BRDA:8,0,1,0
BRF:2
BRH:0
end_of_record
TN:
SF:src/domain/Account/containers/AccountCreate/index.tsx
FN:60,(anonymous_0)
FN:68,(anonymous_1)
FN:69,(anonymous_2)
FN:92,(anonymous_3)
FN:96,(anonymous_4)
FN:104,(anonymous_5)
FN:177,(anonymous_6)
FN:187,(anonymous_7)
FN:191,(anonymous_8)
FN:206,(anonymous_9)
FN:211,(anonymous_10)
FN:233,(anonymous_11)
FN:260,(anonymous_12)
FN:267,(anonymous_13)
FNF:14
FNH:0
FNDA:0,(anonymous_0)
FNDA:0,(anonymous_1)
FNDA:0,(anonymous_2)
FNDA:0,(anonymous_3)
FNDA:0,(anonymous_4)
FNDA:0,(anonymous_5)
FNDA:0,(anonymous_6)
FNDA:0,(anonymous_7)
FNDA:0,(anonymous_8)
FNDA:0,(anonymous_9)
FNDA:0,(anonymous_10)
FNDA:0,(anonymous_11)
FNDA:0,(anonymous_12)
FNDA:0,(anonymous_13)
DA:60,0
DA:62,0
DA:63,0
DA:64,0
DA:65,0
DA:66,0
DA:68,0
DA:69,0
DA:71,0
DA:72,0
DA:73,0
DA:74,0
DA:76,0
DA:79,0
DA:81,0
DA:82,0
DA:83,0
DA:87,0
DA:92,0
DA:93,0
DA:96,0
DA:97,0
DA:98,0
DA:99,0
DA:101,0
DA:104,0
DA:106,0
DA:107,0
DA:109,0
DA:110,0
DA:126,0
DA:127,0
DA:128,0
DA:130,0
DA:133,0
DA:135,0
DA:136,0
DA:139,0
DA:140,0
DA:144,0
DA:177,0
DA:188,0
DA:191,0
DA:192,0
DA:206,0
DA:211,0
DA:233,0
DA:260,0
DA:267,0
LF:49
LH:0
BRDA:61,0,0,0
BRDA:62,1,0,0
BRDA:62,1,1,0
BRDA:98,2,0,0
BRDA:98,2,1,0
BRDA:106,3,0,0
BRDA:106,3,1,0
BRDA:106,4,0,0
BRDA:106,4,1,0
BRDA:127,5,0,0
BRDA:127,5,1,0
BRDA:136,6,0,0
BRDA:136,6,1,0
BRDA:147,7,0,0
BRDA:147,7,1,0
BRDA:151,8,0,0
BRDA:151,8,1,0
BRDA:158,9,0,0
BRDA:158,9,1,0
BRDA:164,10,0,0
BRDA:164,10,1,0
BRDA:188,11,0,0
BRDA:188,11,1,0
BRDA:188,12,0,0
BRDA:188,12,1,0
BRDA:188,12,2,0
BRF:26
BRH:0
end_of_record
TN:
SF:src/domain/Account/containers/AccountCreate/styles.ts
FNF:0
FNH:0
DA:5,0
LF:1
LH:0
BRF:0
BRH:0
end_of_record
TN:
SF:src/domain/Account/containers/AccountEmail/index.tsx
FN:30,(anonymous_0)
FN:56,(anonymous_1)
FN:64,(anonymous_2)
FN:69,(anonymous_3)
FN:77,(anonymous_4)
FN:169,(anonymous_5)
FN:188,(anonymous_6)
FN:189,(anonymous_7)
FN:195,(anonymous_8)
FN:205,(anonymous_9)
FN:210,(anonymous_10)
FN:240,(anonymous_11)
FNF:12
FNH:0
FNDA:0,(anonymous_0)
FNDA:0,(anonymous_1)
FNDA:0,(anonymous_2)
FNDA:0,(anonymous_3)
FNDA:0,(anonymous_4)
FNDA:0,(anonymous_5)
FNDA:0,(anonymous_6)
FNDA:0,(anonymous_7)
FNDA:0,(anonymous_8)
FNDA:0,(anonymous_9)
FNDA:0,(anonymous_10)
FNDA:0,(anonymous_11)
DA:30,0
DA:31,0
DA:32,0
DA:33,0
DA:35,0
DA:36,0
DA:37,0
DA:38,0
DA:39,0
DA:40,0
DA:48,0
DA:50,0
DA:51,0
DA:52,0
DA:54,0
DA:56,0
DA:57,0
DA:58,0
DA:60,0
DA:64,0
DA:65,0
DA:66,0
DA:69,0
DA:70,0
DA:71,0
DA:72,0
DA:74,0
DA:77,0
DA:78,0
DA:79,0
DA:81,0
DA:82,0
DA:83,0
DA:84,0
DA:85,0
DA:86,0
DA:87,0
DA:89,0
DA:90,0
DA:92,0
DA:94,0
DA:104,0
DA:105,0
DA:114,0
DA:115,0
DA:118,0
DA:119,0
DA:120,0
DA:125,0
DA:169,0
DA:188,0
DA:189,0
DA:195,0
DA:205,0
DA:210,0
DA:240,0
LF:56
LH:0
BRDA:57,0,0,0
BRDA:57,0,1,0
BRDA:71,1,0,0
BRDA:71,1,1,0
BRDA:81,2,0,0
BRDA:81,2,1,0
BRDA:81,3,0,0
BRDA:81,3,1,0
BRDA:84,4,0,0
BRDA:84,4,1,0
BRDA:87,5,0,0
BRDA:87,5,1,0
BRDA:127,6,0,0
BRDA:127,6,1,0
BRDA:139,7,0,0
BRDA:139,7,1,0
BRDA:248,8,0,0
BRDA:248,8,1,0
BRF:18
BRH:0
end_of_record
TN:
SF:src/domain/Account/containers/AccountEmail/styles.ts
FNF:0
FNH:0
DA:5,0
LF:1
LH:0
BRF:0
BRH:0
end_of_record
TN:
SF:src/domain/Account/containers/AccountForgotPassword/index.tsx
FN:29,(anonymous_0)
FN:41,(anonymous_1)
FN:45,(anonymous_2)
FN:53,(anonymous_3)
FN:54,(anonymous_4)
FN:56,(anonymous_5)
FN:156,(anonymous_6)
FNF:7
FNH:0
FNDA:0,(anonymous_0)
FNDA:0,(anonymous_1)
FNDA:0,(anonymous_2)
FNDA:0,(anonymous_3)
FNDA:0,(anonymous_4)
FNDA:0,(anonymous_5)
FNDA:0,(anonymous_6)
DA:29,0
DA:30,0
DA:31,0
DA:32,0
DA:33,0
DA:34,0
DA:35,0
DA:36,0
DA:39,0
DA:41,0
DA:42,0
DA:45,0
DA:46,0
DA:47,0
DA:48,0
DA:50,0
DA:53,0
DA:54,0
DA:55,0
DA:56,0
DA:61,0
DA:156,0
LF:22
LH:0
BRDA:47,0,0,0
BRDA:47,0,1,0
BRDA:69,1,0,0
BRDA:69,1,1,0
BRDA:139,2,0,0
BRDA:139,2,1,0
BRF:6
BRH:0
end_of_record
TN:
SF:src/domain/Account/containers/AccountForgotPassword/styles.ts
FNF:0
FNH:0
DA:5,0
LF:1
LH:0
BRF:0
BRH:0
end_of_record
TN:
SF:src/domain/Account/containers/AccountName/index.tsx
FN:48,(anonymous_0)
FN:57,(anonymous_1)
FN:60,(anonymous_2)
FN:62,(anonymous_3)
FN:81,(anonymous_4)
FN:90,(anonymous_5)
FN:98,(anonymous_6)
FN:168,(anonymous_7)
FN:171,(anonymous_8)
FN:181,(anonymous_9)
FNF:10
FNH:0
FNDA:0,(anonymous_0)
FNDA:0,(anonymous_1)
FNDA:0,(anonymous_2)
FNDA:0,(anonymous_3)
FNDA:0,(anonymous_4)
FNDA:0,(anonymous_5)
FNDA:0,(anonymous_6)
FNDA:0,(anonymous_7)
FNDA:0,(anonymous_8)
FNDA:0,(anonymous_9)
DA:48,0
DA:49,0
DA:50,0
DA:51,0
DA:52,0
DA:53,0
DA:54,0
DA:56,0
DA:57,0
DA:59,0
DA:60,0
DA:62,0
DA:64,0
DA:65,0
DA:66,0
DA:67,0
DA:68,0
DA:70,0
DA:71,0
DA:73,0
DA:76,0
DA:81,0
DA:82,0
DA:83,0
DA:85,0
DA:87,0
DA:90,0
DA:91,0
DA:92,0
DA:94,0
DA:98,0
DA:99,0
DA:100,0
DA:102,0
DA:108,0
DA:110,0
DA:112,0
DA:114,0
DA:121,0
DA:123,0
DA:131,0
DA:132,0
DA:136,0
DA:139,0
DA:142,0
DA:168,0
DA:171,0
DA:181,0
LF:48
LH:0
BRDA:82,0,0,0
BRDA:82,0,1,0
BRDA:90,1,0,0
BRDA:91,2,0,0
BRDA:91,2,1,0
BRDA:99,3,0,0
BRDA:99,3,1,0
BRDA:99,4,0,0
BRDA:99,4,1,0
BRDA:102,5,0,0
BRDA:102,5,1,0
BRDA:103,6,0,0
BRDA:103,6,1,0
BRDA:103,6,2,0
BRDA:112,7,0,0
BRDA:112,7,1,0
BRDA:132,8,0,0
BRDA:132,8,1,0
BRDA:147,9,0,0
BRDA:147,9,1,0
BRDA:148,10,0,0
BRDA:148,10,1,0
BRDA:149,11,0,0
BRDA:149,11,1,0
BRDA:150,12,0,0
BRDA:150,12,1,0
BRDA:162,13,0,0
BRDA:162,13,1,0
BRDA:195,14,0,0
BRDA:195,14,1,0
BRF:30
BRH:0
end_of_record
TN:
SF:src/domain/Account/containers/AccountName/styles.ts
FNF:0
FNH:0
DA:5,0
LF:1
LH:0
BRF:0
BRH:0
end_of_record
TN:
SF:src/domain/Account/containers/AccountPass/index.tsx
FN:30,(anonymous_0)
FN:46,(anonymous_1)
FN:54,(anonymous_2)
FN:58,(anonymous_3)
FN:138,(anonymous_4)
FN:143,(anonymous_5)
FN:152,(anonymous_6)
FN:157,(anonymous_7)
FN:168,(anonymous_8)
FN:175,(anonymous_9)
FN:204,(anonymous_10)
FNF:11
FNH:0
FNDA:0,(anonymous_0)
FNDA:0,(anonymous_1)
FNDA:0,(anonymous_2)
FNDA:0,(anonymous_3)
FNDA:0,(anonymous_4)
FNDA:0,(anonymous_5)
FNDA:0,(anonymous_6)
FNDA:0,(anonymous_7)
FNDA:0,(anonymous_8)
FNDA:0,(anonymous_9)
FNDA:0,(anonymous_10)
DA:30,0
DA:31,0
DA:32,0
DA:33,0
DA:35,0
DA:36,0
DA:37,0
DA:38,0
DA:39,0
DA:40,0
DA:41,0
DA:42,0
DA:43,0
DA:44,0
DA:46,0
DA:47,0
DA:48,0
DA:50,0
DA:54,0
DA:55,0
DA:58,0
DA:59,0
DA:61,0
DA:62,0
DA:63,0
DA:64,0
DA:65,0
DA:67,0
DA:69,0
DA:79,0
DA:80,0
DA:81,0
DA:82,0
DA:85,0
DA:86,0
DA:87,0
DA:92,0
DA:138,0
DA:143,0
DA:152,0
DA:158,0
DA:169,0
DA:175,0
DA:204,0
LF:44
LH:0
BRDA:47,0,0,0
BRDA:47,0,1,0
BRDA:59,1,0,0
BRDA:59,1,1,0
BRDA:63,2,0,0
BRDA:63,2,1,0
BRDA:94,3,0,0
BRDA:94,3,1,0
BRDA:106,4,0,0
BRDA:106,4,1,0
BRDA:212,5,0,0
BRDA:212,5,1,0
BRF:12
BRH:0
end_of_record
TN:
SF:src/domain/Account/containers/AccountPass/styles.ts
FNF:0
FNH:0
DA:4,0
LF:1
LH:0
BRF:0
BRH:0
end_of_record
TN:
SF:src/domain/Account/containers/AccountPhoto/index.tsx
FN:36,AccountPhoto
FN:43,(anonymous_1)
FN:46,(anonymous_2)
FN:56,(anonymous_3)
FN:72,handleContinue
FN:102,(anonymous_5)
FN:114,(anonymous_6)
FN:122,(anonymous_7)
FN:128,(anonymous_8)
FN:151,(anonymous_9)
FNF:10
FNH:0
FNDA:0,AccountPhoto
FNDA:0,(anonymous_1)
FNDA:0,(anonymous_2)
FNDA:0,(anonymous_3)
FNDA:0,handleContinue
FNDA:0,(anonymous_5)
FNDA:0,(anonymous_6)
FNDA:0,(anonymous_7)
FNDA:0,(anonymous_8)
FNDA:0,(anonymous_9)
DA:37,0
DA:38,0
DA:39,0
DA:40,0
DA:41,0
DA:42,0
DA:43,0
DA:44,0
DA:46,0
DA:47,0
DA:48,0
DA:49,0
DA:54,0
DA:56,0
DA:57,0
DA:58,0
DA:60,0
DA:61,0
DA:62,0
DA:67,0
DA:73,0
DA:80,0
DA:82,0
DA:89,0
DA:91,0
DA:92,0
DA:93,0
DA:94,0
DA:97,0
DA:102,0
DA:103,0
DA:112,0
DA:113,0
DA:115,0
DA:119,0
DA:123,0
DA:128,0
DA:129,0
DA:152,0
DA:154,0
DA:155,0
DA:157,0
DA:158,0
DA:159,0
DA:160,0
DA:161,0
DA:167,0
LF:47
LH:0
BRDA:48,0,0,0
BRDA:48,0,1,0
BRDA:48,1,0,0
BRDA:48,1,1,0
BRDA:56,2,0,0
BRDA:57,3,0,0
BRDA:57,3,1,0
BRDA:73,4,0,0
BRDA:73,4,1,0
BRDA:74,5,0,0
BRDA:74,5,1,0
BRDA:74,5,2,0
BRDA:112,6,0,0
BRDA:112,6,1,0
BRDA:152,7,0,0
BRDA:152,7,1,0
BRDA:155,8,0,0
BRDA:155,8,1,0
BRDA:158,9,0,0
BRDA:158,9,1,0
BRDA:160,10,0,0
BRDA:160,10,1,0
BRDA:172,11,0,0
BRDA:172,11,1,0
BRDA:196,12,0,0
BRDA:196,12,1,0
BRDA:223,13,0,0
BRDA:223,13,1,0
BRDA:240,14,0,0
BRDA:240,14,1,0
BRF:30
BRH:0
end_of_record
TN:
SF:src/domain/Account/containers/AccountProfile/index.tsx
FN:21,(anonymous_0)
FN:26,(anonymous_1)
FN:27,(anonymous_2)
FN:32,(anonymous_3)
FN:91,(anonymous_4)
FN:93,(anonymous_5)
FN:126,(anonymous_6)
FN:128,(anonymous_7)
FN:197,(anonymous_8)
FN:213,(anonymous_9)
FN:287,(anonymous_10)
FN:315,(anonymous_11)
FN:345,(anonymous_12)
FN:349,(anonymous_13)
FN:354,(anonymous_14)
FN:361,(anonymous_15)
FNF:16
FNH:0
FNDA:0,(anonymous_0)
FNDA:0,(anonymous_1)
FNDA:0,(anonymous_2)
FNDA:0,(anonymous_3)
FNDA:0,(anonymous_4)
FNDA:0,(anonymous_5)
FNDA:0,(anonymous_6)
FNDA:0,(anonymous_7)
FNDA:0,(anonymous_8)
FNDA:0,(anonymous_9)
FNDA:0,(anonymous_10)
FNDA:0,(anonymous_11)
FNDA:0,(anonymous_12)
FNDA:0,(anonymous_13)
FNDA:0,(anonymous_14)
FNDA:0,(anonymous_15)
DA:21,0
DA:22,0
DA:23,0
DA:24,0
DA:25,0
DA:26,0
DA:27,0
DA:28,0
DA:32,0
DA:33,0
DA:34,0
DA:35,0
DA:40,0
DA:44,0
DA:92,0
DA:93,0
DA:127,0
DA:128,0
DA:197,0
DA:213,0
DA:287,0
DA:315,0
DA:346,0
DA:355,0
DA:356,0
DA:357,0
DA:361,0
DA:362,0
LF:28
LH:0
BRDA:34,0,0,0
BRDA:34,0,1,0
BRDA:111,1,0,0
BRDA:111,1,1,0
BRDA:141,2,0,0
BRDA:141,2,1,0
BRDA:145,3,0,0
BRDA:145,3,1,0
BRDA:170,4,0,0
BRDA:170,4,1,0
BRDA:175,5,0,0
BRDA:175,5,1,0
BRDA:190,6,0,0
BRDA:190,6,1,0
BRDA:265,7,0,0
BRDA:265,7,1,0
BRF:16
BRH:0
end_of_record
TN:
SF:src/domain/Account/containers/AccountProfile/styles.ts
FNF:0
FNH:0
DA:5,0
LF:1
LH:0
BRF:0
BRH:0
end_of_record
TN:
SF:src/domain/Account/containers/AccountSignIn/index.tsx
FN:56,(anonymous_0)
FN:61,(anonymous_1)
FN:68,(anonymous_2)
FN:71,(anonymous_3)
FN:89,(anonymous_4)
FN:125,(anonymous_5)
FN:130,(anonymous_6)
FN:136,(anonymous_7)
FN:154,(anonymous_8)
FN:179,(anonymous_9)
FN:184,(anonymous_10)
FN:227,(anonymous_11)
FN:230,(anonymous_12)
FN:249,(anonymous_13)
FN:254,(anonymous_14)
FN:262,(anonymous_15)
FN:320,(anonymous_16)
FN:331,(anonymous_17)
FN:344,(anonymous_18)
FNF:19
FNH:0
FNDA:0,(anonymous_0)
FNDA:0,(anonymous_1)
FNDA:0,(anonymous_2)
FNDA:0,(anonymous_3)
FNDA:0,(anonymous_4)
FNDA:0,(anonymous_5)
FNDA:0,(anonymous_6)
FNDA:0,(anonymous_7)
FNDA:0,(anonymous_8)
FNDA:0,(anonymous_9)
FNDA:0,(anonymous_10)
FNDA:0,(anonymous_11)
FNDA:0,(anonymous_12)
FNDA:0,(anonymous_13)
FNDA:0,(anonymous_14)
FNDA:0,(anonymous_15)
FNDA:0,(anonymous_16)
FNDA:0,(anonymous_17)
FNDA:0,(anonymous_18)
DA:56,0
DA:64,0
DA:65,0
DA:66,0
DA:67,0
DA:68,0
DA:70,0
DA:71,0
DA:73,0
DA:74,0
DA:75,0
DA:76,0
DA:77,0
DA:78,0
DA:79,0
DA:81,0
DA:89,0
DA:90,0
DA:92,0
DA:94,0
DA:95,0
DA:96,0
DA:97,0
DA:99,0
DA:104,0
DA:105,0
DA:106,0
DA:107,0
DA:108,0
DA:109,0
DA:110,0
DA:111,0
DA:112,0
DA:115,0
DA:119,0
DA:126,0
DA:130,0
DA:131,0
DA:136,0
DA:137,0
DA:138,0
DA:139,0
DA:140,0
DA:141,0
DA:146,0
DA:147,0
DA:150,0
DA:154,0
DA:155,0
DA:156,0
DA:158,0
DA:159,0
DA:160,0
DA:164,0
DA:169,0
DA:176,0
DA:185,0
DA:190,0
DA:191,0
DA:194,0
DA:204,0
DA:228,0
DA:229,0
DA:230,0
DA:231,0
DA:249,0
DA:255,0
DA:262,0
DA:263,0
DA:264,0
DA:320,0
DA:331,0
DA:344,0
LF:73
LH:0
BRDA:61,0,0,0
BRDA:64,1,0,0
BRDA:64,1,1,0
BRDA:96,2,0,0
BRDA:96,2,1,0
BRDA:105,3,0,0
BRDA:105,3,1,0
BRDA:107,4,0,0
BRDA:107,4,1,0
BRDA:109,5,0,0
BRDA:109,5,1,0
BRDA:111,6,0,0
BRDA:111,6,1,0
BRDA:140,7,0,0
BRDA:140,7,1,0
BRDA:146,8,0,0
BRDA:146,8,1,0
BRDA:159,9,0,0
BRDA:159,9,1,0
BRDA:160,10,0,0
BRDA:160,10,1,0
BRDA:169,11,0,0
BRDA:169,11,1,0
BRDA:190,12,0,0
BRDA:190,12,1,0
BRDA:206,13,0,0
BRDA:206,13,1,0
BRDA:212,14,0,0
BRDA:212,14,1,0
BRDA:216,15,0,0
BRDA:216,15,1,0
BRDA:216,16,0,0
BRDA:216,16,1,0
BRDA:223,17,0,0
BRDA:223,17,1,0
BRDA:224,18,0,0
BRDA:224,18,1,0
BRDA:243,19,0,0
BRDA:243,19,1,0
BRDA:255,20,0,0
BRDA:255,20,1,0
BRDA:257,21,0,0
BRDA:257,21,1,0
BRDA:263,22,0,0
BRDA:263,22,1,0
BRDA:279,23,0,0
BRDA:279,23,1,0
BRDA:279,24,0,0
BRDA:279,24,1,0
BRDA:299,25,0,0
BRDA:299,25,1,0
BRDA:299,26,0,0
BRDA:299,26,1,0
BRDA:328,27,0,0
BRDA:328,27,1,0
BRDA:358,28,0,0
BRDA:358,28,1,0
BRDA:358,28,2,0
BRF:58
BRH:0
end_of_record
TN:
SF:src/domain/Account/containers/AccountSignIn/styles.ts
FNF:0
FNH:0
DA:4,0
DA:29,0
LF:2
LH:0
BRF:0
BRH:0
end_of_record
TN:
SF:src/domain/Account/containers/Welcome/index.tsx
FN:21,(anonymous_0)
FN:25,(anonymous_1)
FN:28,(anonymous_2)
FN:89,(anonymous_3)
FN:99,(anonymous_4)
FN:114,(anonymous_5)
FN:123,(anonymous_6)
FN:144,(anonymous_7)
FNF:8
FNH:0
FNDA:0,(anonymous_0)
FNDA:0,(anonymous_1)
FNDA:0,(anonymous_2)
FNDA:0,(anonymous_3)
FNDA:0,(anonymous_4)
FNDA:0,(anonymous_5)
FNDA:0,(anonymous_6)
FNDA:0,(anonymous_7)
DA:21,0
DA:22,0
DA:23,0
DA:24,0
DA:25,0
DA:26,0
DA:28,0
DA:29,0
DA:32,0
DA:89,0
DA:99,0
DA:115,0
DA:124,0
DA:145,0
LF:14
LH:0
BRDA:46,0,0,0
BRDA:46,0,1,0
BRDA:60,1,0,0
BRDA:60,1,1,0
BRF:4
BRH:0
end_of_record
TN:
SF:src/domain/Account/containers/Welcome/styles.ts
FNF:0
FNH:0
DA:5,0
DA:7,0
LF:2
LH:0
BRDA:24,0,0,0
BRDA:24,0,1,0
BRF:2
BRH:0
end_of_record
TN:
SF:src/domain/Adventure/Active/index.tsx
FN:55,AdventureActive
FN:63,(anonymous_1)
FN:71,(anonymous_2)
FN:74,(anonymous_3)
FN:79,(anonymous_4)
FN:85,(anonymous_5)
FN:90,(anonymous_6)
FN:92,(anonymous_7)
FN:96,(anonymous_8)
FN:108,(anonymous_9)
FN:118,(anonymous_10)
FN:130,(anonymous_11)
FN:137,(anonymous_12)
FN:214,(anonymous_13)
FN:264,(anonymous_14)
FNF:15
FNH:0
FNDA:0,AdventureActive
FNDA:0,(anonymous_1)
FNDA:0,(anonymous_2)
FNDA:0,(anonymous_3)
FNDA:0,(anonymous_4)
FNDA:0,(anonymous_5)
FNDA:0,(anonymous_6)
FNDA:0,(anonymous_7)
FNDA:0,(anonymous_8)
FNDA:0,(anonymous_9)
FNDA:0,(anonymous_10)
FNDA:0,(anonymous_11)
FNDA:0,(anonymous_12)
FNDA:0,(anonymous_13)
FNDA:0,(anonymous_14)
DA:56,0
DA:57,0
DA:58,0
DA:59,0
DA:60,0
DA:61,0
DA:62,0
DA:64,0
DA:67,0
DA:68,0
DA:69,0
DA:71,0
DA:73,0
DA:75,0
DA:78,0
DA:80,0
DA:84,0
DA:86,0
DA:90,0
DA:91,0
DA:99,0
DA:100,0
DA:108,0
DA:109,0
DA:110,0
DA:117,0
DA:121,0
DA:130,0
DA:136,0
DA:137,0
DA:148,0
DA:215,0
DA:265,0
LF:33
LH:0
BRDA:64,0,0,0
BRDA:64,0,1,0
BRDA:68,1,0,0
BRDA:68,1,1,0
BRDA:71,2,0,0
BRDA:71,2,1,0
BRDA:71,3,0,0
BRDA:71,3,1,0
BRDA:75,4,0,0
BRDA:75,4,1,0
BRDA:80,5,0,0
BRDA:80,5,1,0
BRDA:86,6,0,0
BRDA:86,6,1,0
BRDA:109,7,0,0
BRDA:109,7,1,0
BRDA:155,8,0,0
BRDA:155,8,1,0
BRDA:158,9,0,0
BRDA:158,9,1,0
BRDA:159,10,0,0
BRDA:159,10,1,0
BRDA:198,11,0,0
BRDA:198,11,1,0
BRDA:210,12,0,0
BRDA:210,12,1,0
BRDA:261,13,0,0
BRDA:261,13,1,0
BRDA:261,14,0,0
BRDA:261,14,1,0
BRF:30
BRH:0
end_of_record
TN:
SF:src/domain/Adventure/Active/styles.ts
FNF:0
FNH:0
DA:4,0
LF:1
LH:0
BRF:0
BRH:0
end_of_record
TN:
SF:src/domain/Adventure/Available/index.tsx
FN:32,ActionButton
FN:50,(anonymous_1)
FN:77,AdventureAvailable
FN:89,(anonymous_3)
FN:92,(anonymous_4)
FN:109,(anonymous_5)
FN:129,startByMyself
FN:165,(anonymous_7)
FN:169,(anonymous_8)
FN:245,(anonymous_9)
FN:262,(anonymous_10)
FN:308,(anonymous_11)
FN:318,(anonymous_12)
FN:325,(anonymous_13)
FN:331,(anonymous_14)
FNF:15
FNH:0
FNDA:0,ActionButton
FNDA:0,(anonymous_1)
FNDA:0,AdventureAvailable
FNDA:0,(anonymous_3)
FNDA:0,(anonymous_4)
FNDA:0,(anonymous_5)
FNDA:0,startByMyself
FNDA:0,(anonymous_7)
FNDA:0,(anonymous_8)
FNDA:0,(anonymous_9)
FNDA:0,(anonymous_10)
FNDA:0,(anonymous_11)
FNDA:0,(anonymous_12)
FNDA:0,(anonymous_13)
FNDA:0,(anonymous_14)
DA:33,0
DA:50,0
DA:78,0
DA:79,0
DA:80,0
DA:81,0
DA:82,0
DA:83,0
DA:84,0
DA:85,0
DA:86,0
DA:87,0
DA:88,0
DA:89,0
DA:92,0
DA:95,0
DA:109,0
DA:110,0
DA:111,0
DA:112,0
DA:119,0
DA:120,0
DA:130,0
DA:131,0
DA:132,0
DA:136,0
DA:138,0
DA:142,0
DA:144,0
DA:148,0
DA:166,0
DA:170,0
DA:246,0
DA:247,0
DA:252,0
DA:253,0
DA:254,0
DA:263,0
DA:264,0
DA:269,0
DA:270,0
DA:271,0
DA:308,0
DA:319,0
DA:320,0
DA:326,0
DA:332,0
DA:333,0
LF:48
LH:0
BRDA:56,0,0,0
BRDA:56,0,1,0
BRDA:110,1,0,0
BRDA:110,1,1,0
BRDA:152,2,0,0
BRDA:152,2,1,0
BRDA:154,3,0,0
BRDA:154,3,1,0
BRDA:154,4,0,0
BRDA:154,4,1,0
BRDA:166,5,0,0
BRDA:166,5,1,0
BRDA:213,6,0,0
BRDA:213,6,1,0
BRDA:246,7,0,0
BRDA:246,7,1,0
BRDA:263,8,0,0
BRDA:263,8,1,0
BRDA:275,9,0,0
BRDA:275,9,1,0
BRDA:316,10,0,0
BRDA:316,10,1,0
BRF:22
BRH:0
end_of_record
TN:
SF:src/domain/Adventure/Available/styles.ts
FNF:0
FNH:0
DA:4,0
LF:1
LH:0
BRF:0
BRH:0
end_of_record
TN:
SF:src/domain/Adventure/Code/index.tsx
FN:29,AdventureCode
FN:33,(anonymous_1)
FN:34,(anonymous_2)
FN:35,(anonymous_3)
FN:43,handleContinue
FN:163,(anonymous_5)
FNF:6
FNH:0
FNDA:0,AdventureCode
FNDA:0,(anonymous_1)
FNDA:0,(anonymous_2)
FNDA:0,(anonymous_3)
FNDA:0,handleContinue
FNDA:0,(anonymous_5)
DA:30,0
DA:31,0
DA:32,0
DA:33,0
DA:34,0
DA:35,0
DA:36,0
DA:37,0
DA:38,0
DA:40,0
DA:44,0
DA:45,0
DA:46,0
DA:47,0
DA:51,0
DA:53,0
DA:60,0
DA:62,0
DA:67,0
DA:68,0
DA:69,0
DA:72,0
DA:76,0
DA:79,0
DA:82,0
DA:85,0
DA:86,0
DA:87,0
DA:91,0
DA:97,0
DA:99,0
DA:105,0
DA:108,0
DA:110,0
DA:113,0
DA:117,0
DA:163,0
LF:37
LH:0
BRDA:44,0,0,0
BRDA:44,0,1,0
BRDA:51,1,0,0
BRDA:51,1,1,0
BRDA:60,2,0,0
BRDA:60,2,1,0
BRDA:67,3,0,0
BRDA:67,3,1,0
BRDA:76,4,0,0
BRDA:76,4,1,0
BRDA:85,5,0,0
BRDA:85,5,1,0
BRDA:86,6,0,0
BRDA:86,6,1,0
BRDA:97,7,0,0
BRDA:97,7,1,0
BRDA:122,8,0,0
BRDA:122,8,1,0
BRDA:122,9,0,0
BRDA:122,9,1,0
BRDA:122,9,2,0
BRDA:129,10,0,0
BRDA:129,10,1,0
BRDA:129,11,0,0
BRDA:129,11,1,0
BRDA:138,12,0,0
BRDA:138,12,1,0
BRDA:138,13,0,0
BRDA:138,13,1,0
BRDA:140,14,0,0
BRDA:140,14,1,0
BRDA:140,15,0,0
BRDA:140,15,1,0
BRDA:177,16,0,0
BRDA:177,16,1,0
BRDA:199,17,0,0
BRDA:199,17,1,0
BRF:37
BRH:0
end_of_record
TN:
SF:src/domain/Adventure/Code/styles.ts
FNF:0
FNH:0
DA:4,0
DA:14,0
LF:2
LH:0
BRF:0
BRH:0
end_of_record
TN:
SF:src/domain/Adventure/GroupModal/index.tsx
FN:33,GroupModal
FN:37,(anonymous_1)
FN:43,(anonymous_2)
FN:55,(anonymous_3)
FN:70,(anonymous_4)
FN:121,(anonymous_5)
FN:185,(anonymous_6)
FN:261,(anonymous_7)
FNF:8
FNH:0
FNDA:0,GroupModal
FNDA:0,(anonymous_1)
FNDA:0,(anonymous_2)
FNDA:0,(anonymous_3)
FNDA:0,(anonymous_4)
FNDA:0,(anonymous_5)
FNDA:0,(anonymous_6)
FNDA:0,(anonymous_7)
DA:34,0
DA:35,0
DA:36,0
DA:37,0
DA:38,0
DA:39,0
DA:40,0
DA:43,0
DA:44,0
DA:45,0
DA:47,0
DA:51,0
DA:53,0
DA:54,0
DA:55,0
DA:57,0
DA:59,0
DA:60,0
DA:61,0
DA:65,0
DA:66,0
DA:67,0
DA:68,0
DA:70,0
DA:72,0
DA:77,0
DA:122,0
DA:185,0
DA:262,0
LF:29
LH:0
BRDA:45,0,0,0
BRDA:45,0,1,0
BRDA:55,1,0,0
BRDA:55,1,1,0
BRDA:55,2,0,0
BRDA:55,2,1,0
BRDA:55,3,0,0
BRDA:55,3,1,0
BRDA:59,4,0,0
BRDA:59,4,1,0
BRDA:94,5,0,0
BRDA:94,5,1,0
BRDA:94,5,2,0
BRDA:131,6,0,0
BRDA:131,6,1,0
BRDA:132,7,0,0
BRDA:132,7,1,0
BRDA:138,8,0,0
BRDA:138,8,1,0
BRDA:148,9,0,0
BRDA:148,9,1,0
BRDA:149,10,0,0
BRDA:149,10,1,0
BRDA:151,11,0,0
BRDA:151,11,1,0
BRDA:232,12,0,0
BRDA:232,12,1,0
BRDA:235,13,0,0
BRDA:235,13,1,0
BRDA:258,14,0,0
BRDA:258,14,1,0
BRF:31
BRH:0
end_of_record
TN:
SF:src/domain/Adventure/GroupModal/styles.ts
FNF:0
FNH:0
DA:3,0
DA:5,0
LF:2
LH:0
BRF:0
BRH:0
end_of_record
TN:
SF:src/domain/Adventure/GroupReleaseType/index.tsx
FN:27,GroupReleaseType
FN:57,(anonymous_1)
FN:110,(anonymous_2)
FN:121,(anonymous_3)
FN:160,(anonymous_4)
FN:215,(anonymous_5)
FN:222,(anonymous_6)
FN:229,(anonymous_7)
FNF:8
FNH:0
FNDA:0,GroupReleaseType
FNDA:0,(anonymous_1)
FNDA:0,(anonymous_2)
FNDA:0,(anonymous_3)
FNDA:0,(anonymous_4)
FNDA:0,(anonymous_5)
FNDA:0,(anonymous_6)
FNDA:0,(anonymous_7)
DA:35,0
DA:36,0
DA:37,0
DA:38,0
DA:39,0
DA:40,0
DA:41,0
DA:42,0
DA:43,0
DA:46,0
DA:48,0
DA:52,0
DA:58,0
DA:61,0
DA:62,0
DA:64,0
DA:65,0
DA:67,0
DA:69,0
DA:76,0
DA:85,0
DA:86,0
DA:92,0
DA:98,0
DA:99,0
DA:100,0
DA:101,0
DA:103,0
DA:110,0
DA:111,0
DA:121,0
DA:122,0
DA:160,0
DA:161,0
DA:163,0
DA:164,0
DA:166,0
DA:167,0
DA:169,0
DA:171,0
DA:172,0
DA:176,0
DA:215,0
DA:222,0
DA:229,0
LF:45
LH:0
BRDA:33,0,0,0
BRDA:61,1,0,0
BRDA:61,1,1,0
BRDA:67,2,0,0
BRDA:67,2,1,0
BRDA:80,3,0,0
BRDA:80,3,1,0
BRDA:85,4,0,0
BRDA:85,4,1,0
BRDA:98,5,0,0
BRDA:98,5,1,0
BRDA:100,6,0,0
BRDA:100,6,1,0
BRDA:128,7,0,0
BRDA:128,7,1,0
BRDA:161,8,0,0
BRDA:161,8,1,0
BRDA:161,8,2,0
BRDA:161,8,3,0
BRDA:179,9,0,0
BRDA:179,9,1,0
BRDA:186,10,0,0
BRDA:186,10,1,0
BRDA:196,11,0,0
BRDA:196,11,1,0
BRDA:206,12,0,0
BRDA:206,12,1,0
BRF:27
BRH:0
end_of_record
TN:
SF:src/domain/Adventure/GroupReleaseType/styles.ts
FNF:0
FNH:0
DA:4,0
LF:1
LH:0
BRF:0
BRH:0
end_of_record
TN:
SF:src/domain/Adventure/Manage/ManageMembers.tsx
FN:29,(anonymous_0)
FN:37,(anonymous_1)
FN:49,(anonymous_2)
FN:59,(anonymous_3)
FN:91,(anonymous_4)
FN:105,(anonymous_5)
FN:130,(anonymous_6)
FN:143,(anonymous_7)
FN:162,(anonymous_8)
FN:178,(anonymous_9)
FN:189,(anonymous_10)
FNF:11
FNH:0
FNDA:0,(anonymous_0)
FNDA:0,(anonymous_1)
FNDA:0,(anonymous_2)
FNDA:0,(anonymous_3)
FNDA:0,(anonymous_4)
FNDA:0,(anonymous_5)
FNDA:0,(anonymous_6)
FNDA:0,(anonymous_7)
FNDA:0,(anonymous_8)
FNDA:0,(anonymous_9)
FNDA:0,(anonymous_10)
DA:29,0
DA:34,0
DA:35,0
DA:36,0
DA:37,0
DA:39,0
DA:41,0
DA:44,0
DA:45,0
DA:49,0
DA:51,0
DA:52,0
DA:53,0
DA:54,0
DA:55,0
DA:56,0
DA:59,0
DA:60,0
DA:78,0
DA:85,0
DA:92,0
DA:114,0
DA:131,0
DA:144,0
DA:163,0
DA:179,0
DA:190,0
LF:27
LH:0
BRDA:39,0,0,0
BRDA:39,0,1,0
BRDA:44,1,0,0
BRDA:44,1,1,0
BRDA:44,2,0,0
BRDA:44,2,1,0
BRDA:49,3,0,0
BRDA:49,3,1,0
BRDA:49,4,0,0
BRDA:49,4,1,0
BRDA:54,5,0,0
BRDA:54,5,1,0
BRDA:123,6,0,0
BRDA:123,6,1,0
BRDA:124,7,0,0
BRDA:124,7,1,0
BRDA:140,8,0,0
BRDA:140,8,1,0
BRDA:171,9,0,0
BRDA:171,9,1,0
BRF:20
BRH:0
end_of_record
TN:
SF:src/domain/Adventure/Manage/ReportedMessages.tsx
FN:29,(anonymous_0)
FN:38,(anonymous_1)
FN:47,(anonymous_2)
FN:53,(anonymous_3)
FN:63,(anonymous_4)
FN:72,(anonymous_5)
FN:82,(anonymous_6)
FN:91,(anonymous_7)
FN:96,(anonymous_8)
FN:131,(anonymous_9)
FN:144,(anonymous_10)
FN:205,(anonymous_11)
FN:219,(anonymous_12)
FN:227,(anonymous_13)
FN:269,(anonymous_14)
FNF:15
FNH:0
FNDA:0,(anonymous_0)
FNDA:0,(anonymous_1)
FNDA:0,(anonymous_2)
FNDA:0,(anonymous_3)
FNDA:0,(anonymous_4)
FNDA:0,(anonymous_5)
FNDA:0,(anonymous_6)
FNDA:0,(anonymous_7)
FNDA:0,(anonymous_8)
FNDA:0,(anonymous_9)
FNDA:0,(anonymous_10)
FNDA:0,(anonymous_11)
FNDA:0,(anonymous_12)
FNDA:0,(anonymous_13)
FNDA:0,(anonymous_14)
DA:29,0
DA:30,0
DA:31,0
DA:32,0
DA:33,0
DA:34,0
DA:35,0
DA:36,0
DA:38,0
DA:39,0
DA:42,0
DA:43,0
DA:47,0
DA:48,0
DA:49,0
DA:53,0
DA:54,0
DA:61,0
DA:62,0
DA:63,0
DA:64,0
DA:65,0
DA:68,0
DA:72,0
DA:73,0
DA:80,0
DA:81,0
DA:82,0
DA:83,0
DA:84,0
DA:87,0
DA:91,0
DA:92,0
DA:93,0
DA:96,0
DA:97,0
DA:132,0
DA:133,0
DA:145,0
DA:172,0
DA:219,0
DA:227,0
DA:270,0
LF:43
LH:0
BRDA:42,0,0,0
BRDA:42,0,1,0
BRDA:48,1,0,0
BRDA:48,1,1,0
BRDA:61,2,0,0
BRDA:61,2,1,0
BRDA:64,3,0,0
BRDA:64,3,1,0
BRDA:80,4,0,0
BRDA:80,4,1,0
BRDA:83,5,0,0
BRDA:83,5,1,0
BRDA:128,6,0,0
BRDA:128,6,1,0
BRDA:137,7,0,0
BRDA:137,7,1,0
BRDA:152,8,0,0
BRDA:152,8,1,0
BRDA:177,9,0,0
BRDA:177,9,1,0
BRDA:200,10,0,0
BRDA:200,10,1,0
BRDA:214,11,0,0
BRDA:214,11,1,0
BRDA:217,12,0,0
BRDA:217,12,1,0
BRDA:238,13,0,0
BRDA:238,13,1,0
BRDA:244,14,0,0
BRDA:244,14,1,0
BRDA:253,15,0,0
BRDA:253,15,1,0
BRDA:258,16,0,0
BRDA:258,16,1,0
BRDA:281,17,0,0
BRDA:281,17,1,0
BRF:36
BRH:0
end_of_record
TN:
SF:src/domain/Adventure/Manage/index.tsx
FN:58,(anonymous_0)
FN:84,AdventureManage
FN:88,(anonymous_2)
FN:92,(anonymous_3)
FN:100,(anonymous_4)
FN:104,(anonymous_5)
FN:115,(anonymous_6)
FN:116,(anonymous_7)
FN:138,(anonymous_8)
FN:162,(anonymous_9)
FN:169,(anonymous_10)
FN:175,(anonymous_11)
FN:182,(anonymous_12)
FN:186,(anonymous_13)
FN:193,(anonymous_14)
FN:230,(anonymous_15)
FN:261,(anonymous_16)
FN:283,(anonymous_17)
FNF:18
FNH:0
FNDA:0,(anonymous_0)
FNDA:0,AdventureManage
FNDA:0,(anonymous_2)
FNDA:0,(anonymous_3)
FNDA:0,(anonymous_4)
FNDA:0,(anonymous_5)
FNDA:0,(anonymous_6)
FNDA:0,(anonymous_7)
FNDA:0,(anonymous_8)
FNDA:0,(anonymous_9)
FNDA:0,(anonymous_10)
FNDA:0,(anonymous_11)
FNDA:0,(anonymous_12)
FNDA:0,(anonymous_13)
FNDA:0,(anonymous_14)
FNDA:0,(anonymous_15)
FNDA:0,(anonymous_16)
FNDA:0,(anonymous_17)
DA:58,0
DA:61,0
DA:62,0
DA:63,0
DA:64,0
DA:65,0
DA:66,0
DA:69,0
DA:85,0
DA:86,0
DA:87,0
DA:88,0
DA:89,0
DA:91,0
DA:93,0
DA:99,0
DA:101,0
DA:104,0
DA:105,0
DA:106,0
DA:112,0
DA:115,0
DA:116,0
DA:117,0
DA:118,0
DA:119,0
DA:121,0
DA:126,0
DA:127,0
DA:128,0
DA:129,0
DA:138,0
DA:139,0
DA:144,0
DA:146,0
DA:162,0
DA:164,0
DA:169,0
DA:171,0
DA:174,0
DA:178,0
DA:182,0
DA:183,0
DA:194,0
DA:195,0
DA:196,0
DA:206,0
DA:231,0
DA:262,0
DA:283,0
LF:50
LH:0
BRDA:61,0,0,0
BRDA:61,0,1,0
BRDA:63,1,0,0
BRDA:63,1,1,0
BRDA:65,2,0,0
BRDA:65,2,1,0
BRDA:93,3,0,0
BRDA:93,3,1,0
BRDA:99,4,0,0
BRDA:99,4,1,0
BRDA:105,5,0,0
BRDA:105,5,1,0
BRDA:105,6,0,0
BRDA:105,6,1,0
BRDA:112,7,0,0
BRDA:112,7,1,0
BRDA:117,8,0,0
BRDA:117,8,1,0
BRDA:118,9,0,0
BRDA:118,9,1,0
BRDA:144,10,0,0
BRDA:144,10,1,0
BRDA:165,11,0,0
BRDA:165,11,1,0
BRDA:216,12,0,0
BRDA:216,12,1,0
BRDA:221,13,0,0
BRDA:221,13,1,0
BRDA:223,14,0,0
BRDA:223,14,1,0
BRDA:242,15,0,0
BRDA:242,15,1,0
BRDA:245,16,0,0
BRDA:245,16,1,0
BRDA:262,17,0,0
BRDA:262,17,1,0
BRF:36
BRH:0
end_of_record
TN:
SF:src/domain/Adventure/Manage/styles.ts
FNF:0
FNH:0
DA:4,0
DA:40,0
LF:2
LH:0
BRF:0
BRH:0
end_of_record
TN:
SF:src/domain/Adventure/MembersModal/index.tsx
FN:49,AllMembersModal
FN:55,(anonymous_1)
FN:65,(anonymous_2)
FN:93,(anonymous_3)
FN:100,(anonymous_4)
FN:101,(anonymous_5)
FN:104,(anonymous_6)
FN:106,(anonymous_7)
FN:111,(anonymous_8)
FN:118,(anonymous_9)
FN:134,(anonymous_10)
FN:155,(anonymous_11)
FN:158,(anonymous_12)
FN:161,(anonymous_13)
FN:165,(anonymous_14)
FN:215,(anonymous_15)
FN:236,(anonymous_16)
FN:303,(anonymous_17)
FN:340,(anonymous_18)
FN:360,(anonymous_19)
FN:375,(anonymous_20)
FNF:21
FNH:0
FNDA:0,AllMembersModal
FNDA:0,(anonymous_1)
FNDA:0,(anonymous_2)
FNDA:0,(anonymous_3)
FNDA:0,(anonymous_4)
FNDA:0,(anonymous_5)
FNDA:0,(anonymous_6)
FNDA:0,(anonymous_7)
FNDA:0,(anonymous_8)
FNDA:0,(anonymous_9)
FNDA:0,(anonymous_10)
FNDA:0,(anonymous_11)
FNDA:0,(anonymous_12)
FNDA:0,(anonymous_13)
FNDA:0,(anonymous_14)
FNDA:0,(anonymous_15)
FNDA:0,(anonymous_16)
FNDA:0,(anonymous_17)
FNDA:0,(anonymous_18)
FNDA:0,(anonymous_19)
FNDA:0,(anonymous_20)
DA:50,0
DA:51,0
DA:52,0
DA:53,0
DA:54,0
DA:55,0
DA:62,0
DA:64,0
DA:66,0
DA:72,0
DA:74,0
DA:75,0
DA:83,0
DA:89,0
DA:91,0
DA:93,0
DA:95,0
DA:100,0
DA:101,0
DA:104,0
DA:105,0
DA:106,0
DA:111,0
DA:113,0
DA:118,0
DA:125,0
DA:126,0
DA:134,0
DA:144,0
DA:151,0
DA:154,0
DA:155,0
DA:158,0
DA:160,0
DA:161,0
DA:165,0
DA:166,0
DA:167,0
DA:170,0
DA:216,0
DA:237,0
DA:340,0
DA:361,0
DA:375,0
LF:44
LH:0
BRDA:66,0,0,0
BRDA:66,0,1,0
BRDA:106,1,0,0
BRDA:106,1,1,0
BRDA:106,2,0,0
BRDA:106,2,1,0
BRDA:114,3,0,0
BRDA:114,3,1,0
BRDA:114,3,2,0
BRDA:151,4,0,0
BRDA:151,4,1,0
BRDA:178,5,0,0
BRDA:178,5,1,0
BRDA:180,6,0,0
BRDA:180,6,1,0
BRDA:218,7,0,0
BRDA:218,7,1,0
BRDA:227,8,0,0
BRDA:227,8,1,0
BRDA:232,9,0,0
BRDA:232,9,1,0
BRDA:232,10,0,0
BRDA:232,10,1,0
BRDA:251,11,0,0
BRDA:251,11,1,0
BRDA:260,12,0,0
BRDA:260,12,1,0
BRDA:260,13,0,0
BRDA:260,13,1,0
BRDA:298,14,0,0
BRDA:298,14,1,0
BRDA:312,15,0,0
BRDA:312,15,1,0
BRDA:315,16,0,0
BRDA:315,16,1,0
BRDA:321,17,0,0
BRDA:321,17,1,0
BRDA:330,18,0,0
BRDA:330,18,1,0
BRDA:335,19,0,0
BRDA:335,19,1,0
BRDA:376,20,0,0
BRDA:376,20,1,0
BRF:43
BRH:0
end_of_record
TN:
SF:src/domain/Adventure/MembersModal/styles.ts
FNF:0
FNH:0
DA:3,0
DA:5,0
DA:22,0
LF:3
LH:0
BRF:0
BRH:0
end_of_record
TN:
SF:src/domain/Adventure/Name/index.tsx
FN:29,AdventureName
FN:38,(anonymous_1)
FN:45,(anonymous_2)
FN:60,(anonymous_3)
FN:101,(anonymous_4)
FN:128,(anonymous_5)
FN:138,(anonymous_6)
FN:142,(anonymous_7)
FN:187,(anonymous_8)
FN:226,(anonymous_9)
FN:236,(anonymous_10)
FN:243,(anonymous_11)
FN:253,(anonymous_12)
FN:264,(anonymous_13)
FN:303,(anonymous_14)
FN:322,(anonymous_15)
FNF:16
FNH:0
FNDA:0,AdventureName
FNDA:0,(anonymous_1)
FNDA:0,(anonymous_2)
FNDA:0,(anonymous_3)
FNDA:0,(anonymous_4)
FNDA:0,(anonymous_5)
FNDA:0,(anonymous_6)
FNDA:0,(anonymous_7)
FNDA:0,(anonymous_8)
FNDA:0,(anonymous_9)
FNDA:0,(anonymous_10)
FNDA:0,(anonymous_11)
FNDA:0,(anonymous_12)
FNDA:0,(anonymous_13)
FNDA:0,(anonymous_14)
FNDA:0,(anonymous_15)
DA:30,0
DA:31,0
DA:32,0
DA:33,0
DA:34,0
DA:35,0
DA:36,0
DA:37,0
DA:38,0
DA:40,0
DA:41,0
DA:42,0
DA:43,0
DA:45,0
DA:46,0
DA:49,0
DA:51,0
DA:55,0
DA:61,0
DA:64,0
DA:65,0
DA:67,0
DA:68,0
DA:70,0
DA:72,0
DA:78,0
DA:80,0
DA:87,0
DA:96,0
DA:97,0
DA:102,0
DA:109,0
DA:116,0
DA:117,0
DA:118,0
DA:119,0
DA:121,0
DA:128,0
DA:129,0
DA:130,0
DA:132,0
DA:136,0
DA:141,0
DA:142,0
DA:149,0
DA:187,0
DA:227,0
DA:228,0
DA:236,0
DA:244,0
DA:255,0
DA:256,0
DA:257,0
DA:265,0
DA:304,0
DA:305,0
DA:323,0
DA:324,0
LF:58
LH:0
BRDA:37,0,0,0
BRDA:64,1,0,0
BRDA:64,1,1,0
BRDA:70,2,0,0
BRDA:70,2,1,0
BRDA:78,3,0,0
BRDA:78,3,1,0
BRDA:91,4,0,0
BRDA:91,4,1,0
BRDA:96,5,0,0
BRDA:96,5,1,0
BRDA:116,6,0,0
BRDA:116,6,1,0
BRDA:118,7,0,0
BRDA:118,7,1,0
BRDA:129,8,0,0
BRDA:129,8,1,0
BRDA:158,9,0,0
BRDA:158,9,1,0
BRDA:162,10,0,0
BRDA:162,10,1,0
BRDA:164,11,0,0
BRDA:164,11,1,0
BRDA:165,12,0,0
BRDA:165,12,1,0
BRDA:171,13,0,0
BRDA:171,13,1,0
BRDA:173,14,0,0
BRDA:173,14,1,0
BRDA:181,15,0,0
BRDA:181,15,1,0
BRDA:181,16,0,0
BRDA:181,16,1,0
BRDA:189,17,0,0
BRDA:189,17,1,0
BRDA:190,18,0,0
BRDA:190,18,1,0
BRDA:198,19,0,0
BRDA:198,19,1,0
BRDA:227,20,0,0
BRDA:227,20,1,0
BRDA:256,21,0,0
BRDA:256,21,1,0
BRDA:256,22,0,0
BRDA:256,22,1,0
BRDA:286,23,0,0
BRDA:286,23,1,0
BRDA:286,23,2,0
BRF:48
BRH:0
end_of_record
TN:
SF:src/domain/Adventure/Name/styles.ts
FNF:0
FNH:0
DA:4,0
LF:1
LH:0
BRF:0
BRH:0
end_of_record
TN:
SF:src/domain/Adventure/ReleaseDate/index.tsx
FN:27,(anonymous_0)
FN:53,(anonymous_1)
FN:65,(anonymous_2)
FN:90,(anonymous_3)
FN:158,(anonymous_4)
FN:187,(anonymous_5)
FN:201,(anonymous_6)
FN:214,(anonymous_7)
FNF:8
FNH:0
FNDA:0,(anonymous_0)
FNDA:0,(anonymous_1)
FNDA:0,(anonymous_2)
FNDA:0,(anonymous_3)
FNDA:0,(anonymous_4)
FNDA:0,(anonymous_5)
FNDA:0,(anonymous_6)
FNDA:0,(anonymous_7)
DA:27,0
DA:35,0
DA:36,0
DA:37,0
DA:38,0
DA:41,0
DA:44,0
DA:49,0
DA:50,0
DA:51,0
DA:53,0
DA:54,0
DA:55,0
DA:56,0
DA:57,0
DA:58,0
DA:59,0
DA:60,0
DA:61,0
DA:65,0
DA:66,0
DA:70,0
DA:75,0
DA:76,0
DA:81,0
DA:82,0
DA:84,0
DA:87,0
DA:90,0
DA:91,0
DA:93,0
DA:94,0
DA:96,0
DA:97,0
DA:107,0
DA:131,0
DA:135,0
DA:136,0
DA:139,0
DA:140,0
DA:144,0
DA:147,0
DA:148,0
DA:149,0
DA:150,0
DA:151,0
DA:153,0
DA:158,0
DA:159,0
DA:160,0
DA:163,0
DA:188,0
DA:202,0
DA:215,0
LF:54
LH:0
BRDA:42,0,0,0
BRDA:42,0,1,0
BRDA:45,1,0,0
BRDA:45,1,1,0
BRDA:54,2,0,0
BRDA:54,2,1,0
BRDA:57,3,0,0
BRDA:57,3,1,0
BRDA:60,4,0,0
BRDA:60,4,1,0
BRDA:81,5,0,0
BRDA:81,5,1,0
BRDA:96,6,0,0
BRDA:96,6,1,0
BRDA:100,7,0,0
BRDA:100,7,1,0
BRDA:115,8,0,0
BRDA:115,8,1,0
BRDA:135,9,0,0
BRDA:135,9,1,0
BRDA:139,10,0,0
BRDA:139,10,1,0
BRDA:148,11,0,0
BRDA:148,11,1,0
BRDA:150,12,0,0
BRDA:150,12,1,0
BRDA:166,13,0,0
BRDA:166,13,1,0
BRDA:170,14,0,0
BRDA:170,14,1,0
BRDA:175,15,0,0
BRDA:175,15,1,0
BRDA:193,16,0,0
BRDA:193,16,1,0
BRDA:209,17,0,0
BRDA:209,17,1,0
BRDA:211,18,0,0
BRDA:211,18,1,0
BRDA:229,19,0,0
BRDA:229,19,1,0
BRF:40
BRH:0
end_of_record
TN:
SF:src/domain/Adventure/ReleaseDate/styles.ts
FNF:0
FNH:0
DA:4,0
LF:1
LH:0
BRF:0
BRH:0
end_of_record
TN:
SF:src/domain/Adventure/ReleaseType/index.tsx
FN:23,GroupReleaseType
FN:53,(anonymous_1)
FN:106,(anonymous_2)
FN:117,(anonymous_3)
FN:156,(anonymous_4)
FN:211,(anonymous_5)
FN:218,(anonymous_6)
FN:225,(anonymous_7)
FNF:8
FNH:0
FNDA:0,GroupReleaseType
FNDA:0,(anonymous_1)
FNDA:0,(anonymous_2)
FNDA:0,(anonymous_3)
FNDA:0,(anonymous_4)
FNDA:0,(anonymous_5)
FNDA:0,(anonymous_6)
FNDA:0,(anonymous_7)
DA:31,0
DA:32,0
DA:33,0
DA:34,0
DA:35,0
DA:36,0
DA:37,0
DA:38,0
DA:39,0
DA:42,0
DA:44,0
DA:48,0
DA:54,0
DA:57,0
DA:58,0
DA:60,0
DA:61,0
DA:63,0
DA:65,0
DA:72,0
DA:81,0
DA:82,0
DA:88,0
DA:94,0
DA:95,0
DA:96,0
DA:97,0
DA:99,0
DA:106,0
DA:107,0
DA:117,0
DA:118,0
DA:156,0
DA:157,0
DA:159,0
DA:160,0
DA:162,0
DA:163,0
DA:165,0
DA:167,0
DA:168,0
DA:172,0
DA:211,0
DA:218,0
DA:225,0
LF:45
LH:0
BRDA:29,0,0,0
BRDA:57,1,0,0
BRDA:57,1,1,0
BRDA:63,2,0,0
BRDA:63,2,1,0
BRDA:76,3,0,0
BRDA:76,3,1,0
BRDA:81,4,0,0
BRDA:81,4,1,0
BRDA:94,5,0,0
BRDA:94,5,1,0
BRDA:96,6,0,0
BRDA:96,6,1,0
BRDA:124,7,0,0
BRDA:124,7,1,0
BRDA:157,8,0,0
BRDA:157,8,1,0
BRDA:157,8,2,0
BRDA:157,8,3,0
BRDA:175,9,0,0
BRDA:175,9,1,0
BRDA:182,10,0,0
BRDA:182,10,1,0
BRDA:192,11,0,0
BRDA:192,11,1,0
BRDA:202,12,0,0
BRDA:202,12,1,0
BRF:27
BRH:0
end_of_record
TN:
SF:src/domain/Adventure/ReleaseType/styles.ts
FNF:0
FNH:0
DA:4,0
LF:1
LH:0
BRF:0
BRH:0
end_of_record
TN:
SF:src/domain/Adventure/Share/index.tsx
FN:28,AdventureShareCode
FN:37,(anonymous_1)
FN:45,(anonymous_2)
FN:65,(anonymous_3)
FN:74,(anonymous_4)
FN:77,(anonymous_5)
FN:82,(anonymous_6)
FN:94,(anonymous_7)
FN:98,(anonymous_8)
FN:100,(anonymous_9)
FN:125,(anonymous_10)
FN:173,(anonymous_11)
FN:247,(anonymous_12)
FN:254,(anonymous_13)
FN:294,(anonymous_14)
FN:323,(anonymous_15)
FNF:16
FNH:0
FNDA:0,AdventureShareCode
FNDA:0,(anonymous_1)
FNDA:0,(anonymous_2)
FNDA:0,(anonymous_3)
FNDA:0,(anonymous_4)
FNDA:0,(anonymous_5)
FNDA:0,(anonymous_6)
FNDA:0,(anonymous_7)
FNDA:0,(anonymous_8)
FNDA:0,(anonymous_9)
FNDA:0,(anonymous_10)
FNDA:0,(anonymous_11)
FNDA:0,(anonymous_12)
FNDA:0,(anonymous_13)
FNDA:0,(anonymous_14)
FNDA:0,(anonymous_15)
DA:29,0
DA:30,0
DA:31,0
DA:32,0
DA:33,0
DA:34,0
DA:35,0
DA:36,0
DA:37,0
DA:39,0
DA:40,0
DA:41,0
DA:42,0
DA:43,0
DA:45,0
DA:46,0
DA:68,0
DA:74,0
DA:77,0
DA:78,0
DA:79,0
DA:82,0
DA:83,0
DA:84,0
DA:85,0
DA:86,0
DA:92,0
DA:97,0
DA:98,0
DA:100,0
DA:102,0
DA:107,0
DA:125,0
DA:173,0
DA:247,0
DA:255,0
DA:295,0
DA:324,0
LF:38
LH:0
BRDA:48,0,0,0
BRDA:48,0,1,0
BRDA:54,1,0,0
BRDA:54,1,1,0
BRDA:69,2,0,0
BRDA:69,2,1,0
BRDA:71,3,0,0
BRDA:71,3,1,0
BRDA:83,4,0,0
BRDA:83,4,1,0
BRDA:85,5,0,0
BRDA:85,5,1,0
BRDA:97,6,0,0
BRDA:97,6,1,0
BRDA:114,7,0,0
BRDA:114,7,1,0
BRDA:116,8,0,0
BRDA:116,8,1,0
BRDA:122,9,0,0
BRDA:122,9,1,0
BRDA:137,10,0,0
BRDA:137,10,1,0
BRDA:170,11,0,0
BRDA:170,11,1,0
BRDA:196,12,0,0
BRDA:196,12,1,0
BRF:26
BRH:0
end_of_record
TN:
SF:src/domain/Adventure/StepScreen/AdventureStepScreenRender.tsx
FN:61,(anonymous_0)
FN:88,(anonymous_1)
FN:117,(anonymous_2)
FN:142,(anonymous_3)
FN:154,(anonymous_4)
FN:187,(anonymous_5)
FN:192,(anonymous_6)
FN:205,(anonymous_7)
FN:222,(anonymous_8)
FN:230,(anonymous_9)
FN:231,(anonymous_10)
FN:245,(anonymous_11)
FN:255,(anonymous_12)
FN:266,(anonymous_13)
FN:267,(anonymous_14)
FN:284,(anonymous_15)
FN:288,(anonymous_16)
FN:309,(anonymous_17)
FN:337,(anonymous_18)
FN:404,(anonymous_19)
FN:413,(anonymous_20)
FN:459,(anonymous_21)
FN:463,(anonymous_22)
FN:475,(anonymous_23)
FN:495,(anonymous_24)
FN:513,(anonymous_25)
FN:538,(anonymous_26)
FN:556,(anonymous_27)
FN:601,(anonymous_28)
FNF:29
FNH:0
FNDA:0,(anonymous_0)
FNDA:0,(anonymous_1)
FNDA:0,(anonymous_2)
FNDA:0,(anonymous_3)
FNDA:0,(anonymous_4)
FNDA:0,(anonymous_5)
FNDA:0,(anonymous_6)
FNDA:0,(anonymous_7)
FNDA:0,(anonymous_8)
FNDA:0,(anonymous_9)
FNDA:0,(anonymous_10)
FNDA:0,(anonymous_11)
FNDA:0,(anonymous_12)
FNDA:0,(anonymous_13)
FNDA:0,(anonymous_14)
FNDA:0,(anonymous_15)
FNDA:0,(anonymous_16)
FNDA:0,(anonymous_17)
FNDA:0,(anonymous_18)
FNDA:0,(anonymous_19)
FNDA:0,(anonymous_20)
FNDA:0,(anonymous_21)
FNDA:0,(anonymous_22)
FNDA:0,(anonymous_23)
FNDA:0,(anonymous_24)
FNDA:0,(anonymous_25)
FNDA:0,(anonymous_26)
FNDA:0,(anonymous_27)
FNDA:0,(anonymous_28)
DA:61,0
DA:84,0
DA:88,0
DA:93,0
DA:94,0
DA:99,0
DA:100,0
DA:103,0
DA:104,0
DA:113,0
DA:117,0
DA:133,0
DA:134,0
DA:137,0
DA:142,0
DA:146,0
DA:147,0
DA:154,0
DA:167,0
DA:175,0
DA:187,0
DA:191,0
DA:192,0
DA:204,0
DA:205,0
DA:208,0
DA:209,0
DA:210,0
DA:211,0
DA:212,0
DA:213,0
DA:214,0
DA:215,0
DA:216,0
DA:217,0
DA:218,0
DA:219,0
DA:220,0
DA:221,0
DA:222,0
DA:223,0
DA:224,0
DA:225,0
DA:229,0
DA:230,0
DA:231,0
DA:235,0
DA:241,0
DA:243,0
DA:245,0
DA:246,0
DA:247,0
DA:248,0
DA:253,0
DA:254,0
DA:255,0
DA:258,0
DA:260,0
DA:261,0
DA:266,0
DA:267,0
DA:268,0
DA:269,0
DA:270,0
DA:273,0
DA:276,0
DA:279,0
DA:280,0
DA:284,0
DA:286,0
DA:288,0
DA:289,0
DA:290,0
DA:309,0
DA:312,0
DA:318,0
DA:337,0
DA:340,0
DA:341,0
DA:368,0
DA:405,0
DA:406,0
DA:414,0
DA:418,0
DA:421,0
DA:422,0
DA:424,0
DA:427,0
DA:460,0
DA:464,0
DA:471,0
DA:472,0
DA:497,0
DA:498,0
DA:499,0
DA:514,0
DA:515,0
DA:521,0
DA:522,0
DA:539,0
DA:540,0
DA:557,0
DA:558,0
DA:602,0
DA:603,0
LF:105
LH:0
BRDA:62,0,0,0
BRDA:63,1,0,0
BRDA:64,2,0,0
BRDA:65,3,0,0
BRDA:66,4,0,0
BRDA:84,5,0,0
BRDA:84,5,1,0
BRDA:93,6,0,0
BRDA:93,6,1,0
BRDA:94,7,0,0
BRDA:94,7,1,0
BRDA:99,8,0,0
BRDA:99,8,1,0
BRDA:103,9,0,0
BRDA:103,9,1,0
BRDA:103,10,0,0
BRDA:103,10,1,0
BRDA:103,10,2,0
BRDA:103,10,3,0
BRDA:118,11,0,0
BRDA:119,12,0,0
BRDA:120,13,0,0
BRDA:121,14,0,0
BRDA:122,15,0,0
BRDA:123,16,0,0
BRDA:133,17,0,0
BRDA:133,17,1,0
BRDA:133,18,0,0
BRDA:133,18,1,0
BRDA:133,18,2,0
BRDA:137,19,0,0
BRDA:137,19,1,0
BRDA:138,20,0,0
BRDA:138,20,1,0
BRDA:138,20,2,0
BRDA:146,21,0,0
BRDA:146,21,1,0
BRDA:155,22,0,0
BRDA:156,23,0,0
BRDA:157,24,0,0
BRDA:159,25,0,0
BRDA:192,26,0,0
BRDA:192,26,1,0
BRDA:205,27,0,0
BRDA:205,27,1,0
BRDA:219,28,0,0
BRDA:219,28,1,0
BRDA:220,29,0,0
BRDA:220,29,1,0
BRDA:221,30,0,0
BRDA:221,30,1,0
BRDA:222,31,0,0
BRDA:222,31,1,0
BRDA:223,32,0,0
BRDA:223,32,1,0
BRDA:224,33,0,0
BRDA:224,33,1,0
BRDA:225,34,0,0
BRDA:225,34,1,0
BRDA:229,35,0,0
BRDA:229,35,1,0
BRDA:231,36,0,0
BRDA:231,36,1,0
BRDA:241,37,0,0
BRDA:241,37,1,0
BRDA:246,38,0,0
BRDA:246,38,1,0
BRDA:253,39,0,0
BRDA:253,39,1,0
BRDA:258,40,0,0
BRDA:258,40,1,0
BRDA:260,41,0,0
BRDA:260,41,1,0
BRDA:261,42,0,0
BRDA:261,42,1,0
BRDA:268,43,0,0
BRDA:268,43,1,0
BRDA:279,44,0,0
BRDA:279,44,1,0
BRDA:286,45,0,0
BRDA:286,45,1,0
BRDA:288,46,0,0
BRDA:288,46,1,0
BRDA:289,47,0,0
BRDA:289,47,1,0
BRDA:292,48,0,0
BRDA:292,48,1,0
BRDA:312,49,0,0
BRDA:312,49,1,0
BRDA:313,50,0,0
BRDA:313,50,1,0
BRDA:373,51,0,0
BRDA:373,51,1,0
BRDA:379,52,0,0
BRDA:379,52,1,0
BRDA:379,53,0,0
BRDA:379,53,1,0
BRDA:382,54,0,0
BRDA:382,54,1,0
BRDA:383,55,0,0
BRDA:383,55,1,0
BRDA:398,56,0,0
BRDA:398,56,1,0
BRDA:405,57,0,0
BRDA:405,57,1,0
BRDA:418,58,0,0
BRDA:418,58,1,0
BRDA:418,59,0,0
BRDA:418,59,1,0
BRDA:421,60,0,0
BRDA:421,60,1,0
BRDA:430,61,0,0
BRDA:430,61,1,0
BRDA:460,62,0,0
BRDA:460,62,1,0
BRDA:471,63,0,0
BRDA:471,63,1,0
BRDA:480,64,0,0
BRDA:480,64,1,0
BRDA:483,65,0,0
BRDA:483,65,1,0
BRDA:498,66,0,0
BRDA:498,66,1,0
BRDA:498,67,0,0
BRDA:498,67,1,0
BRDA:498,67,2,0
BRDA:514,68,0,0
BRDA:514,68,1,0
BRDA:521,69,0,0
BRDA:521,69,1,0
BRDA:521,70,0,0
BRDA:521,70,1,0
BRDA:539,71,0,0
BRDA:539,71,1,0
BRDA:539,72,0,0
BRDA:539,72,1,0
BRDA:547,73,0,0
BRDA:547,73,1,0
BRDA:552,74,0,0
BRDA:552,74,1,0
BRDA:557,75,0,0
BRDA:557,75,1,0
BRDA:557,76,0,0
BRDA:557,76,1,0
BRDA:576,77,0,0
BRDA:576,77,1,0
BRDA:586,78,0,0
BRDA:586,78,1,0
BRDA:586,78,2,0
BRDA:586,78,3,0
BRDA:592,79,0,0
BRDA:592,79,1,0
BRDA:592,80,0,0
BRDA:592,80,1,0
BRDA:602,81,0,0
BRDA:602,81,1,0
BRF:156
BRH:0
end_of_record
TN:
SF:src/domain/Adventure/StepScreen/index.tsx
FN:52,(anonymous_0)
FN:59,(anonymous_1)
FN:66,(anonymous_2)
FN:78,(anonymous_3)
FN:108,(anonymous_4)
FN:137,(anonymous_5)
FN:154,(anonymous_6)
FN:179,(anonymous_7)
FN:180,(anonymous_8)
FN:183,(anonymous_9)
FN:187,(anonymous_10)
FN:199,(anonymous_11)
FNF:12
FNH:0
FNDA:0,(anonymous_0)
FNDA:0,(anonymous_1)
FNDA:0,(anonymous_2)
FNDA:0,(anonymous_3)
FNDA:0,(anonymous_4)
FNDA:0,(anonymous_5)
FNDA:0,(anonymous_6)
FNDA:0,(anonymous_7)
FNDA:0,(anonymous_8)
FNDA:0,(anonymous_9)
FNDA:0,(anonymous_10)
FNDA:0,(anonymous_11)
DA:52,0
DA:53,0
DA:54,0
DA:55,0
DA:56,0
DA:58,0
DA:60,0
DA:65,0
DA:67,0
DA:73,0
DA:74,0
DA:75,0
DA:76,0
DA:78,0
DA:79,0
DA:89,0
DA:90,0
DA:101,0
DA:108,0
DA:109,0
DA:110,0
DA:111,0
DA:112,0
DA:114,0
DA:125,0
DA:137,0
DA:138,0
DA:141,0
DA:142,0
DA:145,0
DA:154,0
DA:155,0
DA:158,0
DA:159,0
DA:170,0
DA:179,0
DA:180,0
DA:181,0
DA:183,0
DA:186,0
DA:187,0
DA:198,0
DA:199,0
DA:213,0
LF:44
LH:0
BRDA:58,0,0,0
BRDA:58,0,1,0
BRDA:65,1,0,0
BRDA:65,1,1,0
BRDA:89,2,0,0
BRDA:89,2,1,0
BRDA:111,3,0,0
BRDA:111,3,1,0
BRDA:111,4,0,0
BRDA:111,4,1,0
BRDA:138,5,0,0
BRDA:138,5,1,0
BRDA:142,6,0,0
BRDA:142,6,1,0
BRDA:155,7,0,0
BRDA:155,7,1,0
BRDA:158,8,0,0
BRDA:158,8,1,0
BRDA:215,9,0,0
BRDA:215,9,1,0
BRF:20
BRH:0
end_of_record
TN:
SF:src/domain/Adventure/StepScreen/styles.ts
FNF:0
FNH:0
DA:3,0
DA:5,0
LF:2
LH:0
BRF:0
BRH:0
end_of_record
TN:
SF:src/domain/Adventure/components/AdventuresActions/index.tsx
FN:12,AdventuresActions
FN:17,(anonymous_1)
FN:20,(anonymous_2)
FN:27,(anonymous_3)
FNF:4
FNH:0
FNDA:0,AdventuresActions
FNDA:0,(anonymous_1)
FNDA:0,(anonymous_2)
FNDA:0,(anonymous_3)
DA:13,0
DA:14,0
DA:15,0
DA:16,0
DA:17,0
DA:19,0
DA:20,0
DA:21,0
DA:23,0
DA:27,0
LF:10
LH:0
BRF:0
BRH:0
end_of_record
TN:
SF:src/domain/Adventures/AdventuresFind/index.tsx
FN:11,(anonymous_0)
FN:14,(anonymous_1)
FN:19,(anonymous_2)
FN:25,(anonymous_3)
FN:41,(anonymous_4)
FNF:5
FNH:0
FNDA:0,(anonymous_0)
FNDA:0,(anonymous_1)
FNDA:0,(anonymous_2)
FNDA:0,(anonymous_3)
FNDA:0,(anonymous_4)
DA:11,0
DA:12,0
DA:13,0
DA:14,0
DA:17,0
DA:19,0
DA:20,0
DA:21,0
DA:25,0
DA:26,0
DA:27,0
DA:28,0
DA:31,0
DA:42,0
LF:14
LH:0
BRDA:20,0,0,0
BRDA:20,0,1,0
BRDA:42,1,0,0
BRDA:42,1,1,0
BRF:4
BRH:0
end_of_record
TN:
SF:src/domain/Adventures/AdventuresMy/index.tsx
FN:20,(anonymous_0)
FN:24,(anonymous_1)
FN:28,(anonymous_2)
FN:32,(anonymous_3)
FN:39,(anonymous_4)
FN:46,(anonymous_5)
FN:56,(anonymous_6)
FN:76,(anonymous_7)
FN:84,(anonymous_8)
FNF:9
FNH:0
FNDA:0,(anonymous_0)
FNDA:0,(anonymous_1)
FNDA:0,(anonymous_2)
FNDA:0,(anonymous_3)
FNDA:0,(anonymous_4)
FNDA:0,(anonymous_5)
FNDA:0,(anonymous_6)
FNDA:0,(anonymous_7)
FNDA:0,(anonymous_8)
DA:20,0
DA:21,0
DA:23,0
DA:24,0
DA:27,0
DA:28,0
DA:30,0
DA:32,0
DA:34,0
DA:35,0
DA:39,0
DA:41,0
DA:45,0
DA:49,0
DA:56,0
DA:63,0
DA:77,0
DA:85,0
LF:18
LH:0
BRDA:23,0,0,0
BRDA:23,0,1,0
BRDA:27,1,0,0
BRDA:27,1,1,0
BRDA:73,2,0,0
BRDA:73,2,1,0
BRDA:77,3,0,0
BRDA:77,3,1,0
BRDA:81,4,0,0
BRDA:81,4,1,0
BRF:10
BRH:0
end_of_record
TN:
SF:src/domain/Adventures/AdventuresMy/styles.ts
FNF:0
FNH:0
DA:4,0
LF:1
LH:0
BRF:0
BRH:0
end_of_record
TN:
SF:src/domain/Adventures/AdventuresTab/index.tsx
FN:10,(anonymous_0)
FN:12,(anonymous_1)
FN:16,(anonymous_2)
FN:22,(anonymous_3)
FNF:4
FNH:0
FNDA:0,(anonymous_0)
FNDA:0,(anonymous_1)
FNDA:0,(anonymous_2)
FNDA:0,(anonymous_3)
DA:10,0
DA:12,0
DA:15,0
DA:16,0
DA:19,0
DA:20,0
DA:22,0
DA:23,0
DA:26,0
LF:9
LH:0
BRDA:12,0,0,0
BRDA:12,0,1,0
BRDA:15,1,0,0
BRDA:15,1,1,0
BRDA:19,2,0,0
BRDA:19,2,1,0
BRDA:19,3,0,0
BRDA:19,3,1,0
BRDA:45,4,0,0
BRDA:45,4,1,0
BRF:10
BRH:0
end_of_record
TN:
SF:src/domain/Adventures/AdventuresTab/styles.ts
FNF:0
FNH:0
DA:4,0
LF:1
LH:0
BRF:0
BRH:0
end_of_record
TN:
SF:src/domain/Chat/BluredBlock/index.tsx
FN:10,(anonymous_0)
FNF:1
FNH:1
FNDA:1,(anonymous_0)
DA:10,2
DA:11,1
LF:2
LH:2
BRDA:13,0,0,1
BRDA:13,0,1,0
BRDA:23,1,0,1
BRDA:23,1,1,1
BRF:4
BRH:3
end_of_record
TN:
SF:src/domain/Chat/BluredBlock/styles.ts
FNF:0
FNH:0
DA:4,2
LF:1
LH:1
BRF:0
BRH:0
end_of_record
TN:
SF:src/domain/Chat/ContextActions/index.tsx
FN:16,(anonymous_0)
FNF:1
FNH:1
FNDA:4,(anonymous_0)
DA:16,2
DA:21,4
DA:23,4
LF:3
LH:3
BRDA:30,0,0,4
BRDA:30,0,1,0
BRDA:44,1,0,4
BRDA:44,1,1,0
BRF:4
BRH:2
end_of_record
TN:
SF:src/domain/Chat/ContextActions/styles.ts
FNF:0
FNH:0
DA:4,2
LF:1
LH:1
BRF:0
BRH:0
end_of_record
TN:
SF:src/domain/Chat/ContextMode/index.tsx
FN:21,(anonymous_0)
FN:37,(anonymous_1)
FN:51,(anonymous_2)
FN:60,(anonymous_3)
FN:63,(anonymous_4)
FNF:5
FNH:4
FNDA:14,(anonymous_0)
FNDA:0,(anonymous_1)
FNDA:1,(anonymous_2)
FNDA:2,(anonymous_3)
FNDA:2,(anonymous_4)
DA:21,2
DA:30,14
DA:31,14
DA:32,4
DA:38,0
DA:52,1
DA:61,2
DA:64,2
DA:71,10
LF:9
LH:8
BRDA:31,0,0,4
BRDA:31,0,1,10
BRDA:45,1,0,4
BRDA:45,1,1,0
BRF:4
BRH:3
end_of_record
TN:
SF:src/domain/Chat/ContextMode/styles.ts
FNF:0
FNH:0
DA:3,2
LF:1
LH:1
BRF:0
BRH:0
end_of_record
TN:
SF:src/domain/Chat/InteractiveElement/BinaryQuestion.tsx
FN:17,(anonymous_0)
FN:27,(anonymous_1)
FN:54,(anonymous_2)
FN:60,(anonymous_3)
FNF:4
FNH:4
FNDA:8,(anonymous_0)
FNDA:11,(anonymous_1)
FNDA:14,(anonymous_2)
FNDA:2,(anonymous_3)
DA:17,3
DA:22,8
DA:23,8
DA:24,8
DA:25,8
DA:26,8
DA:27,11
DA:28,8
DA:55,14
DA:61,2
LF:10
LH:10
BRDA:22,0,0,8
BRDA:22,0,1,1
BRDA:23,1,0,8
BRDA:23,1,1,1
BRDA:24,2,0,8
BRDA:24,2,1,1
BRDA:25,3,0,8
BRDA:25,3,1,1
BRDA:26,4,0,8
BRDA:26,4,1,1
BRDA:27,5,0,3
BRDA:27,5,1,5
BRDA:29,6,0,0
BRDA:29,6,1,8
BRDA:30,7,0,7
BRDA:30,7,1,1
BRDA:33,8,0,0
BRDA:33,8,1,8
BRDA:44,9,0,0
BRDA:44,9,1,8
BRDA:49,10,0,0
BRDA:49,10,1,8
BRDA:59,11,0,3
BRDA:59,11,1,11
BRDA:64,12,0,11
BRDA:64,12,1,3
BRDA:64,13,0,14
BRDA:64,13,1,11
BRF:28
BRH:24
end_of_record
TN:
SF:src/domain/Chat/InteractiveElement/MultiQuestion.tsx
FN:16,(anonymous_0)
FN:27,(anonymous_1)
FN:32,(anonymous_2)
FN:50,(anonymous_3)
FNF:4
FNH:0
FNDA:0,(anonymous_0)
FNDA:0,(anonymous_1)
FNDA:0,(anonymous_2)
FNDA:0,(anonymous_3)
DA:16,2
DA:23,0
DA:25,0
DA:27,0
DA:31,0
DA:32,0
DA:38,0
DA:51,0
LF:8
LH:1
BRDA:23,0,0,0
BRDA:23,0,1,0
BRDA:23,1,0,0
BRDA:23,1,1,0
BRDA:23,2,0,0
BRDA:23,2,1,0
BRDA:31,3,0,0
BRDA:31,3,1,0
BRF:8
BRH:0
end_of_record
TN:
SF:src/domain/Chat/InteractiveElement/TextQuestion.tsx
FN:19,(anonymous_0)
FN:48,(anonymous_1)
FN:58,(anonymous_2)
FN:63,(anonymous_3)
FNF:4
FNH:4
FNDA:7,(anonymous_0)
FNDA:1,(anonymous_1)
FNDA:1,(anonymous_2)
FNDA:1,(anonymous_3)
DA:19,2
DA:26,7
DA:27,7
DA:29,7
DA:30,2
DA:44,5
DA:49,1
DA:58,1
DA:64,1
LF:9
LH:9
BRDA:29,0,0,2
BRDA:29,0,1,5
BRDA:29,1,0,7
BRDA:29,1,1,6
BRDA:32,2,0,2
BRDA:32,2,1,0
BRDA:32,3,0,2
BRDA:32,3,1,1
BRDA:33,4,0,1
BRDA:33,4,1,1
BRDA:57,5,0,0
BRDA:57,5,1,5
BRF:12
BRH:10
end_of_record
TN:
SF:src/domain/Chat/InteractiveElement/index.tsx
FN:22,(anonymous_0)
FN:41,(anonymous_1)
FN:46,(anonymous_2)
FN:50,(anonymous_3)
FN:70,(anonymous_4)
FN:94,(anonymous_5)
FN:106,(anonymous_6)
FN:122,(anonymous_7)
FNF:8
FNH:6
FNDA:12,(anonymous_0)
FNDA:18,(anonymous_1)
FNDA:5,(anonymous_2)
FNDA:8,(anonymous_3)
FNDA:1,(anonymous_4)
FNDA:0,(anonymous_5)
FNDA:0,(anonymous_6)
FNDA:1,(anonymous_7)
DA:22,2
DA:30,12
DA:31,12
DA:32,12
DA:33,12
DA:34,12
DA:35,12
DA:36,12
DA:37,12
DA:38,12
DA:40,12
DA:41,18
DA:46,12
DA:47,5
DA:50,12
DA:51,8
DA:52,8
DA:53,0
DA:54,0
DA:56,0
DA:57,0
DA:62,0
DA:63,0
DA:70,12
DA:71,1
DA:72,1
DA:85,12
DA:86,0
DA:89,0
DA:95,0
DA:96,0
DA:102,12
DA:103,4
DA:107,0
DA:108,0
DA:116,8
DA:122,1
LF:37
LH:25
BRDA:32,0,0,12
BRDA:32,0,1,10
BRDA:34,1,0,12
BRDA:34,1,1,12
BRDA:41,2,0,18
BRDA:41,2,1,0
BRDA:51,3,0,8
BRDA:51,3,1,0
BRDA:53,4,0,0
BRDA:53,4,1,0
BRDA:53,5,0,0
BRDA:53,5,1,0
BRDA:57,6,0,0
BRDA:57,6,1,0
BRDA:58,7,0,0
BRDA:58,7,1,0
BRDA:58,7,2,0
BRDA:77,8,0,1
BRDA:77,8,1,0
BRDA:85,9,0,0
BRDA:85,9,1,12
BRDA:86,10,0,0
BRDA:86,10,1,0
BRDA:95,11,0,0
BRDA:95,11,1,0
BRDA:102,12,0,4
BRDA:102,12,1,8
BRDA:102,13,0,12
BRDA:102,13,1,4
BRDA:102,13,2,8
BRF:30
BRH:13
end_of_record
TN:
SF:src/domain/Chat/InteractiveElement/styles.ts
FNF:0
FNH:0
DA:4,3
DA:23,3
LF:2
LH:2
BRF:0
BRH:0
end_of_record
TN:
SF:src/domain/Chat/Message/index.tsx
FN:23,(anonymous_0)
FN:33,(anonymous_1)
FN:37,(anonymous_2)
FN:96,(anonymous_3)
FN:111,(anonymous_4)
FN:115,(anonymous_5)
FN:132,(anonymous_6)
FN:137,(anonymous_7)
FNF:8
FNH:6
FNDA:12,(anonymous_0)
FNDA:33,(anonymous_1)
FNDA:31,(anonymous_2)
FNDA:0,(anonymous_3)
FNDA:2,(anonymous_4)
FNDA:1,(anonymous_5)
FNDA:1,(anonymous_6)
FNDA:0,(anonymous_7)
DA:23,1
DA:24,12
DA:26,12
DA:27,12
DA:28,12
DA:29,12
DA:31,12
DA:33,33
DA:35,12
DA:36,12
DA:37,31
DA:51,12
DA:57,12
DA:67,12
DA:73,12
DA:75,1
DA:76,11
DA:86,0
DA:87,11
DA:89,2
DA:97,0
DA:103,9
DA:112,2
DA:117,1
DA:118,1
DA:125,0
DA:130,1
DA:133,1
DA:134,1
DA:135,1
DA:138,0
DA:145,0
LF:32
LH:27
BRDA:36,0,0,12
BRDA:36,0,1,9
BRDA:40,1,0,9
BRDA:40,1,1,0
BRDA:51,2,0,12
BRDA:51,2,1,10
BRDA:57,3,0,12
BRDA:57,3,1,11
BRDA:57,3,2,3
BRDA:67,4,0,12
BRDA:67,4,1,11
BRDA:67,4,2,11
BRDA:67,4,3,10
BRDA:67,4,4,10
BRDA:73,5,0,1
BRDA:73,5,1,11
BRDA:73,6,0,12
BRDA:73,6,1,1
BRDA:76,7,0,0
BRDA:76,7,1,11
BRDA:78,8,0,11
BRDA:78,8,1,11
BRDA:78,8,2,0
BRDA:78,8,3,0
BRDA:87,9,0,2
BRDA:87,9,1,9
BRDA:117,10,0,1
BRDA:117,10,1,0
BRF:28
BRH:23
end_of_record
TN:
SF:src/domain/Chat/Message/styles.ts
FNF:0
FNH:0
LF:0
LH:0
BRF:0
BRH:0
end_of_record
TN:
SF:src/domain/Chat/MessageFooter/index.tsx
FN:20,(anonymous_0)
FN:37,(anonymous_1)
FNF:2
FNH:2
FNDA:17,(anonymous_0)
FNDA:6,(anonymous_1)
DA:20,3
DA:21,17
DA:23,17
DA:37,6
LF:4
LH:4
BRDA:28,0,0,1
BRDA:28,0,1,16
BRDA:33,1,0,16
BRDA:33,1,1,1
BRDA:33,2,0,17
BRDA:33,2,1,17
BRF:6
BRH:6
end_of_record
TN:
SF:src/domain/Chat/MessageFooter/styles.ts
FNF:0
FNH:0
DA:4,3
LF:1
LH:1
BRF:0
BRH:0
end_of_record
TN:
SF:src/domain/Chat/Options/index.tsx
FN:17,(anonymous_0)
FN:25,(anonymous_1)
FN:27,(anonymous_2)
FNF:3
FNH:0
FNDA:0,(anonymous_0)
FNDA:0,(anonymous_1)
FNDA:0,(anonymous_2)
DA:17,2
DA:23,0
DA:26,0
DA:28,0
DA:29,0
LF:5
LH:1
BRDA:28,0,0,0
BRDA:28,0,1,0
BRDA:40,1,0,0
BRDA:40,1,1,0
BRDA:49,2,0,0
BRDA:49,2,1,0
BRF:6
BRH:0
end_of_record
TN:
SF:src/domain/Chat/Options/styles.ts
FNF:0
FNH:0
DA:4,2
LF:1
LH:1
BRF:0
BRH:0
end_of_record
TN:
SF:src/domain/Chat/ReactionPills/index.tsx
FN:15,(anonymous_0)
FN:36,(anonymous_1)
FN:39,(anonymous_2)
FN:46,(anonymous_3)
FNF:4
FNH:4
FNDA:20,(anonymous_0)
FNDA:80,(anonymous_1)
FNDA:160,(anonymous_2)
FNDA:12,(anonymous_3)
DA:15,4
DA:16,20
DA:19,20
DA:21,20
DA:22,0
DA:25,20
DA:37,80
DA:40,160
DA:47,12
DA:48,10
DA:49,10
LF:11
LH:10
BRDA:21,0,0,0
BRDA:21,0,1,20
BRDA:32,1,0,3
BRDA:32,1,1,17
BRDA:42,2,0,80
BRDA:42,2,1,0
BRDA:47,3,0,10
BRDA:47,3,1,2
BRF:8
BRH:6
end_of_record
TN:
SF:src/domain/Chat/ReactionPills/styles.ts
FNF:0
FNH:0
DA:4,4
LF:1
LH:1
BRF:0
BRH:0
end_of_record
TN:
SF:src/domain/Chat/Reactions/Triangle.tsx
FN:11,(anonymous_0)
FNF:1
FNH:1
FNDA:6,(anonymous_0)
DA:11,3
DA:12,6
DA:14,6
DA:23,6
LF:4
LH:4
BRDA:12,0,0,0
BRDA:12,1,0,6
BRDA:12,2,0,0
BRDA:12,3,0,0
BRF:4
BRH:1
end_of_record
TN:
SF:src/domain/Chat/Reactions/index.tsx
FN:12,(anonymous_0)
FN:14,(anonymous_1)
FN:28,(anonymous_2)
FN:32,(anonymous_3)
FNF:4
FNH:4
FNDA:6,(anonymous_0)
FNDA:6,(anonymous_1)
FNDA:30,(anonymous_2)
FNDA:6,(anonymous_3)
DA:12,3
DA:13,6
DA:14,6
DA:15,6
DA:17,6
DA:29,30
DA:33,6
LF:7
LH:7
BRDA:23,0,0,6
BRDA:23,0,1,0
BRF:2
BRH:1
end_of_record
TN:
SF:src/domain/Chat/Reactions/styles.ts
FNF:0
FNH:0
DA:4,3
LF:1
LH:1
BRF:0
BRH:0
end_of_record
TN:
SF:src/domain/Chat/SpecialMessage/index.tsx
FN:19,(anonymous_0)
FN:24,(anonymous_1)
FN:51,(anonymous_2)
FN:80,(anonymous_3)
FNF:4
FNH:3
FNDA:5,(anonymous_0)
FNDA:3,(anonymous_1)
FNDA:0,(anonymous_2)
FNDA:1,(anonymous_3)
DA:19,2
DA:20,5
DA:21,5
DA:24,5
DA:29,5
DA:36,1
DA:48,5
DA:53,0
DA:54,0
DA:55,0
DA:81,1
LF:11
LH:8
BRDA:24,0,0,5
BRDA:24,0,1,4
BRDA:24,1,0,5
BRDA:24,1,1,4
BRDA:24,2,0,5
BRDA:24,2,1,3
BRDA:24,3,0,5
BRDA:24,3,1,0
BRDA:29,4,0,1
BRDA:29,4,1,4
BRDA:30,5,0,5
BRDA:30,5,1,3
BRDA:30,5,2,3
BRDA:30,5,3,3
BRDA:30,5,4,1
BRDA:54,6,0,0
BRDA:54,6,1,0
BRDA:54,7,0,0
BRDA:54,7,1,0
BRDA:54,7,2,0
BRDA:60,8,0,3
BRDA:60,8,1,2
BRDA:60,9,0,5
BRDA:60,9,1,5
BRDA:69,10,0,3
BRDA:69,10,1,0
BRDA:69,11,0,3
BRDA:69,11,1,0
BRF:28
BRH:20
end_of_record
TN:
SF:src/domain/Chat/SpecialMessage/styles.ts
FNF:0
FNH:0
DA:4,2
DA:14,2
LF:2
LH:2
BRF:0
BRH:0
end_of_record
TN:
SF:src/domain/Chat/TextMessage/index.tsx
FN:30,(anonymous_0)
FN:49,(anonymous_1)
FN:57,(anonymous_2)
FN:66,(anonymous_3)
FN:100,(anonymous_4)
FN:103,(anonymous_5)
FN:113,(anonymous_6)
FN:163,(anonymous_7)
FNF:8
FNH:6
FNDA:14,(anonymous_0)
FNDA:14,(anonymous_1)
FNDA:14,(anonymous_2)
FNDA:0,(anonymous_3)
FNDA:0,(anonymous_4)
FNDA:1,(anonymous_5)
FNDA:3,(anonymous_6)
FNDA:5,(anonymous_7)
DA:30,2
DA:43,14
DA:45,14
DA:46,14
DA:47,14
DA:49,14
DA:50,14
DA:51,0
DA:53,14
DA:57,14
DA:58,14
DA:59,0
DA:61,14
DA:66,14
DA:67,0
DA:88,14
DA:101,0
DA:104,1
DA:114,3
DA:115,3
DA:164,5
LF:21
LH:17
BRDA:50,0,0,0
BRDA:50,0,1,14
BRDA:51,1,0,0
BRDA:51,1,1,0
BRDA:53,2,0,14
BRDA:53,2,1,0
BRDA:58,3,0,0
BRDA:58,3,1,14
BRDA:58,4,0,14
BRDA:58,4,1,1
BRDA:61,5,0,0
BRDA:61,5,1,14
BRDA:71,6,0,0
BRDA:71,6,1,0
BRDA:79,7,0,0
BRDA:79,7,1,0
BRDA:79,8,0,0
BRDA:79,8,1,0
BRDA:88,9,0,0
BRDA:88,9,1,14
BRDA:88,10,0,14
BRDA:88,10,1,0
BRDA:109,11,0,0
BRDA:109,11,1,14
BRDA:118,12,0,0
BRDA:118,12,1,14
BRDA:125,13,0,8
BRDA:125,13,1,6
BRDA:125,14,0,14
BRDA:125,14,1,14
BRDA:127,15,0,6
BRDA:127,15,1,0
BRDA:128,16,0,5
BRDA:128,16,1,1
BRDA:132,17,0,0
BRDA:132,17,1,14
BRDA:138,18,0,14
BRDA:138,18,1,0
BRDA:145,19,0,14
BRDA:145,19,1,0
BRDA:147,20,0,1
BRDA:147,20,1,13
BRDA:151,21,0,0
BRDA:151,21,1,14
BRDA:153,22,0,6
BRDA:153,22,1,8
BRDA:162,23,0,14
BRDA:162,23,1,1
BRF:48
BRH:27
end_of_record
TN:
SF:src/domain/Chat/TextMessage/styles.ts
FNF:0
FNH:0
DA:4,2
DA:19,2
LF:2
LH:2
BRF:0
BRH:0
end_of_record
TN:
SF:src/domain/Common/CustomModal/index.tsx
FN:19,CustomModal
FN:31,(anonymous_1)
FN:36,(anonymous_2)
FN:40,(anonymous_3)
FN:42,(anonymous_4)
FN:44,(anonymous_5)
FN:52,(anonymous_6)
FN:61,(anonymous_7)
FN:69,(anonymous_8)
FN:89,(anonymous_9)
FN:93,(anonymous_10)
FN:99,(anonymous_11)
FN:111,(anonymous_12)
FN:113,(anonymous_13)
FN:121,(anonymous_14)
FN:124,(anonymous_15)
FN:138,(anonymous_16)
FN:385,(anonymous_17)
FN:563,(anonymous_18)
FN:602,(anonymous_19)
FN:635,(anonymous_20)
FNF:21
FNH:0
FNDA:0,CustomModal
FNDA:0,(anonymous_1)
FNDA:0,(anonymous_2)
FNDA:0,(anonymous_3)
FNDA:0,(anonymous_4)
FNDA:0,(anonymous_5)
FNDA:0,(anonymous_6)
FNDA:0,(anonymous_7)
FNDA:0,(anonymous_8)
FNDA:0,(anonymous_9)
FNDA:0,(anonymous_10)
FNDA:0,(anonymous_11)
FNDA:0,(anonymous_12)
FNDA:0,(anonymous_13)
FNDA:0,(anonymous_14)
FNDA:0,(anonymous_15)
FNDA:0,(anonymous_16)
FNDA:0,(anonymous_17)
FNDA:0,(anonymous_18)
FNDA:0,(anonymous_19)
FNDA:0,(anonymous_20)
DA:21,0
DA:22,0
DA:23,0
DA:25,0
DA:26,0
DA:32,0
DA:35,0
DA:36,0
DA:38,0
DA:39,0
DA:40,0
DA:42,0
DA:44,0
DA:45,0
DA:46,0
DA:48,0
DA:52,0
DA:53,0
DA:54,0
DA:56,0
DA:57,0
DA:61,0
DA:62,0
DA:63,0
DA:69,0
DA:70,0
DA:71,0
DA:72,0
DA:79,0
DA:80,0
DA:89,0
DA:90,0
DA:93,0
DA:94,0
DA:95,0
DA:96,0
DA:99,0
DA:101,0
DA:105,0
DA:111,0
DA:112,0
DA:113,0
DA:119,0
DA:123,0
DA:124,0
DA:130,0
DA:139,0
DA:385,0
DA:564,0
DA:604,0
DA:636,0
LF:51
LH:0
BRDA:30,0,0,0
BRDA:31,1,0,0
BRDA:38,2,0,0
BRDA:38,2,1,0
BRDA:45,3,0,0
BRDA:45,3,1,0
BRDA:53,4,0,0
BRDA:53,4,1,0
BRDA:70,5,0,0
BRDA:70,5,1,0
BRDA:101,6,0,0
BRDA:101,6,1,0
BRDA:102,7,0,0
BRDA:102,7,1,0
BRDA:150,8,0,0
BRDA:150,8,1,0
BRDA:150,8,2,0
BRDA:160,9,0,0
BRDA:160,9,1,0
BRDA:165,10,0,0
BRDA:165,10,1,0
BRDA:212,11,0,0
BRDA:212,11,1,0
BRDA:218,12,0,0
BRDA:218,12,1,0
BRDA:370,13,0,0
BRDA:370,13,1,0
BRDA:413,14,0,0
BRDA:413,14,1,0
BRDA:579,15,0,0
BRDA:579,15,1,0
BRDA:579,15,2,0
BRF:32
BRH:0
end_of_record
TN:
SF:src/domain/Common/KitchenSink/index.tsx
FN:10,(anonymous_0)
FN:15,(anonymous_1)
FN:21,(anonymous_2)
FN:26,(anonymous_3)
FN:30,(anonymous_4)
FN:76,(anonymous_5)
FNF:6
FNH:0
FNDA:0,(anonymous_0)
FNDA:0,(anonymous_1)
FNDA:0,(anonymous_2)
FNDA:0,(anonymous_3)
FNDA:0,(anonymous_4)
FNDA:0,(anonymous_5)
DA:10,0
DA:11,0
DA:12,0
DA:13,0
DA:15,0
DA:16,0
DA:17,0
DA:18,0
DA:21,0
DA:22,0
DA:23,0
DA:26,0
DA:27,0
DA:30,0
DA:31,0
DA:34,0
DA:77,0
LF:17
LH:0
BRDA:16,0,0,0
BRDA:16,0,1,0
BRDA:59,1,0,0
BRDA:59,1,1,0
BRF:4
BRH:0
end_of_record
TN:
SF:src/domain/Common/LanguageSwitch/index.tsx
FN:17,(anonymous_0)
FN:23,(anonymous_1)
FN:28,(anonymous_2)
FN:32,(anonymous_3)
FN:37,(anonymous_4)
FN:43,(anonymous_5)
FN:47,(anonymous_6)
FN:70,(anonymous_7)
FN:71,(anonymous_8)
FN:72,(anonymous_9)
FN:74,(anonymous_10)
FNF:11
FNH:11
FNDA:10,(anonymous_0)
FNDA:3,(anonymous_1)
FNDA:12,(anonymous_2)
FNDA:3,(anonymous_3)
FNDA:9,(anonymous_4)
FNDA:1,(anonymous_5)
FNDA:4,(anonymous_6)
FNDA:3,(anonymous_7)
FNDA:1,(anonymous_8)
FNDA:1,(anonymous_9)
FNDA:28,(anonymous_10)
DA:11,1
DA:17,1
DA:18,10
DA:19,10
DA:20,10
DA:21,10
DA:23,10
DA:26,3
DA:28,3
DA:29,12
DA:30,12
DA:31,12
DA:32,3
DA:37,9
DA:43,10
DA:45,1
DA:46,1
DA:47,1
DA:48,4
DA:51,1
DA:53,1
DA:55,3
DA:58,1
DA:61,10
DA:70,3
DA:71,1
DA:72,1
DA:75,28
LF:28
LH:28
BRDA:30,0,0,12
BRDA:30,0,1,0
BRDA:31,1,0,3
BRDA:31,1,1,9
BRDA:31,2,0,12
BRDA:31,2,1,9
BRDA:31,2,2,0
BRDA:48,3,0,1
BRDA:48,3,1,3
BRDA:48,4,0,4
BRDA:48,4,1,3
BRDA:48,4,2,0
BRDA:82,5,0,28
BRDA:82,5,1,7
BRF:14
BRH:11
end_of_record
TN:
SF:src/domain/Common/LanguageSwitch/styles.ts
FNF:0
FNH:0
DA:5,1
LF:1
LH:1
BRF:0
BRH:0
end_of_record
TN:
SF:src/domain/Common/Select/Chevron.tsx
FN:12,(anonymous_0)
FNF:1
FNH:1
FNDA:13,(anonymous_0)
DA:12,2
DA:21,13
DA:23,13
DA:32,13
DA:33,13
DA:57,0
LF:6
LH:5
BRDA:16,0,0,0
BRDA:17,1,0,13
BRDA:18,2,0,13
BRDA:19,3,0,0
BRDA:20,4,0,13
BRDA:32,5,0,13
BRDA:32,5,1,0
BRF:7
BRH:4
end_of_record
TN:
SF:src/domain/Common/Select/index.tsx
FN:44,(anonymous_0)
FN:67,(anonymous_1)
FN:71,(anonymous_2)
FN:73,(anonymous_3)
FN:82,(anonymous_4)
FN:89,(anonymous_5)
FN:90,(anonymous_6)
FN:128,(anonymous_7)
FN:129,(anonymous_8)
FN:141,(anonymous_9)
FN:144,(anonymous_10)
FNF:11
FNH:8
FNDA:13,(anonymous_0)
FNDA:6,(anonymous_1)
FNDA:4,(anonymous_2)
FNDA:0,(anonymous_3)
FNDA:3,(anonymous_4)
FNDA:12,(anonymous_5)
FNDA:4,(anonymous_6)
FNDA:0,(anonymous_7)
FNDA:0,(anonymous_8)
FNDA:43,(anonymous_9)
FNDA:2,(anonymous_10)
DA:44,2
DA:55,13
DA:57,13
DA:58,13
DA:60,13
DA:61,13
DA:63,13
DA:64,13
DA:65,13
DA:67,13
DA:68,6
DA:71,13
DA:73,4
DA:74,0
DA:75,0
DA:76,0
DA:79,4
DA:82,13
DA:83,3
DA:86,13
DA:89,12
DA:91,4
DA:129,0
DA:130,0
DA:142,43
DA:145,2
DA:146,2
LF:27
LH:22
BRDA:122,0,0,13
BRDA:122,0,1,0
BRDA:151,1,0,10
BRDA:151,1,1,33
BRF:4
BRH:3
end_of_record
TN:
SF:src/domain/Common/Select/styles.ts
FNF:0
FNH:0
DA:6,2
LF:1
LH:1
BRF:0
BRH:0
end_of_record
TN:
SF:src/domain/Explore/containers/VideoDetails/index.tsx
FN:39,VideoDetails
FN:48,handleFavorite
FN:53,handleShare
FN:61,(anonymous_3)
FN:116,(anonymous_4)
FN:121,(anonymous_5)
FN:165,(anonymous_6)
FN:178,(anonymous_7)
FNF:8
FNH:0
FNDA:0,VideoDetails
FNDA:0,handleFavorite
FNDA:0,handleShare
FNDA:0,(anonymous_3)
FNDA:0,(anonymous_4)
FNDA:0,(anonymous_5)
FNDA:0,(anonymous_6)
FNDA:0,(anonymous_7)
DA:40,0
DA:41,0
DA:42,0
DA:43,0
DA:44,0
DA:45,0
DA:46,0
DA:49,0
DA:50,0
DA:54,0
DA:61,0
DA:64,0
DA:79,0
DA:117,0
DA:122,0
DA:166,0
DA:179,0
LF:17
LH:0
BRDA:84,0,0,0
BRDA:84,0,1,0
BRDA:86,1,0,0
BRDA:86,1,1,0
BRDA:86,2,0,0
BRDA:86,2,1,0
BRDA:98,3,0,0
BRDA:98,3,1,0
BRDA:117,4,0,0
BRDA:117,4,1,0
BRDA:130,5,0,0
BRDA:130,5,1,0
BRDA:165,6,0,0
BRDA:165,6,1,0
BRDA:171,7,0,0
BRDA:171,7,1,0
BRDA:190,8,0,0
BRDA:190,8,1,0
BRF:18
BRH:0
end_of_record
TN:
SF:src/domain/Explore/containers/VideoDetails/styles.ts
FNF:0
FNH:0
DA:4,0
DA:15,0
LF:2
LH:0
BRF:0
BRH:0
end_of_record
TN:
SF:src/domain/Explore/containers/Videos/index.tsx
FN:21,VideoList
FN:25,(anonymous_1)
FN:27,(anonymous_2)
FN:29,(anonymous_3)
FN:31,(anonymous_4)
FN:33,(anonymous_5)
FN:35,(anonymous_6)
FN:46,handleRefresh
FN:50,(anonymous_8)
FN:54,(anonymous_9)
FN:58,loadVideos
FN:79,(anonymous_11)
FN:99,loadMore
FN:132,(anonymous_13)
FN:163,(anonymous_14)
FN:177,(anonymous_15)
FN:180,(anonymous_16)
FN:187,(anonymous_17)
FN:189,(anonymous_18)
FN:190,(anonymous_19)
FN:216,(anonymous_20)
FN:219,(anonymous_21)
FN:263,ChannelList
FN:265,(anonymous_23)
FN:273,CustomTabBar
FN:281,(anonymous_25)
FN:290,Videos
FN:295,(anonymous_27)
FNF:28
FNH:0
FNDA:0,VideoList
FNDA:0,(anonymous_1)
FNDA:0,(anonymous_2)
FNDA:0,(anonymous_3)
FNDA:0,(anonymous_4)
FNDA:0,(anonymous_5)
FNDA:0,(anonymous_6)
FNDA:0,handleRefresh
FNDA:0,(anonymous_8)
FNDA:0,(anonymous_9)
FNDA:0,loadVideos
FNDA:0,(anonymous_11)
FNDA:0,loadMore
FNDA:0,(anonymous_13)
FNDA:0,(anonymous_14)
FNDA:0,(anonymous_15)
FNDA:0,(anonymous_16)
FNDA:0,(anonymous_17)
FNDA:0,(anonymous_18)
FNDA:0,(anonymous_19)
FNDA:0,(anonymous_20)
FNDA:0,(anonymous_21)
FNDA:0,ChannelList
FNDA:0,(anonymous_23)
FNDA:0,CustomTabBar
FNDA:0,(anonymous_25)
FNDA:0,Videos
FNDA:0,(anonymous_27)
DA:22,0
DA:23,0
DA:25,0
DA:27,0
DA:29,0
DA:31,0
DA:33,0
DA:35,0
DA:37,0
DA:39,0
DA:40,0
DA:41,0
DA:42,0
DA:43,0
DA:44,0
DA:45,0
DA:47,0
DA:50,0
DA:51,0
DA:54,0
DA:55,0
DA:59,0
DA:61,0
DA:62,0
DA:64,0
DA:65,0
DA:67,0
DA:68,0
DA:71,0
DA:72,0
DA:73,0
DA:75,0
DA:79,0
DA:80,0
DA:82,0
DA:83,0
DA:85,0
DA:86,0
DA:88,0
DA:89,0
DA:91,0
DA:92,0
DA:94,0
DA:95,0
DA:101,0
DA:103,0
DA:107,0
DA:109,0
DA:110,0
DA:111,0
DA:112,0
DA:114,0
DA:115,0
DA:117,0
DA:118,0
DA:120,0
DA:121,0
DA:124,0
DA:125,0
DA:126,0
DA:128,0
DA:132,0
DA:133,0
DA:135,0
DA:136,0
DA:138,0
DA:141,0
DA:143,0
DA:144,0
DA:146,0
DA:149,0
DA:151,0
DA:152,0
DA:154,0
DA:163,0
DA:166,0
DA:172,0
DA:178,0
DA:180,0
DA:187,0
DA:189,0
DA:191,0
DA:217,0
DA:220,0
DA:221,0
DA:264,0
DA:265,0
DA:266,0
DA:274,0
DA:282,0
DA:291,0
DA:292,0
DA:293,0
DA:295,0
DA:296,0
DA:299,0
DA:304,0
DA:308,0
LF:98
LH:0
BRDA:25,0,0,0
BRDA:25,0,1,0
BRDA:27,1,0,0
BRDA:27,1,1,0
BRDA:29,2,0,0
BRDA:29,2,1,0
BRDA:31,3,0,0
BRDA:31,3,1,0
BRDA:33,4,0,0
BRDA:33,4,1,0
BRDA:35,5,0,0
BRDA:35,5,1,0
BRDA:37,6,0,0
BRDA:37,6,1,0
BRDA:61,7,0,0
BRDA:61,7,1,0
BRDA:64,8,0,0
BRDA:64,8,1,0
BRDA:67,9,0,0
BRDA:67,9,1,0
BRDA:72,10,0,0
BRDA:72,10,1,0
BRDA:80,11,0,0
BRDA:80,11,1,0
BRDA:80,11,2,0
BRDA:80,11,3,0
BRDA:80,11,4,0
BRDA:99,12,0,0
BRDA:103,13,0,0
BRDA:103,13,1,0
BRDA:104,14,0,0
BRDA:104,14,1,0
BRDA:104,14,2,0
BRDA:111,15,0,0
BRDA:111,15,1,0
BRDA:114,16,0,0
BRDA:114,16,1,0
BRDA:117,17,0,0
BRDA:117,17,1,0
BRDA:120,18,0,0
BRDA:120,18,1,0
BRDA:133,19,0,0
BRDA:133,19,1,0
BRDA:135,20,0,0
BRDA:135,20,1,0
BRDA:141,21,0,0
BRDA:141,21,1,0
BRDA:143,22,0,0
BRDA:143,22,1,0
BRDA:149,23,0,0
BRDA:149,23,1,0
BRDA:151,24,0,0
BRDA:151,24,1,0
BRDA:231,25,0,0
BRDA:231,25,1,0
BRDA:236,26,0,0
BRDA:236,26,1,0
BRDA:236,27,0,0
BRDA:236,27,1,0
BRDA:238,28,0,0
BRDA:238,28,1,0
BRDA:248,29,0,0
BRDA:248,29,1,0
BRF:63
BRH:0
end_of_record
TN:
SF:src/domain/Menu/About/index.js
FN:16,SettingsRow
FN:31,MenuAbout
FN:42,(anonymous_2)
FN:46,(anonymous_3)
FN:50,(anonymous_4)
FN:54,(anonymous_5)
FN:58,(anonymous_6)
FN:64,(anonymous_7)
FN:71,(anonymous_8)
FNF:9
FNH:0
FNDA:0,SettingsRow
FNDA:0,MenuAbout
FNDA:0,(anonymous_2)
FNDA:0,(anonymous_3)
FNDA:0,(anonymous_4)
FNDA:0,(anonymous_5)
FNDA:0,(anonymous_6)
FNDA:0,(anonymous_7)
FNDA:0,(anonymous_8)
DA:17,0
DA:32,0
DA:33,0
DA:34,0
DA:35,0
DA:37,0
DA:42,0
DA:46,0
DA:50,0
DA:54,0
DA:58,0
DA:65,0
DA:71,0
LF:13
LH:0
BRDA:68,0,0,0
BRDA:68,0,1,0
BRF:2
BRH:0
end_of_record
TN:
SF:src/domain/Menu/Acknowledgements/index.js
FN:15,SettingsRow
FN:30,MenuAcknowledgements
FN:41,(anonymous_2)
FN:45,(anonymous_3)
FN:49,(anonymous_4)
FN:55,(anonymous_5)
FN:61,(anonymous_6)
FN:67,(anonymous_7)
FN:73,(anonymous_8)
FN:79,(anonymous_9)
FN:85,(anonymous_10)
FN:91,(anonymous_11)
FN:97,(anonymous_12)
FN:103,(anonymous_13)
FN:109,(anonymous_14)
FN:113,(anonymous_15)
FN:119,(anonymous_16)
FN:125,(anonymous_17)
FN:131,(anonymous_18)
FN:137,(anonymous_19)
FN:143,(anonymous_20)
FN:149,(anonymous_21)
FNF:22
FNH:0
FNDA:0,SettingsRow
FNDA:0,MenuAcknowledgements
FNDA:0,(anonymous_2)
FNDA:0,(anonymous_3)
FNDA:0,(anonymous_4)
FNDA:0,(anonymous_5)
FNDA:0,(anonymous_6)
FNDA:0,(anonymous_7)
FNDA:0,(anonymous_8)
FNDA:0,(anonymous_9)
FNDA:0,(anonymous_10)
FNDA:0,(anonymous_11)
FNDA:0,(anonymous_12)
FNDA:0,(anonymous_13)
FNDA:0,(anonymous_14)
FNDA:0,(anonymous_15)
FNDA:0,(anonymous_16)
FNDA:0,(anonymous_17)
FNDA:0,(anonymous_18)
FNDA:0,(anonymous_19)
FNDA:0,(anonymous_20)
FNDA:0,(anonymous_21)
DA:16,0
DA:31,0
DA:32,0
DA:33,0
DA:34,0
DA:36,0
DA:41,0
DA:45,0
DA:50,0
DA:56,0
DA:62,0
DA:68,0
DA:74,0
DA:80,0
DA:86,0
DA:92,0
DA:98,0
DA:104,0
DA:109,0
DA:114,0
DA:120,0
DA:126,0
DA:132,0
DA:138,0
DA:144,0
DA:150,0
LF:26
LH:0
BRF:0
BRH:0
end_of_record
TN:
SF:src/domain/Menu/Help/index.js
FN:14,SettingsRow
FN:29,MenuHelp
FN:40,(anonymous_2)
FN:44,(anonymous_3)
FN:56,(anonymous_4)
FN:68,(anonymous_5)
FNF:6
FNH:0
FNDA:0,SettingsRow
FNDA:0,MenuHelp
FNDA:0,(anonymous_2)
FNDA:0,(anonymous_3)
FNDA:0,(anonymous_4)
FNDA:0,(anonymous_5)
DA:15,0
DA:30,0
DA:31,0
DA:32,0
DA:33,0
DA:35,0
DA:40,0
DA:45,0
DA:57,0
DA:69,0
LF:10
LH:0
BRF:0
BRH:0
end_of_record
TN:
SF:src/domain/Menu/Menu/index.tsx
FN:18,SettingsRow
FN:33,Menu
FN:37,(anonymous_2)
FN:40,(anonymous_3)
FN:41,(anonymous_4)
FN:44,(anonymous_5)
FN:58,(anonymous_6)
FN:64,(anonymous_7)
FN:71,(anonymous_8)
FN:76,(anonymous_9)
FN:93,(anonymous_10)
FN:102,(anonymous_11)
FN:105,(anonymous_12)
FN:112,(anonymous_13)
FN:115,(anonymous_14)
FN:118,(anonymous_15)
FN:124,(anonymous_16)
FN:128,(anonymous_17)
FN:133,(anonymous_18)
FN:138,(anonymous_19)
FN:144,(anonymous_20)
FNF:21
FNH:0
FNDA:0,SettingsRow
FNDA:0,Menu
FNDA:0,(anonymous_2)
FNDA:0,(anonymous_3)
FNDA:0,(anonymous_4)
FNDA:0,(anonymous_5)
FNDA:0,(anonymous_6)
FNDA:0,(anonymous_7)
FNDA:0,(anonymous_8)
FNDA:0,(anonymous_9)
FNDA:0,(anonymous_10)
FNDA:0,(anonymous_11)
FNDA:0,(anonymous_12)
FNDA:0,(anonymous_13)
FNDA:0,(anonymous_14)
FNDA:0,(anonymous_15)
FNDA:0,(anonymous_16)
FNDA:0,(anonymous_17)
FNDA:0,(anonymous_18)
FNDA:0,(anonymous_19)
FNDA:0,(anonymous_20)
DA:19,0
DA:34,0
DA:35,0
DA:36,0
DA:37,0
DA:38,0
DA:40,0
DA:41,0
DA:44,0
DA:45,0
DA:53,0
DA:58,0
DA:64,0
DA:71,0
DA:77,0
DA:95,0
DA:96,0
DA:98,0
DA:100,0
DA:101,0
DA:103,0
DA:105,0
DA:113,0
DA:114,0
DA:116,0
DA:118,0
DA:124,0
DA:128,0
DA:134,0
DA:139,0
DA:145,0
DA:150,0
LF:32
LH:0
BRDA:61,0,0,0
BRDA:61,0,1,0
BRDA:68,1,0,0
BRDA:68,1,1,0
BRDA:95,2,0,0
BRDA:95,2,1,0
BRDA:100,3,0,0
BRDA:100,3,1,0
BRDA:103,4,0,0
BRDA:103,4,1,0
BRDA:116,5,0,0
BRDA:116,5,1,0
BRDA:130,6,0,0
BRDA:130,6,1,0
BRDA:134,7,0,0
BRDA:134,7,1,0
BRDA:150,8,0,0
BRDA:150,8,1,0
BRF:18
BRH:0
end_of_record
TN:
SF:src/domain/Notifications/containers/Notifications/index.tsx
FN:17,Notifications
FN:22,(anonymous_1)
FN:24,(anonymous_2)
FN:29,(anonymous_3)
FN:31,(anonymous_4)
FN:42,(anonymous_5)
FN:59,(anonymous_6)
FN:63,(anonymous_7)
FN:70,(anonymous_8)
FN:72,(anonymous_9)
FN:78,(anonymous_10)
FN:83,loadMore
FN:103,handleSelectVideo
FN:123,(anonymous_13)
FN:124,(anonymous_14)
FN:130,(anonymous_15)
FN:152,(anonymous_16)
FN:155,(anonymous_17)
FN:162,(anonymous_18)
FN:164,(anonymous_19)
FNF:20
FNH:0
FNDA:0,Notifications
FNDA:0,(anonymous_1)
FNDA:0,(anonymous_2)
FNDA:0,(anonymous_3)
FNDA:0,(anonymous_4)
FNDA:0,(anonymous_5)
FNDA:0,(anonymous_6)
FNDA:0,(anonymous_7)
FNDA:0,(anonymous_8)
FNDA:0,(anonymous_9)
FNDA:0,(anonymous_10)
FNDA:0,loadMore
FNDA:0,handleSelectVideo
FNDA:0,(anonymous_13)
FNDA:0,(anonymous_14)
FNDA:0,(anonymous_15)
FNDA:0,(anonymous_16)
FNDA:0,(anonymous_17)
FNDA:0,(anonymous_18)
FNDA:0,(anonymous_19)
DA:18,0
DA:19,0
DA:20,0
DA:21,0
DA:22,0
DA:23,0
DA:24,0
DA:27,0
DA:28,0
DA:29,0
DA:30,0
DA:31,0
DA:33,0
DA:36,0
DA:40,0
DA:42,0
DA:43,0
DA:45,0
DA:46,0
DA:48,0
DA:49,0
DA:59,0
DA:60,0
DA:63,0
DA:64,0
DA:68,0
DA:71,0
DA:72,0
DA:78,0
DA:79,0
DA:80,0
DA:84,0
DA:86,0
DA:87,0
DA:89,0
DA:90,0
DA:91,0
DA:92,0
DA:95,0
DA:96,0
DA:97,0
DA:99,0
DA:104,0
DA:107,0
DA:123,0
DA:131,0
DA:153,0
DA:155,0
DA:162,0
DA:164,0
LF:50
LH:0
BRDA:45,0,0,0
BRDA:45,0,1,0
BRDA:48,1,0,0
BRDA:48,1,1,0
BRDA:83,2,0,0
BRDA:86,3,0,0
BRDA:86,3,1,0
BRDA:86,4,0,0
BRDA:86,4,1,0
BRDA:86,4,2,0
BRDA:91,5,0,0
BRDA:91,5,1,0
BRDA:110,6,0,0
BRDA:110,6,1,0
BRDA:119,7,0,0
BRDA:119,7,1,0
BRF:16
BRH:0
end_of_record
